   ******************************************
   *  Fit TB-model against ab initio data   *
   *        Least squares method            *
   ****************************************
 Problem : 

                    Test of fit input TB bandstructure (s)                      

   Protocol                 : lsqr.prt                                                    
   ab initio data           : energ.li                                                    
   TB paramters start       : fcc_s1.parm                                                 
   TB parameters final      : fcc_f.parm                                                  
   TB parameters fit cont.  : 

   Dimension  Hamiltonian :   1
   FORM of input data     : STANDARD

   Fit method             : least squares fit

   Weight factors for bands :
   All factors are 1.0


   Initial deviation      :   0.1847E+02
   Final deviation        :   0.3354E-29



                  In     |    Out 
   --------------------------------------
   EPSREL    0.0000E+00  |     0.0000E+00
      EFX    0.0000E+00  |     0.4517E-14
    EGRAD    0.0000E+00  |     0.8301E-13
    ITMAX   1000         |       4
   IPRINT      0         |      35
       IE      0         |       4


   Initial parameter set
   ----------------------
   spd Papa (-0.25, +0.25)                                     

    1       (ss0)     0.05360
    2     (sss)_1     1.13150
    3     (sss)_2     0.19430
    4     (sss)_3     0.15650

   ********************************************
   *         Result of the fit                *
   *     parameter    initial      final      *
   ********************************************

    1         (ss0)     0.05360   -0.326180E-15
    2       (sss)_1     1.13150    0.100000E+01
    3       (sss)_2     0.19430   -0.139019E-16
    4       (sss)_3     0.15650    0.244412E-16
