29
9
9	0.5	0.5	0.5	0.21339488425103872	0.34781646934227095	0.3478164693422712	0.4416835306577291	0.4416835306577294	0.50273	0.8594051157489613	1.5664699999999998	1.5664699999999998
9	0.4642857142857143	0.4642857142857143	0.4642857142857143	0.20976247766583245	0.34828666972593375	0.3482866697259339	0.44084073832824894	0.44084073832824905	0.4853322770637822	0.8942527235878606	1.5773922996975096	1.577392299697511
9	0.42857142857142855	0.42857142857142855	0.42857142857142855	0.1988974370484837	0.3496616242284352	0.34966162422843533	0.4383686598254765	0.43836865982547657	0.4476515729391779	0.9835580372226369	1.6096095405544468	1.609609540554448
9	0.39285714285714285	0.39285714285714285	0.39285714285714285	0.18090888178083883	0.3518321077049235	0.3518321077049239	0.4086897248454248	0.43443662044651193	0.4344366204465123	1.1061662450707805	1.6615011298130795	1.66150112981308
9	0.35714285714285715	0.35714285714285715	0.35714285714285715	0.15613560358860976	0.3546079154812003	0.35460791548120046	0.3768942326458284	0.4293294017105008	0.429329401710501	1.2499986990631955	1.7304587614311906	1.730458761431191
9	0.32142857142857145	0.32142857142857145	0.32142857142857145	0.12548564289384054	0.35451696479241357	0.3577033222616718	0.3577033222616724	0.42345501591690243	0.42345501591690293	1.4075197248486684	1.813019231494235	1.8130192314942355
9	0.2857142857142857	0.2857142857142857	0.2857142857142857	0.09058324738726412	0.34102896784470116	0.3607130587440832	0.3607130587440834	0.41736134234377686	0.41736134234377714	1.5723942728553706	1.9050393529266705	1.9050393529266711
9	0.25	0.25	0.25	0.05348439883950884	0.3347664737276965	0.36308970884151615	0.3630897088415163	0.4117512907028754	0.41175129070287564	1.7383891274327954	2.0019040004556086	2.0019040004556095
9	0.21428571428571427	0.21428571428571427	0.21428571428571427	0.016304993242345835	0.333800267273642	0.36419659334318216	0.3641965933431828	0.4074225239906688	0.4074225239906688	1.8991682513966766	2.0987571286516173	2.0987571286516173
9	0.17857142857142858	0.17857142857142858	0.17857142857142858	-0.0189680983519044	0.33630267586127893	0.3636006089892939	0.363600608989294	0.40496724709649967	0.40496724709649967	2.048423089955702	2.1907445742413962	2.190744574241398
9	0.14285714285714285	0.14285714285714285	0.14285714285714285	-0.050540903041494355	0.34066183087205226	0.36150870476273134	0.3615087047627316	0.40432845736121004	0.4043284573612102	2.1801305368718085	2.273256759253167	2.2732567592531674
9	0.10714285714285714	0.10714285714285714	0.10714285714285714	-0.07685118985180742	0.3455175806228127	0.358721445322633	0.3587214453226334	0.40483943164638964	0.40483943164639047	2.2888487575319507	2.342159265066462	2.342159265066462
9	0.07142857142857142	0.07142857142857142	0.07142857142857142	-0.09661370710286933	0.34978319703014166	0.3561138851786075	0.3561138851786079	0.4057365436512872	0.405736543651288	2.3700034628624302	2.3939997465617444	2.393999746561745
9	0.03571428571428571	0.03571428571428571	0.03571428571428571	-0.10886810719284146	0.35266518196154967	0.3543162694933323	0.3543162694933326	0.4064732341444035	0.4064732341444035	2.4201354469138163	2.4261807886105697	2.42618078861057
9	0.	0.	0.	-0.11301999999999993	0.35368	0.35368	0.35368	0.40674999999999994	0.40674999999999994	2.43709	2.43709	2.43709
9	0.	0.	0.07142857142857142	-0.10750004324622388	0.3523414242069007	0.35452884460518097	0.35452884460518097	0.40542682940580393	0.4073301910876256	2.4144704937681585	2.4226413061687504	2.4226413061687504
9	0.	0.	0.14285714285714285	-0.09138568241851203	0.3483843224797287	0.3571005901793749	0.3571005901793753	0.40167501714272236	0.4090331750191565	2.349183309307552	2.3802704244425623	2.3802704244425628
9	0.	0.	0.21428571428571427	-0.06590185360532332	0.3419833148021252	0.36145610029736597	0.361456100297366	0.3961208377711528	0.4117497514488469	2.2484589716374876	2.312804486442447	2.312804486442449
9	0.	0.	0.2857142857142857	-0.03274539995194689	0.3334249743091888	0.36765154256067273	0.36765154256067273	0.38972938003626834	0.41530929977294007	2.1228289965568514	2.22464135627174	2.22464135627174
9	0.	0.	0.35714285714285715	0.006313769122334925	0.3231002706791437	0.3756831838544541	0.3756831838544541	0.3837397892630164	0.41949514812447697	1.9841618696757073	2.1213261077846495	2.1213261077846495
9	0.	0.	0.42857142857142855	0.04967720609135663	0.31149252754607076	0.37974062361029265	0.3854315887551916	0.385431588755192	0.42406300047039425	1.8435109607458517	2.0090455056637047	2.0090455056637047
9	0.	0.	0.5	0.09556085690217984	0.2991600000000001	0.38017104751851205	0.39661875622964643	0.3966187562296466	0.42876000000000003	1.7092780955793088	1.894111243770352	1.8941112437703533
9	0.	0.	0.5714285714285714	0.14055339607391157	0.286712596340696	0.3895677059155521	0.40878716843375273	0.4087871684337528	0.4333421234163725	1.5861663022088304	1.7825016107709524	1.7825016107709535
9	0.	0.	0.6428571428571429	0.17798512532916588	0.27478297749101244	0.4155913703544766	0.42130349863329775	0.42130349863329775	0.43758810004567916	1.475210813063002	1.679517873142781	1.679517873142781
9	0.	0.	0.7142857142857143	0.20113147476281598	0.2639931499742003	0.43338543066945073	0.4333854306694508	0.4413088245104493	0.46488927586084583	1.374892814897074	1.5895864602897154	1.5895864602897154
9	0.	0.	0.7857142857142857	0.21062383203960236	0.2549185609144855	0.44415112522585853	0.44415112522585865	0.4443521242677637	0.5345300402189	1.283161629776271	1.516203498242748	1.5162034982427481
9	0.	0.	0.8571428571428571	0.2124157386893938	0.248052429350115	0.44660357681068735	0.4526969726355729	0.45269697263557296	0.6123657606661159	1.200463119805024	1.4619813493273073	1.4619813493273073
9	0.	0.	0.9285714285714286	0.21162737578058202	0.24377345190633265	0.4479846850256076	0.4582117843573493	0.4582117843573498	0.6796461939230294	1.1348329557228545	1.428732191245116	1.428732191245117
9	0.	0.	1.	0.21107402714974613	0.24231999999999998	0.44844999999999996	0.46012	0.4601200000000001	0.7083699999999998	1.1074359728502539	1.4175300000000002	1.4175300000000002