   ******************************************
   *  Fit TB-model against ab initio data   *
   ******************************************

 Problem : 

                    Test of fit input TB (spd) symmetry points                  

   Protocol                 : lsqr1_2.prt                                                 
   ab initio data           : energ.lis                                                   
   TB parameters start      : cu_c1_1.parm                                                
   TB parameters final      : cu_f1_2.parm                                                
   TB parameters fit cont.  : cu_c1_2.parm                                                
   TB paprameters fixed     :                                                             



   Dimension  Hamiltonian :   9
   FORM of input data     : STANDARD

   Initial parameter set
   ----------------------
   Cu_spd Papa (-0.02,0.02)                                    

    1     (sss)_1      -0.07460
    2     (sps)_1       0.06687
    3     (pps)_1       0.19613
    4     (ppp)_1       0.02552
    5     (sds)_1      -0.03518
    6     (pds)_1      -0.06794
    7     (pdp)_1      -0.00667
    8     (dds)_1      -0.02509
    9     (ddp)_1       0.01783
   10     (ddd)_1      -0.00473
   11     (sss)_2       0.00000
   12     (sps)_2       0.00000
   13     (pps)_2       0.00000
   14     (ppp)_2       0.00000
   15     (sds)_2       0.00000
   16     (pds)_2       0.00000
   17     (pdp)_2       0.00000
   18     (dds)_2       0.00000
   19     (ddp)_2       0.00000
   20     (ddd)_2       0.00000
   21       (ss0)       0.78219
   22       (pp0)       1.42210
   23       (dd0)       0.37244


   Fit method             : least squares fit

   Weight factors for bands :
       1.00      1.00      1.00      1.00      1.00      1.00      1.00      1.00      1.00


   Initial deviation      :   0.6838E-01
   Final deviation        :   0.2234E-29



                  In     |    Out 
   --------------------------------------
   EPSREL    0.0000E+00  |     0.0000E+00
      EFX    0.0000E+00  |     0.6008E-14
    EGRAD    0.0000E+00  |     0.6950E-13
    ITMAX   2000         |      23
   IPRINT      0         |     689
       IE      0         |       4


   ********************************************
   *         Result of the fit                *
   *     parameter    initial      final      *
   ********************************************

    1       (sss)_1    -0.07460   -0.751800E-01
    2       (sps)_1     0.06687    0.115710E+00
    3       (pps)_1     0.19613    0.196690E+00
    4       (ppp)_1     0.02552    0.194000E-01
    5       (sds)_1    -0.03518   -0.310700E-01
    6       (pds)_1    -0.06794   -0.328900E-01
    7       (pdp)_1    -0.00667    0.175300E-01
    8       (dds)_1    -0.02509   -0.256600E-01
    9       (ddp)_1     0.01783    0.180000E-01
   10       (ddd)_1    -0.00473   -0.408000E-02
   11       (sss)_2     0.00000   -0.920000E-03
   12       (sps)_2     0.00000    0.122100E-01
   13       (pps)_2     0.00000    0.538900E-01
   14       (ppp)_2     0.00000    0.846000E-02
   15       (sds)_2     0.00000   -0.852000E-02
   16       (pds)_2     0.00000   -0.536000E-02
   17       (pdp)_2     0.00000    0.321000E-02
   18       (dds)_2     0.00000   -0.451000E-02
   19       (ddp)_2     0.00000    0.241000E-02
   20       (ddd)_2     0.00000   -0.290000E-03
   21         (ss0)     0.78219    0.794660E+00
   22         (pp0)     1.42210    0.135351E+01
   23         (dd0)     0.37244    0.370000E+00
