   ******************************************
   *  Fit TB-model against ab initio data   *
   ******************************************

 Problem : 

                    Test of fit input TB (spd) symmetry points                  

   Protocol                 : lsqr2_1.prt                                                 
   ab initio data           : energ.sy                                                    
   TB parameters start      : cu_spdn1.parm                                               
   TB parameters final      : cu_f2_1.parm                                                
   TB parameters fit cont.  : cu_c2_1.parm                                                
   TB paprameters fixed     : fix.parm                                                    



   Dimension  Hamiltonian :   9
   FORM of input data     : STANDARD

   Initial parameter set
   ----------------------
   Cu_spd Papa (-0.02,0.02)                                    


    1     (sss)_1      -0.11621
    2     (sps)_1       0.09382
    3     (pps)_1       0.16003
    4     (ppp)_1       0.03043
    5     (sds)_1      -0.00232
    6     (pds)_1       0.00430
    7     (pdp)_1      -0.00458
    8     (dds)_1      -0.06471
    9     (ddp)_1       0.00144
   10     (ddd)_1       0.00445
   11     (sss)_2       0.03266 parameter fixed to :      0.00000
   12     (sps)_2       0.02062 parameter fixed to :      0.00000
   13     (pps)_2       0.10299 parameter fixed to :      0.00000
   14     (ppp)_2       0.00324 parameter fixed to :      0.00000
   15     (sds)_2      -0.00576 parameter fixed to :      0.00000
   16     (pds)_2       0.01263 parameter fixed to :      0.00000
   17     (pdp)_2       0.04218 parameter fixed to :      0.00000
   18     (dds)_2      -0.03189 parameter fixed to :      0.00000
   19     (ddp)_2       0.00224 parameter fixed to :      0.00000
   20     (ddd)_2      -0.04564 parameter fixed to :      0.00000
   21       (ss0)       0.76957
   22       (pp0)       1.30656
   23       (dd0)       0.41918


   Fit method             : least squares fit

   Weight factors for bands :
       1.00      1.00      1.00      1.00      1.00      1.00      1.00      1.00      1.00


   Initial deviation      :   0.2027E+00
   Final deviation        :   0.4231E-01



                  In     |    Out 
   --------------------------------------
   EPSREL    0.0000E+00  |     0.0000E+00
      EFX    0.0000E+00  |     0.5795E+00
    EGRAD    0.0000E+00  |     0.9774E-07
    ITMAX   2000         |     163
   IPRINT      0         |    2610
       IE      0         |       4


   ********************************************
   *         Result of the fit                *
   *     parameter    initial      final      *
   ********************************************

    1       (sss)_1    -0.11621   -0.910625E-01
    2       (sps)_1     0.09382   -0.202692E+00
    3       (pps)_1     0.16003    0.184060E+00
    4       (ppp)_1     0.03043    0.400536E-01
    5       (sds)_1    -0.00232    0.244460E-02
    6       (pds)_1     0.00430   -0.261067E-01
    7       (pdp)_1    -0.00458    0.453338E-01
    8       (dds)_1    -0.06471   -0.235151E-01
    9       (ddp)_1     0.00144    0.197481E-01
   10       (ddd)_1     0.00445   -0.771240E-02
   11       (sss)_2     0.00000    0.000000E+00
   12       (sps)_2     0.00000    0.000000E+00
   13       (pps)_2     0.00000    0.000000E+00
   14       (ppp)_2     0.00000    0.000000E+00
   15       (sds)_2     0.00000    0.000000E+00
   16       (pds)_2     0.00000    0.000000E+00
   17       (pdp)_2     0.00000    0.000000E+00
   18       (dds)_2     0.00000    0.000000E+00
   19       (ddp)_2     0.00000    0.000000E+00
   20       (ddd)_2     0.00000    0.000000E+00
   21         (ss0)     0.76957    0.966503E+00
   22         (pp0)     1.30656    0.136141E+01
   23         (dd0)     0.41918    0.371991E+00
