   ******************************************
   *  Fit TB-model against ab initio data   *
   ******************************************

 Problem : 

                    Test of fit input TB (spd) symmetry points                  

   Protocol                 : lsqr2_2.prt                                                 
   ab initio data           : energ.lis                                                   
   TB parameters start      : cu_c2_1.parm                                                
   TB parameters final      : cu_f2_2.parm                                                
   TB parameters fit cont.  : cu_c2_2.parm                                                
   TB paprameters fixed     :                                                             



   Dimension  Hamiltonian :   9
   FORM of input data     : STANDARD

   Initial parameter set
   ----------------------
   Cu_spd Papa (-0.02,0.02)                                    

    1     (sss)_1      -0.09106
    2     (sps)_1      -0.20269
    3     (pps)_1       0.18406
    4     (ppp)_1       0.04005
    5     (sds)_1       0.00244
    6     (pds)_1      -0.02611
    7     (pdp)_1       0.04533
    8     (dds)_1      -0.02352
    9     (ddp)_1       0.01975
   10     (ddd)_1      -0.00771
   11     (sss)_2       0.00000
   12     (sps)_2       0.00000
   13     (pps)_2       0.00000
   14     (ppp)_2       0.00000
   15     (sds)_2       0.00000
   16     (pds)_2       0.00000
   17     (pdp)_2       0.00000
   18     (dds)_2       0.00000
   19     (ddp)_2       0.00000
   20     (ddd)_2       0.00000
   21       (ss0)       0.96650
   22       (pp0)       1.36141
   23       (dd0)       0.37199


   Fit method             : least squares fit

   Weight factors for bands :
       1.00      1.00      1.00      1.00      1.00      1.00      1.00      1.00      1.00


   Initial deviation      :   0.2114E+00
   Final deviation        :   0.1777E-01



                  In     |    Out 
   --------------------------------------
   EPSREL    0.0000E+00  |     0.0000E+00
      EFX    0.0000E+00  |     0.5358E+00
    EGRAD    0.0000E+00  |     0.9268E-07
    ITMAX   2000         |      20
   IPRINT      0         |     738
       IE      0         |       4


   ********************************************
   *         Result of the fit                *
   *     parameter    initial      final      *
   ********************************************

    1       (sss)_1    -0.09106   -0.949012E-01
    2       (sps)_1    -0.20269   -0.119148E+00
    3       (pps)_1     0.18406    0.197266E+00
    4       (ppp)_1     0.04005    0.287659E-01
    5       (sds)_1     0.00244    0.326189E-01
    6       (pds)_1    -0.02611    0.102272E+00
    7       (pdp)_1     0.04533   -0.742109E-01
    8       (dds)_1    -0.02352   -0.260987E-01
    9       (ddp)_1     0.01975    0.183147E-01
   10       (ddd)_1    -0.00771   -0.396853E-02
   11       (sss)_2     0.00000    0.207654E-01
   12       (sps)_2     0.00000   -0.375465E-02
   13       (pps)_2     0.00000    0.151703E-01
   14       (ppp)_2     0.00000    0.175670E-01
   15       (sds)_2     0.00000    0.529429E-01
   16       (pds)_2     0.00000   -0.557977E-03
   17       (pdp)_2     0.00000   -0.193841E-01
   18       (dds)_2     0.00000   -0.468054E-02
   19       (ddp)_2     0.00000    0.230082E-02
   20       (ddd)_2     0.00000   -0.685401E-03
   21         (ss0)     0.96650    0.902582E+00
   22         (pp0)     1.36141    0.131516E+01
   23         (dd0)     0.37199    0.371429E+00
