   ******************************************
   *  Fit TB-model against ab initio data   *
   ******************************************

 Problem : 

                    Test of fit input TB (spd) symmetry points                  

   Protocol                 : lsqr2_3.prt                                                 
   ab initio data           : energ.li                                                    
   TB parameters start      : cu_c2_2.parm                                                
   TB parameters final      : cu_f2_3.parm                                                
   TB parameters fit cont.  : cu_c2_3.parm                                                
   TB paprameters fixed     :                                                             



   Dimension  Hamiltonian :   9
   FORM of input data     : STANDARD

   Initial parameter set
   ----------------------
   Cu_spd Papa (-0.02,0.02)                                    

    1     (sss)_1      -0.09490
    2     (sps)_1      -0.11915
    3     (pps)_1       0.19727
    4     (ppp)_1       0.02877
    5     (sds)_1       0.03262
    6     (pds)_1       0.10227
    7     (pdp)_1      -0.07421
    8     (dds)_1      -0.02610
    9     (ddp)_1       0.01831
   10     (ddd)_1      -0.00397
   11     (sss)_2       0.02077
   12     (sps)_2      -0.00375
   13     (pps)_2       0.01517
   14     (ppp)_2       0.01757
   15     (sds)_2       0.05294
   16     (pds)_2      -0.00056
   17     (pdp)_2      -0.01938
   18     (dds)_2      -0.00468
   19     (ddp)_2       0.00230
   20     (ddd)_2      -0.00069
   21       (ss0)       0.90258
   22       (pp0)       1.31516
   23       (dd0)       0.37143


   Fit method             : least squares fit

   Weight factors for bands :
       1.00      1.00      1.00      1.00      1.00      1.00      1.00      1.00      1.00


   Initial deviation      :   0.1567E+00
   Final deviation        :   0.2866E-01



                  In     |    Out 
   --------------------------------------
   EPSREL    0.0000E+00  |     0.0000E+00
      EFX    0.0000E+00  |     0.7509E+00
    EGRAD    0.0000E+00  |     0.3279E-03
    ITMAX   2000         |      80
   IPRINT      0         |    2187
       IE      0         |       4


   ********************************************
   *         Result of the fit                *
   *     parameter    initial      final      *
   ********************************************

    1       (sss)_1    -0.09490   -0.929685E-01
    2       (sps)_1    -0.11915   -0.114688E+00
    3       (pps)_1     0.19727    0.189642E+00
    4       (ppp)_1     0.02877    0.313712E-01
    5       (sds)_1     0.03262    0.376856E-01
    6       (pds)_1     0.10227    0.161802E-01
    7       (pdp)_1    -0.07421    0.137600E-01
    8       (dds)_1    -0.02610   -0.258470E-01
    9       (ddp)_1     0.01831    0.181252E-01
   10       (ddd)_1    -0.00397   -0.366472E-02
   11       (sss)_2     0.02077    0.244627E-01
   12       (sps)_2    -0.00375   -0.649058E-02
   13       (pps)_2     0.01517    0.632704E-01
   14       (ppp)_2     0.01757   -0.860686E-02
   15       (sds)_2     0.05294    0.850348E-02
   16       (pds)_2    -0.00056    0.938669E-02
   17       (pdp)_2    -0.01938   -0.436357E-01
   18       (dds)_2    -0.00468   -0.578987E-02
   19       (ddp)_2     0.00230    0.228811E-02
   20       (ddd)_2    -0.00069    0.157182E-03
   21         (ss0)     0.90258    0.862223E+00
   22         (pp0)     1.31516    0.133117E+01
   23         (dd0)     0.37143    0.369890E+00
