   ******************************************
   *  Fit TB-model against ab initio data   *
   ******************************************

 Problem : 

                    Test of fit input TB (spd) symmetry points                  

   Protocol                 : lsqr1_1.prt                                                 
   ab initio data           : energ.sy                                                    
   TB parameters start      : cu_spdn1.parm                                               
   TB parameters final      : cu_f1_1.parm                                                
   TB parameters fit cont.  : cu_c1_1.parm                                                
   TB paprameters fixed     : fix.parm                                                    



   Dimension  Hamiltonian :   9
   FORM of input data     : STANDARD

   Initial parameter set
   ----------------------
   Cu_spd Papa (-0.02,0.02)                                    


    1     (sss)_1      -0.07675
    2     (sps)_1       0.11103
    3     (pps)_1       0.18857
    4     (ppp)_1       0.00013
    5     (sds)_1      -0.02297
    6     (pds)_1      -0.03860
    7     (pdp)_1       0.02687
    8     (dds)_1      -0.02823
    9     (ddp)_1       0.03336
   10     (ddd)_1      -0.01895
   11     (sss)_2      -0.00155 parameter fixed to :      0.00000
   12     (sps)_2       0.00987 parameter fixed to :      0.00000
   13     (pps)_2       0.06348 parameter fixed to :      0.00000
   14     (ppp)_2       0.00558 parameter fixed to :      0.00000
   15     (sds)_2      -0.02300 parameter fixed to :      0.00000
   16     (pds)_2       0.01279 parameter fixed to :      0.00000
   17     (pdp)_2       0.01176 parameter fixed to :      0.00000
   18     (dds)_2      -0.01600 parameter fixed to :      0.00000
   19     (ddp)_2       0.01155 parameter fixed to :      0.00000
   20     (ddd)_2      -0.01353 parameter fixed to :      0.00000
   21       (ss0)       0.79617
   22       (pp0)       1.33986
   23       (dd0)       0.36643


   Fit method             : least squares fit

   Weight factors for bands :
       1.00      1.00      1.00      1.00      1.00      1.00      1.00      1.00      1.00


   Initial deviation      :   0.1166E+00
   Final deviation        :   0.2629E-01



                  In     |    Out 
   --------------------------------------
   EPSREL    0.0000E+00  |     0.0000E+00
      EFX    0.0000E+00  |     0.4568E+00
    EGRAD    0.0000E+00  |     0.3782E-02
    ITMAX   2000         |       8
   IPRINT      0         |     262
       IE      0         |       4


   ********************************************
   *         Result of the fit                *
   *     parameter    initial      final      *
   ********************************************

    1       (sss)_1    -0.07675   -0.746126E-01
    2       (sps)_1     0.11103    0.668771E-01
    3       (pps)_1     0.18857    0.196128E+00
    4       (ppp)_1     0.00013    0.255161E-01
    5       (sds)_1    -0.02297   -0.351850E-01
    6       (pds)_1    -0.03860   -0.679643E-01
    7       (pdp)_1     0.02687   -0.665414E-02
    8       (dds)_1    -0.02823   -0.250979E-01
    9       (ddp)_1     0.03336    0.178373E-01
   10       (ddd)_1    -0.01895   -0.473998E-02
   11       (sss)_2     0.00000    0.000000E+00
   12       (sps)_2     0.00000    0.000000E+00
   13       (pps)_2     0.00000    0.000000E+00
   14       (ppp)_2     0.00000    0.000000E+00
   15       (sds)_2     0.00000    0.000000E+00
   16       (pds)_2     0.00000    0.000000E+00
   17       (pdp)_2     0.00000    0.000000E+00
   18       (dds)_2     0.00000    0.000000E+00
   19       (ddp)_2     0.00000    0.000000E+00
   20       (ddd)_2     0.00000    0.000000E+00
   21         (ss0)     0.79617    0.782196E+00
   22         (pp0)     1.33986    0.142209E+01
   23         (dd0)     0.36643    0.372425E+00
