   ******************************************
   *  Fit TB-model against ab initio data   *
   ******************************************

 Problem : 

                    Test of fit input TB (spd) symmetry points                  

   Protocol                 : lsqr2_4.prt                                                 
   ab initio data           : energ.li                                                    
   TB parameters start      : cu_c2_3.parm                                                
   TB parameters final      : cu_f2_4.parm                                                
   TB parameters fit cont.  : cu_c2_4.parm                                                
   TB paprameters fixed     :                                                             



   Dimension  Hamiltonian :   9
   FORM of input data     : STANDARD

   Initial parameter set
   ----------------------
   Cu_spd Papa (-0.02,0.02)                                    

    1     (sss)_1      -0.09297
    2     (sps)_1      -0.11469
    3     (pps)_1       0.18964
    4     (ppp)_1       0.03137
    5     (sds)_1       0.03769
    6     (pds)_1       0.01618
    7     (pdp)_1       0.01376
    8     (dds)_1      -0.02585
    9     (ddp)_1       0.01813
   10     (ddd)_1      -0.00366
   11     (sss)_2       0.02446
   12     (sps)_2      -0.00649
   13     (pps)_2       0.06327
   14     (ppp)_2      -0.00861
   15     (sds)_2       0.00850
   16     (pds)_2       0.00939
   17     (pdp)_2      -0.04364
   18     (dds)_2      -0.00579
   19     (ddp)_2       0.00229
   20     (ddd)_2       0.00016
   21       (ss0)       0.86222
   22       (pp0)       1.33117
   23       (dd0)       0.36989


   Fit method             : least squares fit

   Weight factors for bands :
       1.00      1.00      1.00      1.00      1.00      1.00      0.00      0.00      0.00


   Initial deviation      :   0.3221E-02
   Final deviation        :   0.8935E-30



                  In     |    Out 
   --------------------------------------
   EPSREL    0.0000E+00  |     0.0000E+00
      EFX    0.0000E+00  |     0.4192E-14
    EGRAD    0.0000E+00  |     0.1525E-13
    ITMAX   2000         |      17
   IPRINT      0         |     520
       IE      0         |       4


   ********************************************
   *         Result of the fit                *
   *     parameter    initial      final      *
   ********************************************

    1       (sss)_1    -0.09297   -0.751800E-01
    2       (sps)_1    -0.11469   -0.115710E+00
    3       (pps)_1     0.18964    0.196690E+00
    4       (ppp)_1     0.03137    0.194000E-01
    5       (sds)_1     0.03769    0.310700E-01
    6       (pds)_1     0.01618   -0.328900E-01
    7       (pdp)_1     0.01376    0.175300E-01
    8       (dds)_1    -0.02585   -0.256600E-01
    9       (ddp)_1     0.01813    0.180000E-01
   10       (ddd)_1    -0.00366   -0.408000E-02
   11       (sss)_2     0.02446   -0.920000E-03
   12       (sps)_2    -0.00649   -0.122100E-01
   13       (pps)_2     0.06327    0.538900E-01
   14       (ppp)_2    -0.00861    0.846000E-02
   15       (sds)_2     0.00850    0.852000E-02
   16       (pds)_2     0.00939   -0.536000E-02
   17       (pdp)_2    -0.04364    0.321000E-02
   18       (dds)_2    -0.00579   -0.451000E-02
   19       (ddp)_2     0.00229    0.241000E-02
   20       (ddd)_2     0.00016   -0.290000E-03
   21         (ss0)     0.86222    0.794660E+00
   22         (pp0)     1.33117    0.135351E+01
   23         (dd0)     0.36989    0.370000E+00
