   ******************************************
   *  Fit TB-model against ab initio data   *
   ******************************************
 
 Problem : 

                    Test of fit input TB bandstructure (spd)                    

   Protocol                 : sim1_3.prt                                                  
   ab initio data           : energ.li                                                    
   TB parameters start      : cu_c1_2.parm                                                
   TB parameters final      : cu_f1_3.parm                                                
   TB parameters fit cont.  : cu_c1_3.parm                                                
   TB paprameters fixed     :                                                             


 
   Dimension  Hamiltonian :   9
   FORM of input data     : STANDARD
 
   Initial parameter set
   ----------------------
   Cu_spd Papa (-0.02,0.02)                                    
 
    1     (sss)_1      -0.07480
    2     (sps)_1       0.11318
    3     (pps)_1       0.19673
    4     (ppp)_1       0.01911
    5     (sds)_1      -0.03140
    6     (pds)_1       0.01159
    7     (pdp)_1      -0.03378
    8     (dds)_1      -0.02537
    9     (ddp)_1       0.01848
   10     (ddd)_1      -0.00460
   11     (sss)_2      -0.00079
   12     (sps)_2       0.01483
   13     (pps)_2       0.05527
   14     (ppp)_2       0.00821
   15     (sds)_2       0.02171
   16     (pds)_2       0.00081
   17     (pdp)_2      -0.00173
   18     (dds)_2      -0.00445
   19     (ddp)_2       0.00188
   20     (ddd)_2      -0.00030
   21       (ss0)       0.78880
   22       (pp0)       1.35222
   23       (dd0)       0.37196
 
 
   Fit method             : simplex Nelder-Mead
 
   Initial deviation      :   0.9676E-03
   Final deviation        :   0.3666E-03

 
                  In/OUT 
   --------------------------------------
    MAXFN  50000
     STOP    0.1000E-09
    NLOOP    100
   icount  42171
   numres    237
   ifault      0
 
 
   ********************************************
   *         Result of the fit                *
   *     parameter    initial      final      *
   ********************************************
 
    1       (sss)_1    -0.07513   -0.748011E-01
    2       (sps)_1     0.11395    0.113181E+00
    3       (pps)_1     0.19656    0.196734E+00
    4       (ppp)_1     0.01934    0.191054E-01
    5       (sds)_1    -0.03004   -0.313997E-01
    6       (pds)_1     0.03893    0.115876E-01
    7       (pdp)_1    -0.03335   -0.337790E-01
    8       (dds)_1    -0.02566   -0.253743E-01
    9       (ddp)_1     0.01822    0.184791E-01
   10       (ddd)_1    -0.00420   -0.460314E-02
   11       (sss)_2    -0.00123   -0.786962E-03
   12       (sps)_2     0.01538    0.148313E-01
   13       (pps)_2     0.05356    0.552684E-01
   14       (ppp)_2     0.00877    0.821101E-02
   15       (sds)_2     0.03182    0.217144E-01
   16       (pds)_2     0.04560    0.806101E-03
   17       (pdp)_2    -0.00259   -0.172729E-02
   18       (dds)_2    -0.00440   -0.444666E-02
   19       (ddp)_2     0.00258    0.187935E-02
   20       (ddd)_2    -0.00049   -0.298744E-03
   21         (ss0)     0.79586    0.788804E+00
   22         (pp0)     1.35379    0.135222E+01
   23         (dd0)     0.36958    0.371959E+00
