   ******************************************
   *  Fit TB-model against ab initio data   *
   ******************************************
 
 Problem : 

                    Test of fit input TB bandstructure (spd)                    

   Protocol                 : sim2_1.prt                                                  
   ab initio data           : energ.sy                                                    
   TB parameters start      : cu_spdn1.parm                                               
   TB parameters final      : cu_f2_1.parm                                                
   TB parameters fit cont.  : cu_c2_1.parm                                                
   TB paprameters fixed     :                                                             


 
   Dimension  Hamiltonian :   9
   FORM of input data     : STANDARD
 
   Initial parameter set
   ----------------------
   Cu_spd Papa (-0.02,0.02)                                    
 
    1     (sss)_1      -0.07717
    2     (sps)_1       0.15376
    3     (pps)_1       0.19752
    4     (ppp)_1       0.01958
    5     (sds)_1      -0.00635
    6     (pds)_1       0.01781
    7     (pdp)_1       0.01636
    8     (dds)_1      -0.02455
    9     (ddp)_1       0.02110
   10     (ddd)_1      -0.00734
   11     (sss)_2      -0.00479
   12     (sps)_2       0.03240
   13     (pps)_2       0.07458
   14     (ppp)_2      -0.00177
   15     (sds)_2      -0.04850
   16     (pds)_2       0.05555
   17     (pdp)_2       0.02887
   18     (dds)_2      -0.00504
   19     (ddp)_2       0.00296
   20     (ddd)_2       0.00124
   21       (ss0)       0.84031
   22       (pp0)       1.34891
   23       (dd0)       0.36361
 
 
   Fit method             : simplex Nelder-Mead
 
   Initial deviation      :   0.1023E-01
   Final deviation        :   0.1307E-02

 
                  In/OUT 
   --------------------------------------
    MAXFN  50000
     STOP    0.1000E-09
    NLOOP    100
   icount   9251
   numres     49
   ifault      0
 
 
   ********************************************
   *         Result of the fit                *
   *     parameter    initial      final      *
   ********************************************
 
    1       (sss)_1    -0.07675   -0.771770E-01
    2       (sps)_1     0.11103    0.153871E+00
    3       (pps)_1     0.18857    0.197523E+00
    4       (ppp)_1     0.00013    0.195759E-01
    5       (sds)_1    -0.02297   -0.638720E-02
    6       (pds)_1    -0.03860    0.179186E-01
    7       (pdp)_1     0.02687    0.163888E-01
    8       (dds)_1    -0.02823   -0.245541E-01
    9       (ddp)_1     0.03336    0.211001E-01
   10       (ddd)_1    -0.01895   -0.732674E-02
   11       (sss)_2    -0.00155   -0.479175E-02
   12       (sps)_2     0.00987    0.323863E-01
   13       (pps)_2     0.06348    0.745747E-01
   14       (ppp)_2     0.00558   -0.175706E-02
   15       (sds)_2    -0.02300   -0.485322E-01
   16       (pds)_2     0.01279    0.553885E-01
   17       (pdp)_2     0.01176    0.289801E-01
   18       (dds)_2    -0.01600   -0.504355E-02
   19       (ddp)_2     0.01155    0.295968E-02
   20       (ddd)_2    -0.01353    0.125206E-02
   21         (ss0)     0.79617    0.840291E+00
   22         (pp0)     1.33986    0.134891E+01
   23         (dd0)     0.36643    0.363616E+00
