                     ********************************************
                     *       Calculation of energy bands        *
                     *------------------------------------------*
                     *       semi-empirical model (ETBM)        *
                     ********************************************

 Problem              : Cu band structure spd-Hamiltonian                           

 Protocol             : bands.prt                                                   
 Band structure       : bands.bnd                                                   
 Matrix elements      :                                                             
 ETBM parameters      : cu.parm                                                     
 k-vectors            : kfcc.lin                                                    




 Dimension of Hamiltonian   hdim  =     9
 Number of k-vektors        nkp   =    25
 Number of ETB-parameters   nparm =    26
 Energy values for DOS calcuation       F
 Weights for DOS calcuation             F

 Source of ETB-parameters           Cu parameters from Papaconstantopoulos                      



 Set of TB parameters
 --------------------
     1 |                   (sss)_1   -0.0752
     2 |                   (sps)_1    0.1157
     3 |                   (pps)_1    0.1967
     4 |                   (ppp)_1    0.0194
     5 |                   (sds)_1   -0.0311
     6 |                   (pds)_1   -0.0329
     7 |                   (pdp)_1    0.0175
     8 |                   (dds)_1   -0.0257
     9 |                   (ddp)_1    0.0180
    10 |                   (ddd)_1   -0.0041
    11 |                   (sss)_2   -0.0009
    12 |                   (sps)_2    0.0122
    13 |                   (pps)_2    0.0539
    14 |                   (ppp)_2    0.0085
    15 |                   (sds)_2   -0.0085
    16 |                   (pds)_2   -0.0054
    17 |                   (pdp)_2    0.0032
    18 |                   (dds)_2   -0.0045
    19 |                   (ddp)_2    0.0024
    20 |                   (ddd)_2   -0.0003
    21 |                     (ss0)    0.7947
    22 |                     (pp0)    1.3535
    23 |                     (dd0)    0.3700
    24 |                     (dd1)    0.3731
    25 |                     (dd2)    0.3718
    26 |                     (pd0)    0.0000

