   9.008400043      0.3118356582E-03   1.627719264    
   10.31731287      0.3117893357E-03   1.627680628    
   11.62622570      0.3117341487E-03   1.627642336    
   12.93513852      0.3116159185E-03   1.627601379    
   14.24405135      0.3114288316E-03   1.627563748    
   15.55296418      0.3111210218E-03   1.627529219    
   16.86187700      0.3106876471E-03   1.627505157    
   18.17078983      0.3100606046E-03   1.627489173    
   19.47970266      0.3091967321E-03   1.627482472    
   20.78861548      0.3080973075E-03   1.627492409    
   22.09752831      0.3067668451E-03   1.627526037    
   23.40644114      0.3051459822E-03   1.627580468    
   24.71535396      0.3031594502E-03   1.627650605    
   26.02426679      0.3008686836E-03   1.627749922    
   27.33317962      0.2981081988E-03   1.627860999    
   28.64209244      0.2950244650E-03   1.628007600    
   29.95100527      0.2915254312E-03   1.628181674    
   31.25991810      0.2874935620E-03   1.628373318    
   32.56883093      0.2831121738E-03   1.628608114    
   33.87774375      0.2780315610E-03   1.628850715    
   35.18665658      0.2725634454E-03   1.629139782    
   36.49556941      0.2664373923E-03   1.629450967    
   37.80448223      0.2595955457E-03   1.629784711    
   39.11339506      0.2519681977E-03   1.630141234    
   40.42230789      0.2436449652E-03   1.630535009    
   41.73122071      0.2345669555E-03   1.630966939    
   43.04013354      0.2242449798E-03   1.631408697    
   44.34904637      0.2129163086E-03   1.631889293    
   45.65795919      0.2001779896E-03   1.632394436    
   46.96687202      0.1857296796E-03   1.632924170    
   48.27578485      0.1694516574E-03   1.633493861    
   49.58469767      0.1504018182E-03   1.634088426    
   50.89361050      0.1268544422E-03   1.634692635    
   52.20252333      0.9675535671E-04   1.635337122    
   53.51143615      0.5087957239E-04   1.636008052    
   54.82034898      0.3311963115E-05   1.636246055    
   56.12926181      0.6260162337E-08   1.636235027    
   57.43817463      0.6725021776E-09   1.636248853    
   58.74708746      0.4939909173E-09   1.636229226    
   60.05600029      0.3902363605E-09   1.636236967    
   61.36491311      0.3826036654E-09   1.636241922    
   62.67382594      0.2751678274E-09   1.636244131    
   63.98273877      0.2679804327E-09   1.636243609    
   65.29165159      0.2108573751E-09   1.636240354    
   66.60056442      0.2040227374E-09   1.636234339    
   67.90947725      0.1968934629E-09   1.636260924    
   69.21839008      0.1556598259E-09   1.636250290    
   70.52730290      0.1492274611E-09   1.636236805    
   71.83621573      0.1427001080E-09   1.636257959    
   73.14512856      0.1360788407E-09   1.636239790    
   74.45404138      0.1294142165E-09   1.636257523    
   75.76295421      0.1227235578E-09   1.636234541    
   77.07186704      0.1160626270E-09   1.636248973    
   78.38077986      0.1094649588E-09   1.636261871    
   79.68969269      0.1029503539E-09   1.636232110    
   80.99860552      0.9656717730E-10   1.636241802    
   82.30751834      0.9034110839E-10   1.636250051    
   83.61643117      0.8429629457E-10   1.636256889    
   84.92534400      0.7845346586E-10   1.636262344    
   86.23425682      0.7281908718E-10   1.636221510    
   87.54316965      0.6742087380E-10   1.636223679    
   88.85208248      0.6226782232E-10   1.636224456    
   90.16099530      0.5736736740E-10   1.636223843    
   91.46990813      0.5272419368E-10   1.636221838    
   92.77882096      0.4834830956E-10   1.636266829    
   94.08773378      0.4422923769E-10   1.636262896    
   95.39664661      0.4036595729E-10   1.636257602    
   96.70555944      0.3675447802E-10   1.636250928    
   98.01447226      0.3338913961E-10   1.636242846    
   99.32338509      0.3026289007E-10   1.636233326    
   100.6322979      0.2736753061E-10   1.636222329    
   101.9412107      0.2469846797E-10   1.636263290    
   103.2501236      0.2223986072E-10   1.636250569    
   104.5590364      0.1998211478E-10   1.636236320    
   105.8679492      0.1791462708E-10   1.636220485    
   107.1768621      0.1602967268E-10   1.636259501    
   108.4857749      0.1431211525E-10   1.636241962    
   109.7946877      0.1275159766E-10   1.636222739    
   111.1036005      0.1133977273E-10   1.636260331    
   112.4125134      0.1006306032E-10   1.636239387    
   113.7214262      0.8911707915E-11   1.636216624    
   115.0303390      0.7877671814E-11   1.636253078    
   116.3392518      0.6949325140E-11   1.636228534    
   117.6481647      0.6119406437E-11   1.636263920    
   118.9570775      0.5377710842E-11   1.636237572    
   120.2659903      0.4717628097E-11   1.636271998    
   121.5749031      0.4130330616E-11   1.636243810    
   122.8838160      0.3609108177E-11   1.636213450    
   124.1927288      0.3148316061E-11   1.636247295    
   125.5016416      0.2741005941E-11   1.636214935    
   126.8105545      0.2382421808E-11   1.636248054    
   128.1194673      0.2066767785E-11   1.636213615    
   129.4283801      0.1790012080E-11   1.636246094    
   130.7372929      0.1547374966E-11   1.636209480    
   132.0462058      0.1335489245E-11   1.636241400    
   133.3551186      0.1150752386E-11   1.636272388    
   134.6640314      0.9897231530E-12   1.636233934    
   135.9729442      0.8499041019E-12   1.636264471    
   137.2818571      0.7284968289E-12   1.636223638    
   138.5907699      0.6234812811E-12   1.636253793    
