+------------------------------+
|     Eliashberg equations     |
+------------------------------+
 
Temperature range :    7.699487216       138.5907699    
Number of temperature steps :    100
Number of output frequencies :     2000
Fermionic Matsubara frequency cut-off
 phonons :   0.1209568538    
 Coulomb :   0.6047842688E-02
 
Temperature (kelvin) :    9.008400043    
Number of Matsubara frequencies
 phonons :      675
 Coulomb :      675
Eliashberg equations converged in     99 iterations
 
Temperature (kelvin) :    10.31731287    
Number of Matsubara frequencies
 phonons :      589
 Coulomb :      589
Eliashberg equations converged in     77 iterations
 
Temperature (kelvin) :    11.62622570    
Number of Matsubara frequencies
 phonons :      523
 Coulomb :      523
Eliashberg equations converged in     76 iterations
 
Temperature (kelvin) :    12.93513852    
Number of Matsubara frequencies
 phonons :      470
 Coulomb :      470
Eliashberg equations converged in     76 iterations
 
Temperature (kelvin) :    14.24405135    
Number of Matsubara frequencies
 phonons :      427
 Coulomb :      427
Eliashberg equations converged in     75 iterations
 
Temperature (kelvin) :    15.55296418    
Number of Matsubara frequencies
 phonons :      391
 Coulomb :      391
Eliashberg equations converged in     75 iterations
 
Temperature (kelvin) :    16.86187700    
Number of Matsubara frequencies
 phonons :      361
 Coulomb :      361
Eliashberg equations converged in     75 iterations
 
Temperature (kelvin) :    18.17078983    
Number of Matsubara frequencies
 phonons :      335
 Coulomb :      335
Eliashberg equations converged in     76 iterations
 
Temperature (kelvin) :    19.47970266    
Number of Matsubara frequencies
 phonons :      312
 Coulomb :      312
Eliashberg equations converged in     77 iterations
 
Temperature (kelvin) :    20.78861548    
Number of Matsubara frequencies
 phonons :      292
 Coulomb :      292
Eliashberg equations converged in     78 iterations
 
Temperature (kelvin) :    22.09752831    
Number of Matsubara frequencies
 phonons :      275
 Coulomb :      275
Eliashberg equations converged in     79 iterations
 
Temperature (kelvin) :    23.40644114    
Number of Matsubara frequencies
 phonons :      260
 Coulomb :      260
Eliashberg equations converged in     81 iterations
 
Temperature (kelvin) :    24.71535396    
Number of Matsubara frequencies
 phonons :      246
 Coulomb :      246
Eliashberg equations converged in     83 iterations
 
Temperature (kelvin) :    26.02426679    
Number of Matsubara frequencies
 phonons :      234
 Coulomb :      234
Eliashberg equations converged in     85 iterations
 
Temperature (kelvin) :    27.33317962    
Number of Matsubara frequencies
 phonons :      222
 Coulomb :      222
Eliashberg equations converged in     88 iterations
 
Temperature (kelvin) :    28.64209244    
Number of Matsubara frequencies
 phonons :      212
 Coulomb :      212
Eliashberg equations converged in     91 iterations
 
Temperature (kelvin) :    29.95100527    
Number of Matsubara frequencies
 phonons :      203
 Coulomb :      203
Eliashberg equations converged in     95 iterations
 
Temperature (kelvin) :    31.25991810    
Number of Matsubara frequencies
 phonons :      194
 Coulomb :      194
Eliashberg equations converged in     99 iterations
 
Temperature (kelvin) :    32.56883093    
Number of Matsubara frequencies
 phonons :      187
 Coulomb :      187
Eliashberg equations converged in    104 iterations
 
Temperature (kelvin) :    33.87774375    
Number of Matsubara frequencies
 phonons :      179
 Coulomb :      179
Eliashberg equations converged in    109 iterations
 
Temperature (kelvin) :    35.18665658    
Number of Matsubara frequencies
 phonons :      173
 Coulomb :      173
Eliashberg equations converged in    116 iterations
 
Temperature (kelvin) :    36.49556941    
Number of Matsubara frequencies
 phonons :      167
 Coulomb :      167
Eliashberg equations converged in    123 iterations
 
Temperature (kelvin) :    37.80448223    
Number of Matsubara frequencies
 phonons :      161
 Coulomb :      161
Eliashberg equations converged in    132 iterations
 
Temperature (kelvin) :    39.11339506    
Number of Matsubara frequencies
 phonons :      155
 Coulomb :      155
Eliashberg equations converged in    142 iterations
 
Temperature (kelvin) :    40.42230789    
Number of Matsubara frequencies
 phonons :      150
 Coulomb :      150
Eliashberg equations converged in    155 iterations
 
Temperature (kelvin) :    41.73122071    
Number of Matsubara frequencies
 phonons :      146
 Coulomb :      146
Eliashberg equations converged in    169 iterations
 
Temperature (kelvin) :    43.04013354    
Number of Matsubara frequencies
 phonons :      141
 Coulomb :      141
Eliashberg equations converged in    188 iterations
 
Temperature (kelvin) :    44.34904637    
Number of Matsubara frequencies
 phonons :      137
 Coulomb :      137
Eliashberg equations converged in    212 iterations
 
Temperature (kelvin) :    45.65795919    
Number of Matsubara frequencies
 phonons :      133
 Coulomb :      133
Eliashberg equations converged in    242 iterations
 
Temperature (kelvin) :    46.96687202    
Number of Matsubara frequencies
 phonons :      129
 Coulomb :      129
Eliashberg equations converged in    285 iterations
 
Temperature (kelvin) :    48.27578485    
Number of Matsubara frequencies
 phonons :      126
 Coulomb :      126
Eliashberg equations converged in    345 iterations
 
Temperature (kelvin) :    49.58469767    
Number of Matsubara frequencies
 phonons :      123
 Coulomb :      123
Eliashberg equations converged in    439 iterations
 
Temperature (kelvin) :    50.89361050    
Number of Matsubara frequencies
 phonons :      119
 Coulomb :      119
Eliashberg equations converged in    615 iterations
 
Temperature (kelvin) :    52.20252333    
Number of Matsubara frequencies
 phonons :      116
 Coulomb :      116
Failed to converge: possibly close to T_c
 
Temperature (kelvin) :    53.51143615    
Number of Matsubara frequencies
 phonons :      114
 Coulomb :      114
Failed to converge: possibly close to T_c
 
Temperature (kelvin) :    54.82034898    
Number of Matsubara frequencies
 phonons :      111
 Coulomb :      111
Failed to converge: possibly close to T_c
 
Temperature (kelvin) :    56.12926181    
Number of Matsubara frequencies
 phonons :      108
 Coulomb :      108
Failed to converge: possibly close to T_c
 
Temperature (kelvin) :    57.43817463    
Number of Matsubara frequencies
 phonons :      106
 Coulomb :      106
Eliashberg equations converged in    226 iterations
 
Temperature (kelvin) :    58.74708746    
Number of Matsubara frequencies
 phonons :      103
 Coulomb :      103
Eliashberg equations converged in     23 iterations
 
Temperature (kelvin) :    60.05600029    
Number of Matsubara frequencies
 phonons :      101
 Coulomb :      101
Eliashberg equations converged in     14 iterations
 
Temperature (kelvin) :    61.36491311    
Number of Matsubara frequencies
 phonons :       99
 Coulomb :       99
Eliashberg equations converged in      1 iterations
 
Temperature (kelvin) :    62.67382594    
Number of Matsubara frequencies
 phonons :       97
 Coulomb :       97
Eliashberg equations converged in     14 iterations
 
Temperature (kelvin) :    63.98273877    
Number of Matsubara frequencies
 phonons :       95
 Coulomb :       95
Eliashberg equations converged in      1 iterations
 
Temperature (kelvin) :    65.29165159    
Number of Matsubara frequencies
 phonons :       93
 Coulomb :       93
Eliashberg equations converged in      8 iterations
 
Temperature (kelvin) :    66.60056442    
Number of Matsubara frequencies
 phonons :       91
 Coulomb :       91
Eliashberg equations converged in      1 iterations
 
Temperature (kelvin) :    67.90947725    
Number of Matsubara frequencies
 phonons :       90
 Coulomb :       90
Eliashberg equations converged in      1 iterations
 
Temperature (kelvin) :    69.21839008    
Number of Matsubara frequencies
 phonons :       88
 Coulomb :       88
Eliashberg equations converged in      6 iterations
 
Temperature (kelvin) :    70.52730290    
Number of Matsubara frequencies
 phonons :       86
 Coulomb :       86
Eliashberg equations converged in      1 iterations
 
Temperature (kelvin) :    71.83621573    
Number of Matsubara frequencies
 phonons :       85
 Coulomb :       85
Eliashberg equations converged in      1 iterations
 
Temperature (kelvin) :    73.14512856    
Number of Matsubara frequencies
 phonons :       83
 Coulomb :       83
Eliashberg equations converged in      1 iterations
 
Temperature (kelvin) :    74.45404138    
Number of Matsubara frequencies
 phonons :       82
 Coulomb :       82
Eliashberg equations converged in      1 iterations
 
Temperature (kelvin) :    75.76295421    
Number of Matsubara frequencies
 phonons :       80
 Coulomb :       80
Eliashberg equations converged in      1 iterations
 
Temperature (kelvin) :    77.07186704    
Number of Matsubara frequencies
 phonons :       79
 Coulomb :       79
Eliashberg equations converged in      1 iterations
 
Temperature (kelvin) :    78.38077986    
Number of Matsubara frequencies
 phonons :       78
 Coulomb :       78
Eliashberg equations converged in      1 iterations
 
Temperature (kelvin) :    79.68969269    
Number of Matsubara frequencies
 phonons :       76
 Coulomb :       76
Eliashberg equations converged in      1 iterations
 
Temperature (kelvin) :    80.99860552    
Number of Matsubara frequencies
 phonons :       75
 Coulomb :       75
Eliashberg equations converged in      1 iterations
 
Temperature (kelvin) :    82.30751834    
Number of Matsubara frequencies
 phonons :       74
 Coulomb :       74
Eliashberg equations converged in      1 iterations
 
Temperature (kelvin) :    83.61643117    
Number of Matsubara frequencies
 phonons :       73
 Coulomb :       73
Eliashberg equations converged in      1 iterations
 
Temperature (kelvin) :    84.92534400    
Number of Matsubara frequencies
 phonons :       72
 Coulomb :       72
Eliashberg equations converged in      1 iterations
 
Temperature (kelvin) :    86.23425682    
Number of Matsubara frequencies
 phonons :       70
 Coulomb :       70
Eliashberg equations converged in      1 iterations
 
Temperature (kelvin) :    87.54316965    
Number of Matsubara frequencies
 phonons :       69
 Coulomb :       69
Eliashberg equations converged in      1 iterations
 
Temperature (kelvin) :    88.85208248    
Number of Matsubara frequencies
 phonons :       68
 Coulomb :       68
Eliashberg equations converged in      1 iterations
 
Temperature (kelvin) :    90.16099530    
Number of Matsubara frequencies
 phonons :       67
 Coulomb :       67
Eliashberg equations converged in      1 iterations
 
Temperature (kelvin) :    91.46990813    
Number of Matsubara frequencies
 phonons :       66
 Coulomb :       66
Eliashberg equations converged in      1 iterations
 
Temperature (kelvin) :    92.77882096    
Number of Matsubara frequencies
 phonons :       66
 Coulomb :       66
Eliashberg equations converged in      1 iterations
 
Temperature (kelvin) :    94.08773378    
Number of Matsubara frequencies
 phonons :       65
 Coulomb :       65
Eliashberg equations converged in      1 iterations
 
Temperature (kelvin) :    95.39664661    
Number of Matsubara frequencies
 phonons :       64
 Coulomb :       64
Eliashberg equations converged in      1 iterations
 
Temperature (kelvin) :    96.70555944    
Number of Matsubara frequencies
 phonons :       63
 Coulomb :       63
Eliashberg equations converged in      1 iterations
 
Temperature (kelvin) :    98.01447226    
Number of Matsubara frequencies
 phonons :       62
 Coulomb :       62
Eliashberg equations converged in      1 iterations
 
Temperature (kelvin) :    99.32338509    
Number of Matsubara frequencies
 phonons :       61
 Coulomb :       61
Eliashberg equations converged in      1 iterations
 
Temperature (kelvin) :    100.6322979    
Number of Matsubara frequencies
 phonons :       60
 Coulomb :       60
Eliashberg equations converged in      1 iterations
 
Temperature (kelvin) :    101.9412107    
Number of Matsubara frequencies
 phonons :       60
 Coulomb :       60
Eliashberg equations converged in      1 iterations
 
Temperature (kelvin) :    103.2501236    
Number of Matsubara frequencies
 phonons :       59
 Coulomb :       59
Eliashberg equations converged in      1 iterations
 
Temperature (kelvin) :    104.5590364    
Number of Matsubara frequencies
 phonons :       58
 Coulomb :       58
Eliashberg equations converged in      1 iterations
 
Temperature (kelvin) :    105.8679492    
Number of Matsubara frequencies
 phonons :       57
 Coulomb :       57
Eliashberg equations converged in      1 iterations
 
Temperature (kelvin) :    107.1768621    
Number of Matsubara frequencies
 phonons :       57
 Coulomb :       57
Eliashberg equations converged in      1 iterations
 
Temperature (kelvin) :    108.4857749    
Number of Matsubara frequencies
 phonons :       56
 Coulomb :       56
Eliashberg equations converged in      1 iterations
 
Temperature (kelvin) :    109.7946877    
Number of Matsubara frequencies
 phonons :       55
 Coulomb :       55
Eliashberg equations converged in      1 iterations
 
Temperature (kelvin) :    111.1036005    
Number of Matsubara frequencies
 phonons :       55
 Coulomb :       55
Eliashberg equations converged in      1 iterations
 
Temperature (kelvin) :    112.4125134    
Number of Matsubara frequencies
 phonons :       54
 Coulomb :       54
Eliashberg equations converged in      1 iterations
 
Temperature (kelvin) :    113.7214262    
Number of Matsubara frequencies
 phonons :       53
 Coulomb :       53
Eliashberg equations converged in      1 iterations
 
Temperature (kelvin) :    115.0303390    
Number of Matsubara frequencies
 phonons :       53
 Coulomb :       53
Eliashberg equations converged in      1 iterations
 
Temperature (kelvin) :    116.3392518    
Number of Matsubara frequencies
 phonons :       52
 Coulomb :       52
Eliashberg equations converged in      1 iterations
 
Temperature (kelvin) :    117.6481647    
Number of Matsubara frequencies
 phonons :       52
 Coulomb :       52
Eliashberg equations converged in      1 iterations
 
Temperature (kelvin) :    118.9570775    
Number of Matsubara frequencies
 phonons :       51
 Coulomb :       51
Eliashberg equations converged in      1 iterations
 
Temperature (kelvin) :    120.2659903    
Number of Matsubara frequencies
 phonons :       51
 Coulomb :       51
Eliashberg equations converged in      1 iterations
 
Temperature (kelvin) :    121.5749031    
Number of Matsubara frequencies
 phonons :       50
 Coulomb :       50
Eliashberg equations converged in      1 iterations
 
Temperature (kelvin) :    122.8838160    
Number of Matsubara frequencies
 phonons :       49
 Coulomb :       49
Eliashberg equations converged in      1 iterations
 
Temperature (kelvin) :    124.1927288    
Number of Matsubara frequencies
 phonons :       49
 Coulomb :       49
Eliashberg equations converged in      1 iterations
 
Temperature (kelvin) :    125.5016416    
Number of Matsubara frequencies
 phonons :       48
 Coulomb :       48
Eliashberg equations converged in      1 iterations
 
Temperature (kelvin) :    126.8105545    
Number of Matsubara frequencies
 phonons :       48
 Coulomb :       48
Eliashberg equations converged in      1 iterations
 
Temperature (kelvin) :    128.1194673    
Number of Matsubara frequencies
 phonons :       47
 Coulomb :       47
Eliashberg equations converged in      1 iterations
 
Temperature (kelvin) :    129.4283801    
Number of Matsubara frequencies
 phonons :       47
 Coulomb :       47
Eliashberg equations converged in      1 iterations
 
Temperature (kelvin) :    130.7372929    
Number of Matsubara frequencies
 phonons :       46
 Coulomb :       46
Eliashberg equations converged in      1 iterations
 
Temperature (kelvin) :    132.0462058    
Number of Matsubara frequencies
 phonons :       46
 Coulomb :       46
Eliashberg equations converged in      1 iterations
 
Temperature (kelvin) :    133.3551186    
Number of Matsubara frequencies
 phonons :       46
 Coulomb :       46
Eliashberg equations converged in      1 iterations
 
Temperature (kelvin) :    134.6640314    
Number of Matsubara frequencies
 phonons :       45
 Coulomb :       45
Eliashberg equations converged in      1 iterations
 
Temperature (kelvin) :    135.9729442    
Number of Matsubara frequencies
 phonons :       45
 Coulomb :       45
Eliashberg equations converged in      1 iterations
 
Temperature (kelvin) :    137.2818571    
Number of Matsubara frequencies
 phonons :       44
 Coulomb :       44
Eliashberg equations converged in      1 iterations
 
Temperature (kelvin) :    138.5907699    
Number of Matsubara frequencies
 phonons :       44
 Coulomb :       44
Eliashberg equations converged in      1 iterations
