+------------------------------+
|     Eliashberg equations     |
+------------------------------+
 
Temperature range :    5.611559559       101.0080721    
Number of temperature steps :    100
Number of output frequencies :     2000
Fermionic Matsubara frequency cut-off
 phonons :   0.1209568538    
 Coulomb :   0.6047842688E-02
 
Temperature (kelvin) :    6.565524684    
Number of Matsubara frequencies
 phonons :      926
 Coulomb :      926
Eliashberg equations converged in    102 iterations
 
Temperature (kelvin) :    7.519489809    
Number of Matsubara frequencies
 phonons :      808
 Coulomb :      808
Eliashberg equations converged in     79 iterations
 
Temperature (kelvin) :    8.473454934    
Number of Matsubara frequencies
 phonons :      717
 Coulomb :      717
Eliashberg equations converged in     78 iterations
 
Temperature (kelvin) :    9.427420059    
Number of Matsubara frequencies
 phonons :      645
 Coulomb :      645
Eliashberg equations converged in     78 iterations
 
Temperature (kelvin) :    10.38138518    
Number of Matsubara frequencies
 phonons :      586
 Coulomb :      586
Eliashberg equations converged in     77 iterations
 
Temperature (kelvin) :    11.33535031    
Number of Matsubara frequencies
 phonons :      536
 Coulomb :      536
Eliashberg equations converged in     77 iterations
 
Temperature (kelvin) :    12.28931543    
Number of Matsubara frequencies
 phonons :      495
 Coulomb :      495
Eliashberg equations converged in     77 iterations
 
Temperature (kelvin) :    13.24328056    
Number of Matsubara frequencies
 phonons :      459
 Coulomb :      459
Eliashberg equations converged in     77 iterations
 
Temperature (kelvin) :    14.19724568    
Number of Matsubara frequencies
 phonons :      428
 Coulomb :      428
Eliashberg equations converged in     77 iterations
 
Temperature (kelvin) :    15.15121081    
Number of Matsubara frequencies
 phonons :      401
 Coulomb :      401
Eliashberg equations converged in     78 iterations
 
Temperature (kelvin) :    16.10517593    
Number of Matsubara frequencies
 phonons :      377
 Coulomb :      377
Eliashberg equations converged in     78 iterations
 
Temperature (kelvin) :    17.05914106    
Number of Matsubara frequencies
 phonons :      356
 Coulomb :      356
Eliashberg equations converged in     79 iterations
 
Temperature (kelvin) :    18.01310618    
Number of Matsubara frequencies
 phonons :      337
 Coulomb :      337
Eliashberg equations converged in     80 iterations
 
Temperature (kelvin) :    18.96707131    
Number of Matsubara frequencies
 phonons :      320
 Coulomb :      320
Eliashberg equations converged in     82 iterations
 
Temperature (kelvin) :    19.92103643    
Number of Matsubara frequencies
 phonons :      305
 Coulomb :      305
Eliashberg equations converged in     83 iterations
 
Temperature (kelvin) :    20.87500156    
Number of Matsubara frequencies
 phonons :      291
 Coulomb :      291
Eliashberg equations converged in     85 iterations
 
Temperature (kelvin) :    21.82896668    
Number of Matsubara frequencies
 phonons :      278
 Coulomb :      278
Eliashberg equations converged in     87 iterations
 
Temperature (kelvin) :    22.78293181    
Number of Matsubara frequencies
 phonons :      267
 Coulomb :      267
Eliashberg equations converged in     90 iterations
 
Temperature (kelvin) :    23.73689693    
Number of Matsubara frequencies
 phonons :      256
 Coulomb :      256
Eliashberg equations converged in     93 iterations
 
Temperature (kelvin) :    24.69086206    
Number of Matsubara frequencies
 phonons :      246
 Coulomb :      246
Eliashberg equations converged in     96 iterations
 
Temperature (kelvin) :    25.64482718    
Number of Matsubara frequencies
 phonons :      237
 Coulomb :      237
Eliashberg equations converged in     99 iterations
 
Temperature (kelvin) :    26.59879231    
Number of Matsubara frequencies
 phonons :      229
 Coulomb :      229
Eliashberg equations converged in    103 iterations
 
Temperature (kelvin) :    27.55275743    
Number of Matsubara frequencies
 phonons :      221
 Coulomb :      221
Eliashberg equations converged in    108 iterations
 
Temperature (kelvin) :    28.50672256    
Number of Matsubara frequencies
 phonons :      213
 Coulomb :      213
Eliashberg equations converged in    113 iterations
 
Temperature (kelvin) :    29.46068768    
Number of Matsubara frequencies
 phonons :      206
 Coulomb :      206
Eliashberg equations converged in    118 iterations
 
Temperature (kelvin) :    30.41465281    
Number of Matsubara frequencies
 phonons :      200
 Coulomb :      200
Eliashberg equations converged in    125 iterations
 
Temperature (kelvin) :    31.36861793    
Number of Matsubara frequencies
 phonons :      194
 Coulomb :      194
Eliashberg equations converged in    132 iterations
 
Temperature (kelvin) :    32.32258306    
Number of Matsubara frequencies
 phonons :      188
 Coulomb :      188
Eliashberg equations converged in    141 iterations
 
Temperature (kelvin) :    33.27654818    
Number of Matsubara frequencies
 phonons :      183
 Coulomb :      183
Eliashberg equations converged in    150 iterations
 
Temperature (kelvin) :    34.23051331    
Number of Matsubara frequencies
 phonons :      178
 Coulomb :      178
Eliashberg equations converged in    162 iterations
 
Temperature (kelvin) :    35.18447844    
Number of Matsubara frequencies
 phonons :      173
 Coulomb :      173
Eliashberg equations converged in    176 iterations
 
Temperature (kelvin) :    36.13844356    
Number of Matsubara frequencies
 phonons :      168
 Coulomb :      168
Eliashberg equations converged in    193 iterations
 
Temperature (kelvin) :    37.09240869    
Number of Matsubara frequencies
 phonons :      164
 Coulomb :      164
Eliashberg equations converged in    212 iterations
 
Temperature (kelvin) :    38.04637381    
Number of Matsubara frequencies
 phonons :      160
 Coulomb :      160
Eliashberg equations converged in    238 iterations
 
Temperature (kelvin) :    39.00033894    
Number of Matsubara frequencies
 phonons :      156
 Coulomb :      156
Eliashberg equations converged in    270 iterations
 
Temperature (kelvin) :    39.95430406    
Number of Matsubara frequencies
 phonons :      152
 Coulomb :      152
Eliashberg equations converged in    314 iterations
 
Temperature (kelvin) :    40.90826919    
Number of Matsubara frequencies
 phonons :      149
 Coulomb :      149
Eliashberg equations converged in    373 iterations
 
Temperature (kelvin) :    41.86223431    
Number of Matsubara frequencies
 phonons :      145
 Coulomb :      145
Eliashberg equations converged in    468 iterations
 
Temperature (kelvin) :    42.81619944    
Number of Matsubara frequencies
 phonons :      142
 Coulomb :      142
Eliashberg equations converged in    620 iterations
 
Temperature (kelvin) :    43.77016456    
Number of Matsubara frequencies
 phonons :      139
 Coulomb :      139
Eliashberg equations converged in    935 iterations
 
Temperature (kelvin) :    44.72412969    
Number of Matsubara frequencies
 phonons :      136
 Coulomb :      136
Failed to converge: possibly close to T_c
 
Temperature (kelvin) :    45.67809481    
Number of Matsubara frequencies
 phonons :      133
 Coulomb :      133
Failed to converge: possibly close to T_c
 
Temperature (kelvin) :    46.63205994    
Number of Matsubara frequencies
 phonons :      130
 Coulomb :      130
Failed to converge: possibly close to T_c
 
Temperature (kelvin) :    47.58602506    
Number of Matsubara frequencies
 phonons :      128
 Coulomb :      128
Eliashberg equations converged in    883 iterations
 
Temperature (kelvin) :    48.53999019    
Number of Matsubara frequencies
 phonons :      125
 Coulomb :      125
Eliashberg equations converged in      1 iterations
 
Temperature (kelvin) :    49.49395531    
Number of Matsubara frequencies
 phonons :      123
 Coulomb :      123
Eliashberg equations converged in     50 iterations
 
Temperature (kelvin) :    50.44792044    
Number of Matsubara frequencies
 phonons :      120
 Coulomb :      120
Eliashberg equations converged in      1 iterations
 
Temperature (kelvin) :    51.40188556    
Number of Matsubara frequencies
 phonons :      118
 Coulomb :      118
Eliashberg equations converged in     20 iterations
 
Temperature (kelvin) :    52.35585069    
Number of Matsubara frequencies
 phonons :      116
 Coulomb :      116
Eliashberg equations converged in      1 iterations
 
Temperature (kelvin) :    53.30981581    
Number of Matsubara frequencies
 phonons :      114
 Coulomb :      114
Eliashberg equations converged in     10 iterations
 
Temperature (kelvin) :    54.26378094    
Number of Matsubara frequencies
 phonons :      112
 Coulomb :      112
Eliashberg equations converged in      1 iterations
 
Temperature (kelvin) :    55.21774606    
Number of Matsubara frequencies
 phonons :      110
 Coulomb :      110
Eliashberg equations converged in      7 iterations
 
Temperature (kelvin) :    56.17171119    
Number of Matsubara frequencies
 phonons :      108
 Coulomb :      108
Eliashberg equations converged in      1 iterations
 
Temperature (kelvin) :    57.12567631    
Number of Matsubara frequencies
 phonons :      106
 Coulomb :      106
Eliashberg equations converged in      1 iterations
 
Temperature (kelvin) :    58.07964144    
Number of Matsubara frequencies
 phonons :      105
 Coulomb :      105
Eliashberg equations converged in      5 iterations
 
Temperature (kelvin) :    59.03360656    
Number of Matsubara frequencies
 phonons :      103
 Coulomb :      103
Eliashberg equations converged in      1 iterations
 
Temperature (kelvin) :    59.98757169    
Number of Matsubara frequencies
 phonons :      101
 Coulomb :      101
Eliashberg equations converged in      1 iterations
 
Temperature (kelvin) :    60.94153681    
Number of Matsubara frequencies
 phonons :      100
 Coulomb :      100
Eliashberg equations converged in      1 iterations
 
Temperature (kelvin) :    61.89550194    
Number of Matsubara frequencies
 phonons :       98
 Coulomb :       98
Eliashberg equations converged in      1 iterations
 
Temperature (kelvin) :    62.84946706    
Number of Matsubara frequencies
 phonons :       97
 Coulomb :       97
Eliashberg equations converged in      1 iterations
 
Temperature (kelvin) :    63.80343219    
Number of Matsubara frequencies
 phonons :       95
 Coulomb :       95
Eliashberg equations converged in      1 iterations
 
Temperature (kelvin) :    64.75739731    
Number of Matsubara frequencies
 phonons :       94
 Coulomb :       94
Eliashberg equations converged in      1 iterations
 
Temperature (kelvin) :    65.71136244    
Number of Matsubara frequencies
 phonons :       93
 Coulomb :       93
Eliashberg equations converged in      1 iterations
 
Temperature (kelvin) :    66.66532756    
Number of Matsubara frequencies
 phonons :       91
 Coulomb :       91
Eliashberg equations converged in      1 iterations
 
Temperature (kelvin) :    67.61929269    
Number of Matsubara frequencies
 phonons :       90
 Coulomb :       90
Eliashberg equations converged in      1 iterations
 
Temperature (kelvin) :    68.57325781    
Number of Matsubara frequencies
 phonons :       89
 Coulomb :       89
Eliashberg equations converged in      1 iterations
 
Temperature (kelvin) :    69.52722294    
Number of Matsubara frequencies
 phonons :       87
 Coulomb :       87
Eliashberg equations converged in      1 iterations
 
Temperature (kelvin) :    70.48118806    
Number of Matsubara frequencies
 phonons :       86
 Coulomb :       86
Eliashberg equations converged in      1 iterations
 
Temperature (kelvin) :    71.43515319    
Number of Matsubara frequencies
 phonons :       85
 Coulomb :       85
Eliashberg equations converged in      1 iterations
 
Temperature (kelvin) :    72.38911831    
Number of Matsubara frequencies
 phonons :       84
 Coulomb :       84
Eliashberg equations converged in      1 iterations
 
Temperature (kelvin) :    73.34308344    
Number of Matsubara frequencies
 phonons :       83
 Coulomb :       83
Eliashberg equations converged in      1 iterations
 
Temperature (kelvin) :    74.29704856    
Number of Matsubara frequencies
 phonons :       82
 Coulomb :       82
Eliashberg equations converged in      1 iterations
 
Temperature (kelvin) :    75.25101369    
Number of Matsubara frequencies
 phonons :       81
 Coulomb :       81
Eliashberg equations converged in      1 iterations
 
Temperature (kelvin) :    76.20497881    
Number of Matsubara frequencies
 phonons :       80
 Coulomb :       80
Eliashberg equations converged in      1 iterations
 
Temperature (kelvin) :    77.15894394    
Number of Matsubara frequencies
 phonons :       79
 Coulomb :       79
Eliashberg equations converged in      1 iterations
 
Temperature (kelvin) :    78.11290906    
Number of Matsubara frequencies
 phonons :       78
 Coulomb :       78
Eliashberg equations converged in      1 iterations
 
Temperature (kelvin) :    79.06687419    
Number of Matsubara frequencies
 phonons :       77
 Coulomb :       77
Eliashberg equations converged in      1 iterations
 
Temperature (kelvin) :    80.02083931    
Number of Matsubara frequencies
 phonons :       76
 Coulomb :       76
Eliashberg equations converged in      1 iterations
 
Temperature (kelvin) :    80.97480444    
Number of Matsubara frequencies
 phonons :       75
 Coulomb :       75
Eliashberg equations converged in      1 iterations
 
Temperature (kelvin) :    81.92876956    
Number of Matsubara frequencies
 phonons :       74
 Coulomb :       74
Eliashberg equations converged in      1 iterations
 
Temperature (kelvin) :    82.88273469    
Number of Matsubara frequencies
 phonons :       73
 Coulomb :       73
Eliashberg equations converged in      1 iterations
 
Temperature (kelvin) :    83.83669981    
Number of Matsubara frequencies
 phonons :       73
 Coulomb :       73
Eliashberg equations converged in      1 iterations
 
Temperature (kelvin) :    84.79066494    
Number of Matsubara frequencies
 phonons :       72
 Coulomb :       72
Eliashberg equations converged in      1 iterations
 
Temperature (kelvin) :    85.74463006    
Number of Matsubara frequencies
 phonons :       71
 Coulomb :       71
Eliashberg equations converged in      1 iterations
 
Temperature (kelvin) :    86.69859519    
Number of Matsubara frequencies
 phonons :       70
 Coulomb :       70
Eliashberg equations converged in      1 iterations
 
Temperature (kelvin) :    87.65256031    
Number of Matsubara frequencies
 phonons :       69
 Coulomb :       69
Eliashberg equations converged in      1 iterations
 
Temperature (kelvin) :    88.60652544    
Number of Matsubara frequencies
 phonons :       69
 Coulomb :       69
Eliashberg equations converged in      1 iterations
 
Temperature (kelvin) :    89.56049056    
Number of Matsubara frequencies
 phonons :       68
 Coulomb :       68
Eliashberg equations converged in      1 iterations
 
Temperature (kelvin) :    90.51445569    
Number of Matsubara frequencies
 phonons :       67
 Coulomb :       67
Eliashberg equations converged in      1 iterations
 
Temperature (kelvin) :    91.46842081    
Number of Matsubara frequencies
 phonons :       66
 Coulomb :       66
Eliashberg equations converged in      1 iterations
 
Temperature (kelvin) :    92.42238594    
Number of Matsubara frequencies
 phonons :       66
 Coulomb :       66
Eliashberg equations converged in      1 iterations
 
Temperature (kelvin) :    93.37635106    
Number of Matsubara frequencies
 phonons :       65
 Coulomb :       65
Eliashberg equations converged in      1 iterations
 
Temperature (kelvin) :    94.33031619    
Number of Matsubara frequencies
 phonons :       64
 Coulomb :       64
Eliashberg equations converged in      1 iterations
 
Temperature (kelvin) :    95.28428131    
Number of Matsubara frequencies
 phonons :       64
 Coulomb :       64
Eliashberg equations converged in      1 iterations
 
Temperature (kelvin) :    96.23824644    
Number of Matsubara frequencies
 phonons :       63
 Coulomb :       63
Eliashberg equations converged in      1 iterations
 
Temperature (kelvin) :    97.19221156    
Number of Matsubara frequencies
 phonons :       63
 Coulomb :       63
Eliashberg equations converged in      1 iterations
 
Temperature (kelvin) :    98.14617669    
Number of Matsubara frequencies
 phonons :       62
 Coulomb :       62
Eliashberg equations converged in      1 iterations
 
Temperature (kelvin) :    99.10014181    
Number of Matsubara frequencies
 phonons :       61
 Coulomb :       61
Eliashberg equations converged in      1 iterations
 
Temperature (kelvin) :    100.0541069    
Number of Matsubara frequencies
 phonons :       61
 Coulomb :       61
Eliashberg equations converged in      1 iterations
 
Temperature (kelvin) :    101.0080721    
Number of Matsubara frequencies
 phonons :       60
 Coulomb :       60
Eliashberg equations converged in      1 iterations
