1.06467e-05 0.612059E-08
3.19402e-05 0.165261E-06
5.3234e-05 0.765101E-06
7.45275e-05 0.209944E-05
9.5821e-05 0.446208E-05
0.000117114 0.814683E-05
0.000138408 0.134475E-04
0.000159702 0.206578E-04
0.000180995 0.300717E-04
0.000202289 0.419829E-04
0.000223583 0.566852E-04
0.000244876 0.744723E-04
0.000266169 0.956383E-04
0.000287463 0.120477E-03
0.000308757 0.149281E-03
0.00033005 0.182346E-03
0.000351344 0.219965E-03
0.000372637 0.262431E-03
0.000393931 0.310039E-03
0.000415225 0.363083E-03
0.000436519 0.421855E-03
0.000457812 0.486651E-03
0.000479106 0.557763E-03
0.0005004 0.635485E-03
0.000521695 0.720112E-03
0.000542985 0.811937E-03
0.00056428 0.911254E-03
0.000585575 0.101836E-02
0.000606865 0.839842E-02
0.00062816 0.388612E-02
0.000649455 0.435504E-02
0.00067075 0.481688E-02
0.00069204 0.526881E-02
0.000713335 0.570802E-02
0.00073463 0.613167E-02
0.00075592 0.653694E-02
0.000777215 0.692102E-02
0.00079851 0.728107E-02
0.000819805 0.761428E-02
0.000841095 0.859296E-02
0.00086239 0.101647E-01
0.000883685 0.122584E-01
0.000904975 0.144443E-01
0.00092627 0.174794E-01
0.000947565 0.199797E-01
0.00096886 0.241791E-01
0.00099015 0.294086E-01
0.00101144 0.347477E-01
0.00103274 0.573975E-01
0.00105403 0.630428E-01
0.00107533 0.649778E-01
0.00109662 0.607525E-01
0.00111791 0.381559E-01
0.0011392 0.407769E-01
0.0011605 0.387417E-01
0.0011818 0.979387E-02
0.00120309 0.991004E-02
0.00122438 0.106448E-01
0.00124567 0.168157E-01
0.00126697 0.461989E-01
0.00128826 0.856713E-01
0.00130956 0.171284E+00
0.00133085 0.854487E-01
0.00135214 0.477545E-01
0.00137344 0.827040E-02
0.00139473 0.277716E-02
0.00141603 0.466196E-03
0.00143731 0.000000E+00
0.00145861 0.000000E+00
0.0014799 0.000000E+00
0.0015012 0.000000E+00
0.00152249 0.000000E+00
0.00154378 0.000000E+00
0.00156508 0.000000E+00
0.00158637 0.000000E+00
0.00160767 0.000000E+00
0.00162896 0.000000E+00
0.00165025 0.000000E+00
0.00167154 0.000000E+00
0.00169284 0.000000E+00
0.00171414 0.000000E+00
0.00173543 0.000000E+00
0.00175672 0.000000E+00
0.00177801 0.000000E+00
0.0017993 0.000000E+00
0.0018206 0.000000E+00
0.0018419 0.000000E+00
0.00186319 0.000000E+00
0.00188448 0.000000E+00
0.00190577 0.000000E+00
0.00192707 0.000000E+00
0.00194837 0.000000E+00
0.00196965 0.000000E+00
0.00199095 0.000000E+00
0.00201225 0.000000E+00
0.00203353 0.000000E+00
0.00205483 0.000000E+00
0.00207612 0.000000E+00
0.00209742 0.000000E+00
0.00211871 0.000000E+00
0.00214 0.000000E+00
0.0021613 0.000000E+00
0.00218259 0.000000E+00
0.00220389 0.000000E+00
0.00222518 0.000000E+00
0.00224647 0.000000E+00
0.00226777 0.000000E+00
0.00228906 0.000000E+00
0.00231036 0.000000E+00
0.00233164 0.000000E+00
0.00235294 0.000000E+00
0.00237424 0.000000E+00
0.00239553 0.000000E+00
0.00241682 0.000000E+00
0.00243811 0.000000E+00
0.00245941 0.000000E+00
0.0024807 0.000000E+00
0.00250199 0.000000E+00
0.00252329 0.000000E+00
0.00254458 0.000000E+00
0.00256588 0.000000E+00
0.00258717 0.000000E+00
0.00260846 0.000000E+00
0.00262976 0.000000E+00
0.00265105 0.000000E+00
0.00267235 0.000000E+00
0.00269364 0.000000E+00
0.00271493 0.000000E+00
0.00273623 0.000000E+00
0.00275752 0.000000E+00
0.00277881 0.000000E+00
0.00280011 0.000000E+00
0.0028214 0.000000E+00
0.0028427 0.000000E+00
0.00286398 0.000000E+00
0.00288528 0.000000E+00
0.00290657 0.000000E+00
0.00292786 0.000000E+00
0.00294916 0.000000E+00
0.00297045 0.000000E+00
0.00299175 0.000000E+00
0.00301304 0.000000E+00
0.00303433 0.000000E+00
0.00305563 0.000000E+00
0.00307692 0.000000E+00
0.00309822 0.000000E+00
0.00311951 0.000000E+00
0.0031408 0.000000E+00
0.0031621 0.000000E+00
0.00318339 0.000000E+00
0.00320469 0.000000E+00
0.00322597 0.000000E+00
0.00324727 0.000000E+00
0.00326857 0.000000E+00
0.00328986 0.000000E+00
0.00331115 0.000000E+00
0.00333244 0.000000E+00
0.00335374 0.000000E+00
0.00337503 0.157753E-02
0.00339632 0.430791E+00
0.00341762 0.472503E+00
0.00343891 0.585037E+00
0.00346021 0.668291E+00
0.0034815 0.777273E+00
0.00350279 0.546811E+00
0.00352409 0.480955E+00
0.00354538 0.422986E+00
0.00356668 0.368044E+00
0.00358797 0.325339E+00
0.00360926 0.199638E+00
0.00363056 0.103892E+00
0.00365185 0.147860E+00
0.00367315 0.221875E+00
0.00369443 0.287044E+00
0.00371573 0.323526E+00
0.00373703 0.347120E+00
0.00375831 0.353439E+00
0.00377961 0.348683E+00
0.0038009 0.376539E+00
0.0038222 0.386872E+00
0.00384349 0.392146E+00
0.00386478 0.394545E+00
0.00388608 0.392538E+00
0.00390737 0.389174E+00
0.00392866 0.385917E+00
0.00394996 0.235412E+00
0.00397125 0.183590E+00
0.00399255 0.101065E+00
0.00401384 0.259040E-01
0.00403513 0.139377E-01
0.00405642 0.629887E-02
0.00407772 0.860909E-02
0.00409902 0.635401E-01
0.00412031 0.171327E+00
0.0041416 0.360340E+00
0.00416289 0.163380E+00
0.00418419 0.278946E+00
0.00420548 0.229508E+00
0.00422678 0.184094E+00
0.00424807 0.141954E+00
0.00426936 0.117554E+00
0.00429065 0.867003E-01
0.00431195 0.675849E-01
0.00433325 0.533843E-01
0.00435453 0.409681E-01
0.00437583 0.288156E-01
0.00439712 0.176424E-01
0.00441842 0.137199E-01
0.00443971 0.103666E-01
0.004461 0.760808E-02
0.0044823 0.547022E-02
0.00450359 0.392383E-02
0.00452489 0.385662E-02
0.00454618 0.474683E-02
0.00456747 0.575115E-02
0.00458876 0.687554E-02
0.00461006 0.812593E-02
0.00463136 0.950823E-02
0.00465265 0.110284E-01
0.00467394 0.126924E-01
0.00469523 0.145061E-01
0.00471653 0.164754E-01
0.00473782 0.186064E-01
0.00475912 0.209048E-01
0.00478041 0.233768E-01
0.0048017 0.260281E-01
0.004823 0.304075E-01
0.00484429 0.389194E-01
0.00486559 0.514997E-01
0.00488687 0.677444E-01
0.00490817 0.870674E-01
0.00492947 0.109308E+00
0.00495076 0.134221E+00
0.00497205 0.161467E+00
0.00499334 0.192094E+00
0.00501465 0.235801E+00
0.00503595 0.323644E+00
0.00505725 0.416580E+00
0.0050785 0.484992E+00
0.0050998 0.521828E+00
0.0051211 0.526937E+00
0.0051424 0.504575E+00
0.0051637 0.425623E+00
0.005185 0.388403E+00
0.0052063 0.391999E+00
0.00522755 0.389775E+00
0.00524885 0.387513E+00
0.00527015 0.397094E+00
0.00529145 0.425698E+00
0.00531275 0.446031E+00
0.00533405 0.465048E+00
0.00535535 0.493046E+00
0.00537665 0.685165E+00
0.0053979 0.430677E+00
0.0054192 0.379399E+00
0.0054405 0.320480E+00
0.0054618 0.309446E+00
0.0054831 0.303281E+00
0.0055044 0.298003E+00
0.0055257 0.293445E+00
0.005547 0.322231E+00
0.00556825 0.306532E+00
0.00558955 0.280375E+00
0.00561085 0.260236E+00
0.00563215 0.264107E+00
0.00565345 0.162226E+00
0.00567475 0.142848E+00
0.00569605 0.157424E+00
0.00571735 0.190981E+00
0.0057386 0.272537E+00
0.0057599 0.372320E+00
0.0057812 0.420300E+00
0.0058025 0.393017E+00
0.0058238 0.256833E+00
0.0058451 0.242817E+00
0.0058664 0.678862E+00
0.00588765 0.770534E+00
0.00590895 0.279045E+00
0.00593025 0.168194E+00
0.00595155 0.150680E+00
0.00597285 0.140240E+00
0.00599415 0.135857E+00
0.00601545 0.144138E+00
0.00603675 0.174002E+00
0.006058 0.220367E+00
0.0060793 0.243256E+00
0.0061006 0.226895E+00
0.0061219 0.234297E+00
0.0061432 0.162046E+00
0.0061645 0.108313E+00
0.0061858 0.855574E-01
0.0062071 0.973190E-01
0.00622835 0.118605E+00
0.00624965 0.162856E+00
0.00627095 0.158166E+00
0.00629225 0.193069E+00
0.00631355 0.241218E+00
0.00633485 0.352648E+00
0.00635615 0.344221E+00
0.00637745 0.396194E+00
0.0063987 0.431845E+00
0.00642 0.474976E+00
0.0064413 0.537471E+00
0.0064626 0.667271E+00
0.0064839 0.685599E+00
0.0065052 0.732308E+00
0.0065265 0.776587E+00
0.0065478 0.736117E+00
0.00656905 0.718502E+00
0.00659035 0.763288E+00
0.00661165 0.972779E+00
0.00663295 0.102029E+01
0.00665425 0.993123E+00
0.00667555 0.872469E+00
0.00669685 0.757733E+00
0.0067181 0.614472E+00
0.0067394 0.636630E+00
0.0067607 0.510252E+00
0.006782 0.410037E+00
0.0068033 0.384707E+00
0.0068246 0.390684E+00
0.0068459 0.418774E+00
0.0068672 0.553929E+00
0.00688845 0.625079E+00
0.00690975 0.419808E+00
0.00693105 0.516367E+00
0.00695235 0.704544E+00
0.00697365 0.449880E+00
0.00699495 0.291927E+00
0.00701625 0.235296E+00
0.00703755 0.634200E+00
0.0070588 0.746685E+00
0.0070801 0.667483E+00
0.0071014 0.503243E+00
0.0071227 0.415760E+00
0.007144 0.400752E+00
0.0071653 0.577055E+00
0.0071866 0.465979E+00
0.0072079 0.291922E+00
0.00722915 0.193365E+00
0.00725045 0.260654E+00
0.00727175 0.334601E+00
0.00729305 0.309570E+00
0.00731435 0.241520E+00
0.00733565 0.170601E+00
0.00735695 0.801203E-01
0.00737825 0.159720E+00
0.0073995 0.256491E+00
0.0074208 0.271808E+00
0.0074421 0.252171E+00
0.0074634 0.244222E+00
0.0074847 0.234769E+00
0.007506 0.244341E+00
0.0075273 0.290739E+00
0.00754855 0.323531E+00
0.00756985 0.330914E+00
0.00759115 0.311816E+00
0.00761245 0.263265E+00
0.00763375 0.231489E+00
0.00765505 0.257674E+00
0.00767635 0.270883E+00
0.00769765 0.275657E+00
0.0077189 0.293980E+00
0.0077402 0.304600E+00
0.0077615 0.304740E+00
0.0077828 0.295122E+00
0.0078041 0.281631E+00
0.0078254 0.268790E+00
0.0078467 0.401731E+00
0.007868 0.465017E+00
0.00788925 0.410244E+00
0.00791055 0.334698E+00
0.00793185 0.309967E+00
0.00795315 0.313535E+00
0.00797445 0.253090E+00
0.00799575 0.262648E+00
0.00801705 0.312467E+00
0.00803835 0.359777E+00
0.0080596 0.405193E+00
0.0080809 0.452335E+00
0.0081022 0.584218E+00
0.0081235 0.853999E+00
0.0081448 0.576593E+00
0.0081661 0.525948E+00
0.0081874 0.401786E+00
0.0082087 0.631848E+00
0.00822995 0.488922E+00
0.00825125 0.507195E+00
0.00827255 0.542140E+00
0.00829385 0.447017E+00
0.00831515 0.405794E+00
0.00833645 0.595144E+00
0.00835775 0.359291E+00
0.008379 0.309679E+00
0.0084003 0.233001E+00
0.0084216 0.240604E+00
0.0084429 0.209338E+00
0.0084642 0.239035E+00
0.0084855 0.247778E+00
0.0085068 0.215652E+00
0.0085281 0.195496E+00
0.00854935 0.190742E+00
0.00857065 0.181718E+00
0.00859195 0.171245E+00
0.00861325 0.159536E+00
0.00863455 0.140947E+00
0.00865585 0.112543E+00
0.00867715 0.125329E+00
0.00869845 0.173449E+00
0.0087197 0.236672E+00
0.008741 0.283253E+00
0.0087623 0.231671E+00
0.0087836 0.142386E+00
0.0088049 0.983336E-01
0.0088262 0.753301E-01
0.0088475 0.585192E-01
0.0088688 0.438550E-01
0.00889005 0.312867E-01
0.00891135 0.207632E-01
0.00893265 0.122337E-01
0.00895395 0.564717E-02
0.00897525 0.481816E-02
0.00899655 0.233552E-01
0.00901785 0.639145E-01
0.0090391 0.126214E+00
0.0090604 0.191202E+00
0.0090817 0.242145E+00
0.009103 0.307386E+00
0.0091243 0.225984E+00
0.0091456 0.189144E+00
0.0091669 0.143720E+00
0.0091882 0.992227E-01
0.00920945 0.802598E-01
0.00923075 0.636007E-01
0.00925205 0.493458E-01
0.00927335 0.462706E-01
0.00929465 0.294412E-01
0.00931595 0.112744E-01
0.00933725 0.800942E-02
0.00935855 0.535175E-02
0.0093798 0.326817E-02
0.0094011 0.172543E-02
0.0094224 0.690296E-03
0.0094437 0.129510E-03
0.009465 0.000000E+00
0.0094863 0.000000E+00
0.0095076 0.000000E+00
0.0095289 0.000000E+00
0.00955015 0.000000E+00
0.00957145 0.000000E+00
0.00959275 0.000000E+00
0.00961405 0.000000E+00
0.00963535 0.000000E+00
0.00965665 0.000000E+00
0.00967795 0.000000E+00
0.00969925 0.000000E+00
0.0097205 0.000000E+00
0.0097418 0.000000E+00
0.0097631 0.000000E+00
0.0097844 0.000000E+00
0.0098057 0.580674E-01
0.009827 0.692697E-01
0.0098483 0.770576E-01
0.00986955 0.829576E-01
0.00989085 0.870084E-01
0.00991215 0.892485E-01
0.00993345 0.892114E-01
0.00995475 0.946536E-01
0.00997605 0.905987E-01
0.00999735 0.763457E-01
0.0100187 0.619099E-01
0.0100399 0.533737E-01
0.0100612 0.494268E-01
0.0100825 0.484703E-01
0.0101038 0.476058E-01
0.0101251 0.468790E-01
0.0101464 0.463358E-01
0.0101677 0.459819E-01
0.010189 0.457848E-01
0.0102103 0.457420E-01
0.0102316 0.458514E-01
0.0102529 0.461104E-01
0.0102741 0.465170E-01
0.0102954 0.527242E-01
0.0103167 0.557096E-01
0.010338 0.569519E-01
0.0103593 0.553910E-01
0.0103806 0.539258E-01
0.0104019 0.544437E-01
0.0104232 0.547142E-01
0.0104445 0.547586E-01
0.0104658 0.545984E-01
0.0104871 0.542548E-01
0.0105084 0.537493E-01
0.0105297 0.839032E-01
0.0105509 0.384032E-01
0.0105723 0.253644E-01
0.0105936 0.112087E-01
0.0106149 0.147625E-02
0.0106362 0.000000E+00
