   6.565524684      0.2611674196E-03   1.629688303    
   7.519489809      0.2611405952E-03   1.629665275    
   8.473454934      0.2611192611E-03   1.629641291    
   9.427420059      0.2611028846E-03   1.629617669    
   10.38138518      0.2610504847E-03   1.629592255    
   11.33535031      0.2609169543E-03   1.629563071    
   12.28931543      0.2607829072E-03   1.629541287    
   13.24328056      0.2605274967E-03   1.629517895    
   14.19724568      0.2601864286E-03   1.629499801    
   15.15121081      0.2597383907E-03   1.629488090    
   16.10517593      0.2591478228E-03   1.629482335    
   17.05914106      0.2584312111E-03   1.629487038    
   18.01310618      0.2575358683E-03   1.629499783    
   18.96707131      0.2564690183E-03   1.629523768    
   19.92103643      0.2552396771E-03   1.629562018    
   20.87500156      0.2537725811E-03   1.629609757    
   21.82896668      0.2520645121E-03   1.629668824    
   22.78293181      0.2502103364E-03   1.629749080    
   23.73689693      0.2480192616E-03   1.629836099    
   24.69086206      0.2455814839E-03   1.629939217    
   25.64482718      0.2428961315E-03   1.630059789    
   26.59879231      0.2399627631E-03   1.630199017    
   27.55275743      0.2366496207E-03   1.630348861    
   28.50672256      0.2329320804E-03   1.630509770    
   29.46068768      0.2289319611E-03   1.630691697    
   30.41465281      0.2246471266E-03   1.630895510    
   31.36861793      0.2199050380E-03   1.631112130    
   32.32258306      0.2146685585E-03   1.631341866    
   33.27654818      0.2090887961E-03   1.631594948    
   34.23051331      0.2029467263E-03   1.631861824    
   35.18447844      0.1961833038E-03   1.632142713    
   36.13844356      0.1887251423E-03   1.632437766    
   37.09240869      0.1807453037E-03   1.632757358    
   38.04637381      0.1719075995E-03   1.633091484    
   39.00033894      0.1620656264E-03   1.633440283    
   39.95430406      0.1510164764E-03   1.633803852    
   40.90826919      0.1388668505E-03   1.634192375    
   41.86223431      0.1244122542E-03   1.634585781    
   42.81619944      0.1077718911E-03   1.635004204    
   43.77016456      0.8706245631E-04   1.635437608    
   44.72412969      0.5819739092E-04   1.635884492    
   45.67809481      0.1518623844E-04   1.636217415    
   46.63205994      0.3249232076E-06   1.636235125    
   47.58602506      0.8048192634E-09   1.636250183    
   48.53999019      0.7973343668E-09   1.636237933    
   49.49395531      0.4234668551E-09   1.636248495    
   50.44792044      0.4170747947E-09   1.636230704    
   51.40188556      0.2890383259E-09   1.636236844    
   52.35585069      0.2830922413E-09   1.636240957    
   53.30981581      0.2233234172E-09   1.636243066    
   54.26378094      0.2175404326E-09   1.636243183    
   55.21774606      0.1775875028E-09   1.636241309    
   56.17171119      0.1720750981E-09   1.636237433    
   57.12567631      0.1663580512E-09   1.636231533    
   58.07964144      0.1386315836E-09   1.636253984    
   59.03360656      0.1333179929E-09   1.636244704    
   59.98757169      0.1279238080E-09   1.636233336    
   60.94153681      0.1224850228E-09   1.636251809    
   61.89550194      0.1169979791E-09   1.636237021    
   62.84946706      0.1115093067E-09   1.636252969    
   63.80343219      0.1060214645E-09   1.636234693    
   64.75739731      0.1005810687E-09   1.636248204    
   65.71136244      0.9520818121E-10   1.636260567    
   66.66532756      0.8990720451E-10   1.636237433    
   67.61929269      0.8471836430E-10   1.636247447    
   68.57325781      0.7965663156E-10   1.636256385    
   69.52722294      0.7472248205E-10   1.636228125    
   70.48118806      0.6994739836E-10   1.636234723    
   71.43515319      0.6534021699E-10   1.636240283    
   72.38911831      0.6090957429E-10   1.636244821    
   73.34308344      0.5666236439E-10   1.636248350    
   74.29704856      0.5260370277E-10   1.636250880    
   75.25101369      0.4873699175E-10   1.636252418    
   76.20497881      0.4506402884E-10   1.636252969    
   77.15894394      0.4158513384E-10   1.636252534    
   78.11290906      0.3829928396E-10   1.636251112    
   79.06687419      0.3520425169E-10   1.636248699    
   80.02083931      0.3229674235E-10   1.636245288    
   80.97480444      0.2957252925E-10   1.636240869    
   81.92876956      0.2702658481E-10   1.636235430    
   82.88273469      0.2465320637E-10   1.636228956    
   83.83669981      0.2245157888E-10   1.636265133    
   84.79066494      0.2040778111E-10   1.636257367    
   85.74463006      0.1851571258E-10   1.636248554    
   86.69859519      0.1676829714E-10   1.636238668    
   87.65256031      0.1515821109E-10   1.636227680    
   88.60652544      0.1368156547E-10   1.636261947    
   89.56049056      0.1232615134E-10   1.636249717    
   90.51445569      0.1108519875E-10   1.636236344    
   91.46842081      0.9951561983E-11   1.636221786    
   92.42238594      0.8920624794E-11   1.636254765    
   93.37635106      0.7982209284E-11   1.636238962    
   94.33031619      0.7130097205E-11   1.636221905    
   95.28428131      0.6359785207E-11   1.636253897    
   96.23824644      0.5662742280E-11   1.636235578    
   97.19221156      0.5034948747E-11   1.636266679    
   98.14617669      0.4468983677E-11   1.636247097    
   99.10014181      0.3959951079E-11   1.636226135    
   100.0541069      0.3504092466E-11   1.636256529    
   101.0080721      0.3095421723E-11   1.636234251    
