   4.496506688      0.2208897614E-03   1.631154121    
   5.149845267      0.2208755009E-03   1.631142479    
   5.803183845      0.2208943145E-03   1.631132116    
   6.456522424      0.2208890360E-03   1.631118790    
   7.109861002      0.2208630978E-03   1.631103087    
   7.763199581      0.2208420344E-03   1.631087475    
   8.416538160      0.2208011328E-03   1.631070748    
   9.069876738      0.2207504642E-03   1.631054554    
   9.723215317      0.2206746370E-03   1.631038724    
   10.37655390      0.2205817845E-03   1.631024989    
   11.02989247      0.2204153994E-03   1.631010207    
   11.68323105      0.2202041394E-03   1.630997766    
   12.33656963      0.2199772641E-03   1.630991026    
   12.98990821      0.2196405901E-03   1.630984061    
   13.64324679      0.2192703241E-03   1.630983637    
   14.29658537      0.2187496046E-03   1.630982237    
   14.94992395      0.2182257394E-03   1.630991531    
   15.60326252      0.2175689683E-03   1.631003054    
   16.25660110      0.2167814849E-03   1.631017942    
   16.90993968      0.2158658168E-03   1.631037263    
   17.56327826      0.2149150337E-03   1.631068028    
   18.21661684      0.2138518606E-03   1.631105582    
   18.86995542      0.2125817782E-03   1.631144589    
   19.52329400      0.2111993642E-03   1.631191864    
   20.17663257      0.2097100529E-03   1.631248245    
   20.82997115      0.2081199271E-03   1.631314493    
   21.48330973      0.2063150485E-03   1.631384515    
   22.13664831      0.2044118389E-03   1.631465524    
   22.78998689      0.2022848838E-03   1.631551142    
   23.44332547      0.1999226018E-03   1.631641624    
   24.09666405      0.1974596519E-03   1.631744428    
   24.75000262      0.1949047774E-03   1.631860026    
   25.40334120      0.1919418435E-03   1.631974206    
   26.05667978      0.1888738325E-03   1.632101735    
   26.71001836      0.1857104230E-03   1.632242957    
   27.36335694      0.1820806195E-03   1.632383280    
   28.01669552      0.1783366767E-03   1.632537699    
   28.67003410      0.1742751207E-03   1.632698951    
   29.32337267      0.1698698260E-03   1.632867173    
   29.97671125      0.1653311372E-03   1.633049990    
   30.63004983      0.1601556566E-03   1.633232552    
   31.28338841      0.1548003842E-03   1.633429931    
   31.93672699      0.1489754606E-03   1.633634721    
   32.59006557      0.1429368555E-03   1.633854331    
   33.24340415      0.1360001949E-03   1.634074220    
   33.89674273      0.1283574782E-03   1.634301783    
   34.55008130      0.1202828867E-03   1.634544238    
   35.20341988      0.1112607241E-03   1.634794358    
   35.85675846      0.1010340778E-03   1.635052227    
   36.51009704      0.8918570039E-04   1.635317917    
   37.16343562      0.7494567593E-04   1.635591490    
   37.81677420      0.5655467185E-04   1.635872654    
   38.47011278      0.2960445048E-04   1.636140508    
   39.12345135      0.4213947795E-05   1.636234088    
   39.77678993      0.7344361365E-07   1.636247505    
   40.43012851      0.7216044493E-09   1.636236370    
   41.08346709      0.7155949317E-09   1.636244647    
   41.73680567      0.4256985759E-09   1.636251509    
   42.39014425      0.4202260107E-09   1.636234938    
   43.04348283      0.3004737810E-09   1.636238788    
   43.69682140      0.2953422712E-09   1.636241260    
   44.35015998      0.2338834420E-09   1.636242364    
   45.00349856      0.2289161096E-09   1.636242103    
   45.65683714      0.2236533199E-09   1.636240477    
   46.31017572      0.1731010247E-09   1.636237479    
   46.96351430      0.1683743109E-09   1.636233098    
   47.61685288      0.1635201531E-09   1.636252225    
   48.27019145      0.1397647368E-09   1.636245528    
   48.92353003      0.1351563068E-09   1.636237419    
   49.57686861      0.1304964627E-09   1.636253773    
   50.23020719      0.1257640485E-09   1.636243346    
   50.88354577      0.1209767852E-09   1.636231438    
   51.53688435      0.1027688399E-09   1.636245168    
   52.19022293      0.9844867164E-10   1.636230871    
   52.84356150      0.9416648101E-10   1.636242905    
   53.49690008      0.8992628639E-10   1.636254130    
   54.15023866      0.8571737146E-10   1.636236532    
   54.80357724      0.8157293067E-10   1.636246127    
   55.45691582      0.7749976558E-10   1.636254963    
   56.11025440      0.7349046637E-10   1.636233947    
   56.76359298      0.6957557245E-10   1.636241180    
   57.41693155      0.6576063361E-10   1.636247685    
   58.07027013      0.6205262050E-10   1.636253476    
   58.72360871      0.5845788174E-10   1.636258564    
   59.37694729      0.5496858326E-10   1.636232127    
   60.03028587      0.5160652671E-10   1.636235604    
   60.68362445      0.4837289061E-10   1.636238385    
   61.33696303      0.4526979838E-10   1.636240477    
   61.99030161      0.4229879246E-10   1.636241882    
   62.64364018      0.3946068872E-10   1.636242604    
   63.29697876      0.3675556954E-10   1.636242644    
   63.95031734      0.3418282395E-10   1.636242003    
   64.60365592      0.3174120356E-10   1.636240678    
   65.25699450      0.2942888330E-10   1.636238667    
   65.91033308      0.2724352299E-10   1.636235967    
   66.56367166      0.2518232813E-10   1.636232572    
   67.21701023      0.2324210900E-10   1.636228476    
   67.87034881      0.2142540390E-10   1.636259116    
   68.52368739      0.1972027148E-10   1.636254111    
   69.17702597      0.1812384466E-10   1.636248403    
