+------------------------------+
|     Eliashberg equations     |
+------------------------------+
 
Temperature range :    3.843168109       69.17702597    
Number of temperature steps :    100
Number of output frequencies :     2000
Fermionic Matsubara frequency cut-off
 phonons :   0.1209568538    
 Coulomb :   0.6047842688E-02
 
Temperature (kelvin) :    4.496506688    
Number of Matsubara frequencies
 phonons :     1352
 Coulomb :     1352
Eliashberg equations converged in    106 iterations
 
Temperature (kelvin) :    5.149845267    
Number of Matsubara frequencies
 phonons :     1180
 Coulomb :     1180
Eliashberg equations converged in     82 iterations
 
Temperature (kelvin) :    5.803183845    
Number of Matsubara frequencies
 phonons :     1048
 Coulomb :     1048
Eliashberg equations converged in     81 iterations
 
Temperature (kelvin) :    6.456522424    
Number of Matsubara frequencies
 phonons :      942
 Coulomb :      942
Eliashberg equations converged in     80 iterations
 
Temperature (kelvin) :    7.109861002    
Number of Matsubara frequencies
 phonons :      855
 Coulomb :      855
Eliashberg equations converged in     80 iterations
 
Temperature (kelvin) :    7.763199581    
Number of Matsubara frequencies
 phonons :      783
 Coulomb :      783
Eliashberg equations converged in     79 iterations
 
Temperature (kelvin) :    8.416538160    
Number of Matsubara frequencies
 phonons :      722
 Coulomb :      722
Eliashberg equations converged in     79 iterations
 
Temperature (kelvin) :    9.069876738    
Number of Matsubara frequencies
 phonons :      670
 Coulomb :      670
Eliashberg equations converged in     78 iterations
 
Temperature (kelvin) :    9.723215317    
Number of Matsubara frequencies
 phonons :      625
 Coulomb :      625
Eliashberg equations converged in     78 iterations
 
Temperature (kelvin) :    10.37655390    
Number of Matsubara frequencies
 phonons :      586
 Coulomb :      586
Eliashberg equations converged in     78 iterations
 
Temperature (kelvin) :    11.02989247    
Number of Matsubara frequencies
 phonons :      551
 Coulomb :      551
Eliashberg equations converged in     78 iterations
 
Temperature (kelvin) :    11.68323105    
Number of Matsubara frequencies
 phonons :      520
 Coulomb :      520
Eliashberg equations converged in     78 iterations
 
Temperature (kelvin) :    12.33656963    
Number of Matsubara frequencies
 phonons :      493
 Coulomb :      493
Eliashberg equations converged in     78 iterations
 
Temperature (kelvin) :    12.98990821    
Number of Matsubara frequencies
 phonons :      468
 Coulomb :      468
Eliashberg equations converged in     79 iterations
 
Temperature (kelvin) :    13.64324679    
Number of Matsubara frequencies
 phonons :      446
 Coulomb :      446
Eliashberg equations converged in     79 iterations
 
Temperature (kelvin) :    14.29658537    
Number of Matsubara frequencies
 phonons :      425
 Coulomb :      425
Eliashberg equations converged in     80 iterations
 
Temperature (kelvin) :    14.94992395    
Number of Matsubara frequencies
 phonons :      407
 Coulomb :      407
Eliashberg equations converged in     81 iterations
 
Temperature (kelvin) :    15.60326252    
Number of Matsubara frequencies
 phonons :      390
 Coulomb :      390
Eliashberg equations converged in     82 iterations
 
Temperature (kelvin) :    16.25660110    
Number of Matsubara frequencies
 phonons :      374
 Coulomb :      374
Eliashberg equations converged in     83 iterations
 
Temperature (kelvin) :    16.90993968    
Number of Matsubara frequencies
 phonons :      359
 Coulomb :      359
Eliashberg equations converged in     85 iterations
 
Temperature (kelvin) :    17.56327826    
Number of Matsubara frequencies
 phonons :      346
 Coulomb :      346
Eliashberg equations converged in     86 iterations
 
Temperature (kelvin) :    18.21661684    
Number of Matsubara frequencies
 phonons :      334
 Coulomb :      334
Eliashberg equations converged in     88 iterations
 
Temperature (kelvin) :    18.86995542    
Number of Matsubara frequencies
 phonons :      322
 Coulomb :      322
Eliashberg equations converged in     90 iterations
 
Temperature (kelvin) :    19.52329400    
Number of Matsubara frequencies
 phonons :      311
 Coulomb :      311
Eliashberg equations converged in     92 iterations
 
Temperature (kelvin) :    20.17663257    
Number of Matsubara frequencies
 phonons :      301
 Coulomb :      301
Eliashberg equations converged in     95 iterations
 
Temperature (kelvin) :    20.82997115    
Number of Matsubara frequencies
 phonons :      292
 Coulomb :      292
Eliashberg equations converged in     97 iterations
 
Temperature (kelvin) :    21.48330973    
Number of Matsubara frequencies
 phonons :      283
 Coulomb :      283
Eliashberg equations converged in    100 iterations
 
Temperature (kelvin) :    22.13664831    
Number of Matsubara frequencies
 phonons :      275
 Coulomb :      275
Eliashberg equations converged in    103 iterations
 
Temperature (kelvin) :    22.78998689    
Number of Matsubara frequencies
 phonons :      267
 Coulomb :      267
Eliashberg equations converged in    107 iterations
 
Temperature (kelvin) :    23.44332547    
Number of Matsubara frequencies
 phonons :      259
 Coulomb :      259
Eliashberg equations converged in    111 iterations
 
Temperature (kelvin) :    24.09666405    
Number of Matsubara frequencies
 phonons :      252
 Coulomb :      252
Eliashberg equations converged in    115 iterations
 
Temperature (kelvin) :    24.75000262    
Number of Matsubara frequencies
 phonons :      246
 Coulomb :      246
Eliashberg equations converged in    119 iterations
 
Temperature (kelvin) :    25.40334120    
Number of Matsubara frequencies
 phonons :      239
 Coulomb :      239
Eliashberg equations converged in    125 iterations
 
Temperature (kelvin) :    26.05667978    
Number of Matsubara frequencies
 phonons :      233
 Coulomb :      233
Eliashberg equations converged in    130 iterations
 
Temperature (kelvin) :    26.71001836    
Number of Matsubara frequencies
 phonons :      228
 Coulomb :      228
Eliashberg equations converged in    136 iterations
 
Temperature (kelvin) :    27.36335694    
Number of Matsubara frequencies
 phonons :      222
 Coulomb :      222
Eliashberg equations converged in    144 iterations
 
Temperature (kelvin) :    28.01669552    
Number of Matsubara frequencies
 phonons :      217
 Coulomb :      217
Eliashberg equations converged in    151 iterations
 
Temperature (kelvin) :    28.67003410    
Number of Matsubara frequencies
 phonons :      212
 Coulomb :      212
Eliashberg equations converged in    160 iterations
 
Temperature (kelvin) :    29.32337267    
Number of Matsubara frequencies
 phonons :      207
 Coulomb :      207
Eliashberg equations converged in    171 iterations
 
Temperature (kelvin) :    29.97671125    
Number of Matsubara frequencies
 phonons :      203
 Coulomb :      203
Eliashberg equations converged in    182 iterations
 
Temperature (kelvin) :    30.63004983    
Number of Matsubara frequencies
 phonons :      198
 Coulomb :      198
Eliashberg equations converged in    197 iterations
 
Temperature (kelvin) :    31.28338841    
Number of Matsubara frequencies
 phonons :      194
 Coulomb :      194
Eliashberg equations converged in    212 iterations
 
Temperature (kelvin) :    31.93672699    
Number of Matsubara frequencies
 phonons :      190
 Coulomb :      190
Eliashberg equations converged in    231 iterations
 
Temperature (kelvin) :    32.59006557    
Number of Matsubara frequencies
 phonons :      187
 Coulomb :      187
Eliashberg equations converged in    253 iterations
 
Temperature (kelvin) :    33.24340415    
Number of Matsubara frequencies
 phonons :      183
 Coulomb :      183
Eliashberg equations converged in    283 iterations
 
Temperature (kelvin) :    33.89674273    
Number of Matsubara frequencies
 phonons :      179
 Coulomb :      179
Eliashberg equations converged in    320 iterations
 
Temperature (kelvin) :    34.55008130    
Number of Matsubara frequencies
 phonons :      176
 Coulomb :      176
Eliashberg equations converged in    366 iterations
 
Temperature (kelvin) :    35.20341988    
Number of Matsubara frequencies
 phonons :      173
 Coulomb :      173
Eliashberg equations converged in    429 iterations
 
Temperature (kelvin) :    35.85675846    
Number of Matsubara frequencies
 phonons :      170
 Coulomb :      170
Eliashberg equations converged in    522 iterations
 
Temperature (kelvin) :    36.51009704    
Number of Matsubara frequencies
 phonons :      167
 Coulomb :      167
Eliashberg equations converged in    668 iterations
 
Temperature (kelvin) :    37.16343562    
Number of Matsubara frequencies
 phonons :      164
 Coulomb :      164
Eliashberg equations converged in    934 iterations
 
Temperature (kelvin) :    37.81677420    
Number of Matsubara frequencies
 phonons :      161
 Coulomb :      161
Failed to converge: possibly close to T_c
 
Temperature (kelvin) :    38.47011278    
Number of Matsubara frequencies
 phonons :      158
 Coulomb :      158
Failed to converge: possibly close to T_c
 
Temperature (kelvin) :    39.12345135    
Number of Matsubara frequencies
 phonons :      155
 Coulomb :      155
Failed to converge: possibly close to T_c
 
Temperature (kelvin) :    39.77678993    
Number of Matsubara frequencies
 phonons :      153
 Coulomb :      153
Failed to converge: possibly close to T_c
 
Temperature (kelvin) :    40.43012851    
Number of Matsubara frequencies
 phonons :      150
 Coulomb :      150
Eliashberg equations converged in    720 iterations
 
Temperature (kelvin) :    41.08346709    
Number of Matsubara frequencies
 phonons :      148
 Coulomb :      148
Eliashberg equations converged in      1 iterations
 
Temperature (kelvin) :    41.73680567    
Number of Matsubara frequencies
 phonons :      146
 Coulomb :      146
Eliashberg equations converged in     48 iterations
 
Temperature (kelvin) :    42.39014425    
Number of Matsubara frequencies
 phonons :      143
 Coulomb :      143
Eliashberg equations converged in      1 iterations
 
Temperature (kelvin) :    43.04348283    
Number of Matsubara frequencies
 phonons :      141
 Coulomb :      141
Eliashberg equations converged in     22 iterations
 
Temperature (kelvin) :    43.69682140    
Number of Matsubara frequencies
 phonons :      139
 Coulomb :      139
Eliashberg equations converged in      1 iterations
 
Temperature (kelvin) :    44.35015998    
Number of Matsubara frequencies
 phonons :      137
 Coulomb :      137
Eliashberg equations converged in     12 iterations
 
Temperature (kelvin) :    45.00349856    
Number of Matsubara frequencies
 phonons :      135
 Coulomb :      135
Eliashberg equations converged in      1 iterations
 
Temperature (kelvin) :    45.65683714    
Number of Matsubara frequencies
 phonons :      133
 Coulomb :      133
Eliashberg equations converged in      1 iterations
 
Temperature (kelvin) :    46.31017572    
Number of Matsubara frequencies
 phonons :      131
 Coulomb :      131
Eliashberg equations converged in     10 iterations
 
Temperature (kelvin) :    46.96351430    
Number of Matsubara frequencies
 phonons :      129
 Coulomb :      129
Eliashberg equations converged in      1 iterations
 
Temperature (kelvin) :    47.61685288    
Number of Matsubara frequencies
 phonons :      128
 Coulomb :      128
Eliashberg equations converged in      1 iterations
 
Temperature (kelvin) :    48.27019145    
Number of Matsubara frequencies
 phonons :      126
 Coulomb :      126
Eliashberg equations converged in      5 iterations
 
Temperature (kelvin) :    48.92353003    
Number of Matsubara frequencies
 phonons :      124
 Coulomb :      124
Eliashberg equations converged in      1 iterations
 
Temperature (kelvin) :    49.57686861    
Number of Matsubara frequencies
 phonons :      123
 Coulomb :      123
Eliashberg equations converged in      1 iterations
 
Temperature (kelvin) :    50.23020719    
Number of Matsubara frequencies
 phonons :      121
 Coulomb :      121
Eliashberg equations converged in      1 iterations
 
Temperature (kelvin) :    50.88354577    
Number of Matsubara frequencies
 phonons :      119
 Coulomb :      119
Eliashberg equations converged in      1 iterations
 
Temperature (kelvin) :    51.53688435    
Number of Matsubara frequencies
 phonons :      118
 Coulomb :      118
Eliashberg equations converged in      4 iterations
 
Temperature (kelvin) :    52.19022293    
Number of Matsubara frequencies
 phonons :      116
 Coulomb :      116
Eliashberg equations converged in      1 iterations
 
Temperature (kelvin) :    52.84356150    
Number of Matsubara frequencies
 phonons :      115
 Coulomb :      115
Eliashberg equations converged in      1 iterations
 
Temperature (kelvin) :    53.49690008    
Number of Matsubara frequencies
 phonons :      114
 Coulomb :      114
Eliashberg equations converged in      1 iterations
 
Temperature (kelvin) :    54.15023866    
Number of Matsubara frequencies
 phonons :      112
 Coulomb :      112
Eliashberg equations converged in      1 iterations
 
Temperature (kelvin) :    54.80357724    
Number of Matsubara frequencies
 phonons :      111
 Coulomb :      111
Eliashberg equations converged in      1 iterations
 
Temperature (kelvin) :    55.45691582    
Number of Matsubara frequencies
 phonons :      110
 Coulomb :      110
Eliashberg equations converged in      1 iterations
 
Temperature (kelvin) :    56.11025440    
Number of Matsubara frequencies
 phonons :      108
 Coulomb :      108
Eliashberg equations converged in      1 iterations
 
Temperature (kelvin) :    56.76359298    
Number of Matsubara frequencies
 phonons :      107
 Coulomb :      107
Eliashberg equations converged in      1 iterations
 
Temperature (kelvin) :    57.41693155    
Number of Matsubara frequencies
 phonons :      106
 Coulomb :      106
Eliashberg equations converged in      1 iterations
 
Temperature (kelvin) :    58.07027013    
Number of Matsubara frequencies
 phonons :      105
 Coulomb :      105
Eliashberg equations converged in      1 iterations
 
Temperature (kelvin) :    58.72360871    
Number of Matsubara frequencies
 phonons :      104
 Coulomb :      104
Eliashberg equations converged in      1 iterations
 
Temperature (kelvin) :    59.37694729    
Number of Matsubara frequencies
 phonons :      102
 Coulomb :      102
Eliashberg equations converged in      1 iterations
 
Temperature (kelvin) :    60.03028587    
Number of Matsubara frequencies
 phonons :      101
 Coulomb :      101
Eliashberg equations converged in      1 iterations
 
Temperature (kelvin) :    60.68362445    
Number of Matsubara frequencies
 phonons :      100
 Coulomb :      100
Eliashberg equations converged in      1 iterations
 
Temperature (kelvin) :    61.33696303    
Number of Matsubara frequencies
 phonons :       99
 Coulomb :       99
Eliashberg equations converged in      1 iterations
 
Temperature (kelvin) :    61.99030161    
Number of Matsubara frequencies
 phonons :       98
 Coulomb :       98
Eliashberg equations converged in      1 iterations
 
Temperature (kelvin) :    62.64364018    
Number of Matsubara frequencies
 phonons :       97
 Coulomb :       97
Eliashberg equations converged in      1 iterations
 
Temperature (kelvin) :    63.29697876    
Number of Matsubara frequencies
 phonons :       96
 Coulomb :       96
Eliashberg equations converged in      1 iterations
 
Temperature (kelvin) :    63.95031734    
Number of Matsubara frequencies
 phonons :       95
 Coulomb :       95
Eliashberg equations converged in      1 iterations
 
Temperature (kelvin) :    64.60365592    
Number of Matsubara frequencies
 phonons :       94
 Coulomb :       94
Eliashberg equations converged in      1 iterations
 
Temperature (kelvin) :    65.25699450    
Number of Matsubara frequencies
 phonons :       93
 Coulomb :       93
Eliashberg equations converged in      1 iterations
 
Temperature (kelvin) :    65.91033308    
Number of Matsubara frequencies
 phonons :       92
 Coulomb :       92
Eliashberg equations converged in      1 iterations
 
Temperature (kelvin) :    66.56367166    
Number of Matsubara frequencies
 phonons :       91
 Coulomb :       91
Eliashberg equations converged in      1 iterations
 
Temperature (kelvin) :    67.21701023    
Number of Matsubara frequencies
 phonons :       90
 Coulomb :       90
Eliashberg equations converged in      1 iterations
 
Temperature (kelvin) :    67.87034881    
Number of Matsubara frequencies
 phonons :       90
 Coulomb :       90
Eliashberg equations converged in      1 iterations
 
Temperature (kelvin) :    68.52368739    
Number of Matsubara frequencies
 phonons :       89
 Coulomb :       89
Eliashberg equations converged in      1 iterations
 
Temperature (kelvin) :    69.17702597    
Number of Matsubara frequencies
 phonons :       88
 Coulomb :       88
Eliashberg equations converged in      1 iterations
