   ******************************************
   *  Fit TB-model against ab initio data   *
   *        Least squares method            *
   ****************************************
 Problem : 

                    Test of fit input TB bandstructure (s)                      

   Protocol                 : simplex.prt                                                 
   ab initio data           : energ.li                                                    
   TB paramters start       : fcc_s1.parm                                                 
   TB parameters final      : fcc_f.parm                                                  
   TB parameters fit cont.  : fcc_c.parm                                                  



   Dimension  Hamiltonian :   1
   FORM of input data     : STANDARD

   Fit method             : simplex Nelder-Mead

   Initial deviation      :   0.2865E+00
   Final deviation        :   0.2203E-04


                  In/OUT 
   --------------------------------------
    MAXFN   5000
     STOP    0.1000E-09
    NLOOP     10
   icount    173
   numres      0
   ifault      0


   Initial parameter set
   ----------------------
   spd Papa (-0.25, +0.25)                                     

    1       (ss0)     0.05360
    2     (sss)_1     1.13150
    3     (sss)_2     0.19430
    4     (sss)_3     0.15650

   ********************************************
   *         Result of the fit                *
   *     parameter    initial      final      *
   ********************************************

    1         (ss0)     0.05360   -0.414555E-04
    2       (sss)_1     1.13150    0.100001E+01
    3       (sss)_2     0.19430    0.221469E-04
    4       (sss)_3     0.15650    0.148008E-04
