   ******************************************
   *  Fit TB-model against ab initio data   *
   ******************************************
 
 Problem : 

                    Test of fit input TB bandstructure (spd)                    

   Protocol                 : sim1_2.prt                                                  
   ab initio data           : energ.lis                                                   
   TB parameters start      : cu_c1_1.parm                                                
   TB parameters final      : cu_f1_2.parm                                                
   TB parameters fit cont.  : cu_c1_2.parm                                                
   TB paprameters fixed     :                                                             


 
   Dimension  Hamiltonian :   9
   FORM of input data     : STANDARD
 
   Initial parameter set
   ----------------------
   Cu_spd Papa (-0.02,0.02)                                    
 
    1     (sss)_1      -0.07513
    2     (sps)_1       0.11395
    3     (pps)_1       0.19656
    4     (ppp)_1       0.01934
    5     (sds)_1      -0.03004
    6     (pds)_1       0.03893
    7     (pdp)_1      -0.03335
    8     (dds)_1      -0.02566
    9     (ddp)_1       0.01822
   10     (ddd)_1      -0.00420
   11     (sss)_2      -0.00123
   12     (sps)_2       0.01538
   13     (pps)_2       0.05356
   14     (ppp)_2       0.00877
   15     (sds)_2       0.03182
   16     (pds)_2       0.04560
   17     (pdp)_2      -0.00259
   18     (dds)_2      -0.00440
   19     (ddp)_2       0.00258
   20     (ddd)_2      -0.00049
   21       (ss0)       0.79586
   22       (pp0)       1.35379
   23       (dd0)       0.36958
 
 
   Fit method             : simplex Nelder-Mead
 
   Initial deviation      :   0.3895E-02
   Final deviation        :   0.5264E-04

 
                  In/OUT 
   --------------------------------------
    MAXFN  50000
     STOP    0.1000E-09
    NLOOP    100
   icount  50001
   numres    280
   ifault      2
 
 
   ********************************************
   *         Result of the fit                *
   *     parameter    initial      final      *
   ********************************************
 
    1       (sss)_1    -0.07718   -0.751288E-01
    2       (sps)_1     0.15387    0.113951E+00
    3       (pps)_1     0.19752    0.196560E+00
    4       (ppp)_1     0.01958    0.193446E-01
    5       (sds)_1    -0.00639   -0.300368E-01
    6       (pds)_1     0.01792    0.389291E-01
    7       (pdp)_1     0.01639   -0.333499E-01
    8       (dds)_1    -0.02455   -0.256643E-01
    9       (ddp)_1     0.02110    0.182176E-01
   10       (ddd)_1    -0.00733   -0.419799E-02
   11       (sss)_2    -0.00479   -0.122773E-02
   12       (sps)_2     0.03239    0.153841E-01
   13       (pps)_2     0.07457    0.535612E-01
   14       (ppp)_2    -0.00176    0.877490E-02
   15       (sds)_2    -0.04853    0.318246E-01
   16       (pds)_2     0.05539    0.455970E-01
   17       (pdp)_2     0.02898   -0.258534E-02
   18       (dds)_2    -0.00504   -0.439966E-02
   19       (ddp)_2     0.00296    0.257571E-02
   20       (ddd)_2     0.00125   -0.493911E-03
   21         (ss0)     0.84029    0.795857E+00
   22         (pp0)     1.34891    0.135379E+01
   23         (dd0)     0.36362    0.369580E+00
