   ******************************************
   *  Fit TB-model against ab initio data   *
   ******************************************
 
 Problem : 

                    Test of fit input TB (spd) symmetry points                  

   Protocol                 : lsqr1_1.prt                                                 
   ab initio data           : energ.li                                                    
   TB parameters start      : cu_c1_1.parm                                                
   TB parameters final      : cu_f1_2.parm                                                
   TB parameters fit cont.  : cu_c1_2.parm                                                
   TB paprameters fixed     :                                                             


 
   Dimension  Hamiltonian :   9
   FORM of input data     : STANDARD
 
   Initial parameter set
   ----------------------
   Cu_spd Papa (-0.02,0.02)                                    
 
    1     (sss)_1      -0.07744
    2     (sps)_1       0.12358
    3     (pps)_1       0.22052
    4     (ppp)_1      -0.00005
    5     (sds)_1       0.02375
    6     (pds)_1       0.09416
    7     (pdp)_1       0.02029
    8     (dds)_1      -0.03177
    9     (ddp)_1       0.01150
   10     (ddd)_1       0.00203
   11     (sss)_2       0.00018
   12     (sps)_2      -0.00173
   13     (pps)_2       0.10456
   14     (ppp)_2      -0.00048
   15     (sds)_2       0.03301
   16     (pds)_2       0.10127
   17     (pdp)_2      -0.00475
   18     (dds)_2      -0.01197
   19     (ddp)_2       0.00051
   20     (ddd)_2       0.00009
   21       (ss0)       0.82815
   22       (pp0)       1.24993
   23       (dd0)       0.40435
 
 
   Fit method             : least squares fit
 
   Weight factors for bands :
   All factors are 1.0
 
 
   Initial deviation      :   0.3730E-01
   Final deviation        :   0.1018E-02

 
 
                  In     |    Out 
   --------------------------------------
   EPSREL    0.0000E+00  |     0.0000E+00
      EFX    0.0000E+00  |     0.1363E+00
    EGRAD    0.0000E+00  |     0.1673E-02
    ITMAX   2000         |      22
   IPRINT      0         |     790
       IE      0         |       4
 
 
   ********************************************
   *         Result of the fit                *
   *     parameter    initial      final      *
   ********************************************
 
    1       (sss)_1    -0.07744   -0.748357E-01
    2       (sps)_1     0.12358    0.112215E+00
    3       (pps)_1     0.22052    0.196462E+00
    4       (ppp)_1    -0.00005    0.192316E-01
    5       (sds)_1     0.02375   -0.322522E-01
    6       (pds)_1     0.09416    0.901426E-02
    7       (pdp)_1     0.02029   -0.348617E-01
    8       (dds)_1    -0.03177   -0.253561E-01
    9       (ddp)_1     0.01150    0.182384E-01
   10       (ddd)_1     0.00203   -0.436006E-02
   11       (sss)_2     0.00018   -0.609754E-03
   12       (sps)_2    -0.00173    0.148677E-01
   13       (pps)_2     0.10456    0.550111E-01
   14       (ppp)_2    -0.00048    0.829098E-02
   15       (sds)_2     0.03301    0.218499E-01
   16       (pds)_2     0.10127    0.380350E-02
   17       (pdp)_2    -0.00475   -0.461899E-03
   18       (dds)_2    -0.01197   -0.464704E-02
   19       (ddp)_2     0.00051    0.180138E-02
   20       (ddd)_2     0.00009   -0.159459E-03
   21         (ss0)     0.82815    0.787514E+00
   22         (pp0)     1.24993    0.135281E+01
   23         (dd0)     0.40435    0.371848E+00
