29
9
9	0.5	0.5	0.5	0.21339488425103853	0.34781646934227084	0.34781646934227095	0.44168353065772914	0.44168353065772925	0.50273	0.8594051157489615	1.5664699999999998	1.5664699999999998
9	0.4642857142857143	0.4642857142857143	0.4642857142857143	0.20976247766583297	0.3482866697259337	0.3482866697259339	0.440840738328249	0.44084073832824905	0.48533227706378207	0.8942527235878603	1.5773922996975103	1.5773922996975107
9	0.42857142857142855	0.42857142857142855	0.42857142857142855	0.1988974370484838	0.34966162422843533	0.34966162422843544	0.43836865982547657	0.4383686598254766	0.4476515729391773	0.9835580372226363	1.609609540554447	1.6096095405544473
9	0.39285714285714285	0.39285714285714285	0.39285714285714285	0.18090888178083872	0.3518321077049235	0.3518321077049238	0.40868972484542415	0.4344366204465119	0.43443662044651205	1.1061662450707803	1.6615011298130784	1.6615011298130802
9	0.35714285714285715	0.35714285714285715	0.35714285714285715	0.1561356035886093	0.3546079154812	0.35460791548120035	0.37689423264582844	0.42932940171050077	0.429329401710501	1.249998699063196	1.7304587614311902	1.730458761431191
9	0.32142857142857145	0.32142857142857145	0.32142857142857145	0.1254856428938404	0.3545169647924133	0.3577033222616718	0.3577033222616719	0.4234550159169027	0.42345501591690293	1.4075197248486695	1.8130192314942353	1.8130192314942355
9	0.2857142857142857	0.2857142857142857	0.2857142857142857	0.09058324738726453	0.34102896784470144	0.36071305874408316	0.3607130587440837	0.41736134234377703	0.4173613423437772	1.5723942728553715	1.9050393529266707	1.9050393529266711
9	0.25	0.25	0.25	0.05348439883950872	0.3347664737276967	0.36308970884151587	0.36308970884151626	0.41175129070287525	0.41175129070287564	1.7383891274327943	2.0019040004556077	2.001904000455608
9	0.21428571428571427	0.21428571428571427	0.21428571428571427	0.016304993242345824	0.33380026727364165	0.3641965933431822	0.3641965933431825	0.4074225239906683	0.4074225239906685	1.8991682513966772	2.0987571286516165	2.0987571286516165
9	0.17857142857142858	0.17857142857142858	0.17857142857142858	-0.018968098351904196	0.3363026758612794	0.3636006089892943	0.3636006089892943	0.4049672470964993	0.40496724709649934	2.0484230899557034	2.1907445742413967	2.190744574241397
9	0.14285714285714285	0.14285714285714285	0.14285714285714285	-0.05054090304149429	0.3406618308720524	0.3615087047627316	0.3615087047627317	0.40432845736120965	0.4043284573612102	2.1801305368718085	2.273256759253167	2.2732567592531674
9	0.10714285714285714	0.10714285714285714	0.10714285714285714	-0.0768511898518077	0.345517580622813	0.3587214453226332	0.3587214453226335	0.40483943164638997	0.40483943164639014	2.2888487575319516	2.342159265066461	2.342159265066462
9	0.07142857142857142	0.07142857142857142	0.07142857142857142	-0.09661370710286916	0.349783197030141	0.35611388517860765	0.3561138851786078	0.4057365436512872	0.40573654365128736	2.3700034628624307	2.3939997465617444	2.3939997465617457
9	0.03571428571428571	0.03571428571428571	0.03571428571428571	-0.10886810719284148	0.35266518196154945	0.3543162694933322	0.3543162694933326	0.40647323414440384	0.4064732341444039	2.4201354469138168	2.4261807886105697	2.42618078861057
9	0.	0.	0.	-0.11301999999999993	0.35368	0.35368	0.35368	0.40674999999999994	0.40674999999999994	2.43709	2.43709	2.43709
9	0.	0.	0.07142857142857142	-0.10750004324622428	0.35234142420690095	0.35452884460518097	0.35452884460518125	0.40542682940580405	0.4073301910876256	2.4144704937681594	2.4226413061687504	2.4226413061687513
9	0.	0.	0.14285714285714285	-0.09138568241851185	0.3483843224797287	0.3571005901793749	0.3571005901793752	0.4016750171427223	0.4090331750191565	2.349183309307552	2.3802704244425614	2.3802704244425623
9	0.	0.	0.21428571428571427	-0.06590185360532337	0.3419833148021252	0.3614561002973654	0.3614561002973661	0.39612083777115303	0.4117497514488469	2.2484589716374885	2.312804486442447	2.3128044864424484
9	0.	0.	0.2857142857142857	-0.03274539995194689	0.3334249743091888	0.36765154256067273	0.36765154256067273	0.38972938003626834	0.41530929977294007	2.1228289965568514	2.22464135627174	2.22464135627174
9	0.	0.	0.35714285714285715	0.006313769122334925	0.3231002706791437	0.3756831838544541	0.3756831838544541	0.3837397892630164	0.41949514812447697	1.9841618696757073	2.1213261077846495	2.1213261077846495
9	0.	0.	0.42857142857142855	0.04967720609135687	0.31149252754607104	0.37974062361029265	0.38543158875519157	0.38543158875519207	0.42406300047039425	1.8435109607458526	2.0090455056637038	2.0090455056637047
9	0.	0.	0.5	0.09556085690217979	0.29915999999999954	0.38017104751851233	0.39661875622964643	0.39661875622964665	0.42876000000000003	1.709278095579309	1.8941112437703524	1.8941112437703533
9	0.	0.	0.5714285714285714	0.14055339607391154	0.2867125963406953	0.3895677059155523	0.4087871684337526	0.40878716843375273	0.4333421234163725	1.58616630220883	1.7825016107709535	1.7825016107709548
9	0.	0.	0.6428571428571429	0.17798512532916594	0.27478297749101244	0.4155913703544766	0.42130349863329775	0.42130349863329775	0.43758810004567916	1.475210813063002	1.679517873142781	1.679517873142781
9	0.	0.	0.7142857142857143	0.20113147476281598	0.2639931499742003	0.43338543066945073	0.4333854306694508	0.4413088245104493	0.46488927586084583	1.374892814897074	1.5895864602897154	1.5895864602897154
9	0.	0.	0.7857142857142857	0.21062383203960236	0.2549185609144855	0.44415112522585853	0.44415112522585865	0.4443521242677637	0.5345300402189	1.283161629776271	1.516203498242748	1.5162034982427481
9	0.	0.	0.8571428571428571	0.212415738689394	0.24805242935011593	0.44660357681068735	0.4526969726355729	0.4526969726355731	0.6123657606661157	1.200463119805024	1.4619813493273064	1.4619813493273073
9	0.	0.	0.9285714285714286	0.2116273757805818	0.24377345190633237	0.4479846850256076	0.4582117843573493	0.4582117843573495	0.6796461939230295	1.1348329557228545	1.428732191245116	1.4287321912451163
9	0.	0.	1.	0.21107402714974613	0.24231999999999998	0.44844999999999996	0.46012	0.4601200000000001	0.7083699999999998	1.1074359728502539	1.4175300000000002	1.4175300000000002