   ******************************************
   *  Fit TB-model against ab initio data   *
   ******************************************
 
 Problem : 

                    Test of fit input TB bandstructure (spd)                    

   Protocol                 : gen1_1.prt                                                  
   ab initio data           : energ.li                                                    
   TB parameters start      : cu_spdn1.parm                                               
   TB parameters final      : cu_f1_1.parm                                                
   TB parameters fit cont.  : cu_c1_1.parm                                                
   TB paprameters fixed     :                                                             


 
   Dimension  Hamiltonian :   9
   FORM of input data     : STANDARD
 
   Initial parameter set
   ----------------------
   Cu_spd Papa (-0.02,0.02)                                    
 
    1     (sss)_1      -0.07675
    2     (sps)_1       0.11103
    3     (pps)_1       0.18857
    4     (ppp)_1       0.00013
    5     (sds)_1      -0.02297
    6     (pds)_1      -0.03860
    7     (pdp)_1       0.02687
    8     (dds)_1      -0.02823
    9     (ddp)_1       0.03336
   10     (ddd)_1      -0.01895
   11     (sss)_2      -0.00155
   12     (sps)_2       0.00987
   13     (pps)_2       0.06348
   14     (ppp)_2       0.00558
   15     (sds)_2      -0.02300
   16     (pds)_2       0.01279
   17     (pdp)_2       0.01176
   18     (dds)_2      -0.01600
   19     (ddp)_2       0.01155
   20     (ddd)_2      -0.01353
   21       (ss0)       0.79617
   22       (pp0)       1.33986
   23       (dd0)       0.36643
 
 
   Fit method             : genetic algorithm
 
   Initial deviation      :   0.1597E+01
   Final deviation        :   0.6807E+00

 
  final fitness :    1.469051    
         status :            0
 
                  In     |    Out 
   --------------------------------------
    GEN_INDIV  200         |     200
    GEN_GENER 1000         |    1000
     GEN_NUMB    6         |       6
    GEN_CROSS  0.8500E+00  |     0.8500E+00
   GEN_MUTMOD    2         |       2
   GEN_MUTINI  0.5000E-02  |     0.5000E-02
   GEN_MUTMIN  0.5000E-03  |     0.5000E-03
   GEN_MUTMAX  0.5000E+00  |     0.5000E+00
   GEN_RELFIT  0.1000E+01  |     0.1000E+01
   GEN_REPROD    2         |       2
   GEN_ELITIS    0         |       0
    GEN_PRINT    0         |       0

    GEN_XMIN  -0.5000E+00
    GEN_XMAX   0.2000E+01
    GEN_SEED   162534
 
 
   ********************************************
   *         Result of the fit                *
   *     parameter    initial      final      *
   ********************************************
 
    1       (sss)_1    -0.07675   -0.774350E-01
    2       (sps)_1     0.11103    0.123577E+00
    3       (pps)_1     0.18857    0.220525E+00
    4       (ppp)_1     0.00013   -0.474900E-04
    5       (sds)_1    -0.02297    0.237525E-01
    6       (pds)_1    -0.03860    0.941575E-01
    7       (pdp)_1     0.02687    0.202925E-01
    8       (dds)_1    -0.02823   -0.317750E-01
    9       (ddp)_1     0.03336    0.115025E-01
   10       (ddd)_1    -0.01895    0.202999E-02
   11       (sss)_2    -0.00155    0.177480E-03
   12       (sps)_2     0.00987   -0.172748E-02
   13       (pps)_2     0.06348    0.104558E+00
   14       (ppp)_2     0.00558   -0.477500E-03
   15       (sds)_2    -0.02300    0.330075E-01
   16       (pds)_2     0.01279    0.101268E+00
   17       (pdp)_2     0.01176   -0.474501E-02
   18       (dds)_2    -0.01600   -0.119725E-01
   19       (ddp)_2     0.01155    0.514992E-03
   20       (ddd)_2    -0.01353    0.875145E-04
   21         (ss0)     0.79617    0.828153E+00
   22         (pp0)     1.33986    0.124993E+01
   23         (dd0)     0.36643    0.404353E+00
