+------------------------------+
|     Eliashberg equations     |
+------------------------------+
 
Temperature range :    38.67588333       696.1659000    
Number of temperature steps :    100
Number of output frequencies :     2000
Fermionic Matsubara frequency cut-off
 phonons :   0.9586099383E-01
 Coulomb :   0.4793049691E-02
 
Temperature (kelvin) :    45.25078350    
Number of Matsubara frequencies
 phonons :      106
 Coulomb :      106
Eliashberg equations converged in     95 iterations
 
Temperature (kelvin) :    51.82568366    
Number of Matsubara frequencies
 phonons :       93
 Coulomb :       93
Eliashberg equations converged in     75 iterations
 
Temperature (kelvin) :    58.40058383    
Number of Matsubara frequencies
 phonons :       82
 Coulomb :       82
Eliashberg equations converged in     75 iterations
 
Temperature (kelvin) :    64.97548400    
Number of Matsubara frequencies
 phonons :       74
 Coulomb :       74
Eliashberg equations converged in     74 iterations
 
Temperature (kelvin) :    71.55038416    
Number of Matsubara frequencies
 phonons :       67
 Coulomb :       67
Eliashberg equations converged in     74 iterations
 
Temperature (kelvin) :    78.12528433    
Number of Matsubara frequencies
 phonons :       62
 Coulomb :       62
Eliashberg equations converged in     73 iterations
 
Temperature (kelvin) :    84.70018449    
Number of Matsubara frequencies
 phonons :       57
 Coulomb :       57
Eliashberg equations converged in     73 iterations
 
Temperature (kelvin) :    91.27508466    
Number of Matsubara frequencies
 phonons :       53
 Coulomb :       53
Eliashberg equations converged in     73 iterations
 
Temperature (kelvin) :    97.84998483    
Number of Matsubara frequencies
 phonons :       49
 Coulomb :       49
Eliashberg equations converged in     74 iterations
 
Temperature (kelvin) :    104.4248850    
Number of Matsubara frequencies
 phonons :       46
 Coulomb :       46
Eliashberg equations converged in     74 iterations
 
Temperature (kelvin) :    110.9997852    
Number of Matsubara frequencies
 phonons :       43
 Coulomb :       43
Eliashberg equations converged in     75 iterations
 
Temperature (kelvin) :    117.5746853    
Number of Matsubara frequencies
 phonons :       41
 Coulomb :       41
Eliashberg equations converged in     76 iterations
 
Temperature (kelvin) :    124.1495855    
Number of Matsubara frequencies
 phonons :       39
 Coulomb :       39
Eliashberg equations converged in     77 iterations
 
Temperature (kelvin) :    130.7244857    
Number of Matsubara frequencies
 phonons :       37
 Coulomb :       37
Eliashberg equations converged in     78 iterations
 
Temperature (kelvin) :    137.2993858    
Number of Matsubara frequencies
 phonons :       35
 Coulomb :       35
Eliashberg equations converged in     80 iterations
 
Temperature (kelvin) :    143.8742860    
Number of Matsubara frequencies
 phonons :       33
 Coulomb :       33
Eliashberg equations converged in     83 iterations
 
Temperature (kelvin) :    150.4491862    
Number of Matsubara frequencies
 phonons :       32
 Coulomb :       32
Eliashberg equations converged in     86 iterations
 
Temperature (kelvin) :    157.0240863    
Number of Matsubara frequencies
 phonons :       31
 Coulomb :       31
Eliashberg equations converged in     89 iterations
 
Temperature (kelvin) :    163.5989865    
Number of Matsubara frequencies
 phonons :       29
 Coulomb :       29
Eliashberg equations converged in     94 iterations
 
Temperature (kelvin) :    170.1738867    
Number of Matsubara frequencies
 phonons :       28
 Coulomb :       28
Eliashberg equations converged in     98 iterations
 
Temperature (kelvin) :    176.7487868    
Number of Matsubara frequencies
 phonons :       27
 Coulomb :       27
Eliashberg equations converged in    104 iterations
 
Temperature (kelvin) :    183.3236870    
Number of Matsubara frequencies
 phonons :       26
 Coulomb :       26
Eliashberg equations converged in    112 iterations
 
Temperature (kelvin) :    189.8985872    
Number of Matsubara frequencies
 phonons :       25
 Coulomb :       25
Eliashberg equations converged in    120 iterations
 
Temperature (kelvin) :    196.4734873    
Number of Matsubara frequencies
 phonons :       25
 Coulomb :       25
Eliashberg equations converged in    131 iterations
 
Temperature (kelvin) :    203.0483875    
Number of Matsubara frequencies
 phonons :       24
 Coulomb :       24
Eliashberg equations converged in    144 iterations
 
Temperature (kelvin) :    209.6232877    
Number of Matsubara frequencies
 phonons :       23
 Coulomb :       23
Eliashberg equations converged in    160 iterations
 
Temperature (kelvin) :    216.1981878    
Number of Matsubara frequencies
 phonons :       22
 Coulomb :       22
Eliashberg equations converged in    181 iterations
 
Temperature (kelvin) :    222.7730880    
Number of Matsubara frequencies
 phonons :       22
 Coulomb :       22
Eliashberg equations converged in    209 iterations
 
Temperature (kelvin) :    229.3479882    
Number of Matsubara frequencies
 phonons :       21
 Coulomb :       21
Eliashberg equations converged in    249 iterations
 
Temperature (kelvin) :    235.9228883    
Number of Matsubara frequencies
 phonons :       20
 Coulomb :       20
Eliashberg equations converged in    310 iterations
 
Temperature (kelvin) :    242.4977885    
Number of Matsubara frequencies
 phonons :       20
 Coulomb :       20
Eliashberg equations converged in    409 iterations
 
Temperature (kelvin) :    249.0726887    
Number of Matsubara frequencies
 phonons :       19
 Coulomb :       19
Eliashberg equations converged in    614 iterations
 
Temperature (kelvin) :    255.6475888    
Number of Matsubara frequencies
 phonons :       19
 Coulomb :       19
Failed to converge: possibly close to T_c
 
Temperature (kelvin) :    262.2224890    
Number of Matsubara frequencies
 phonons :       18
 Coulomb :       18
Failed to converge: possibly close to T_c
 
Temperature (kelvin) :    268.7973892    
Number of Matsubara frequencies
 phonons :       18
 Coulomb :       18
Failed to converge: possibly close to T_c
 
Temperature (kelvin) :    275.3722893    
Number of Matsubara frequencies
 phonons :       17
 Coulomb :       17
Eliashberg equations converged in    440 iterations
 
Temperature (kelvin) :    281.9471895    
Number of Matsubara frequencies
 phonons :       17
 Coulomb :       17
Eliashberg equations converged in     21 iterations
 
Temperature (kelvin) :    288.5220896    
Number of Matsubara frequencies
 phonons :       17
 Coulomb :       17
Eliashberg equations converged in     12 iterations
 
Temperature (kelvin) :    295.0969898    
Number of Matsubara frequencies
 phonons :       16
 Coulomb :       16
Eliashberg equations converged in      8 iterations
 
Temperature (kelvin) :    301.6718900    
Number of Matsubara frequencies
 phonons :       16
 Coulomb :       16
Eliashberg equations converged in      5 iterations
 
Temperature (kelvin) :    308.2467901    
Number of Matsubara frequencies
 phonons :       16
 Coulomb :       16
Eliashberg equations converged in      4 iterations
 
Temperature (kelvin) :    314.8216903    
Number of Matsubara frequencies
 phonons :       15
 Coulomb :       15
Eliashberg equations converged in      2 iterations
 
Temperature (kelvin) :    321.3965905    
Number of Matsubara frequencies
 phonons :       15
 Coulomb :       15
Eliashberg equations converged in      4 iterations
 
Temperature (kelvin) :    327.9714906    
Number of Matsubara frequencies
 phonons :       15
 Coulomb :       15
Eliashberg equations converged in      1 iterations
 
Temperature (kelvin) :    334.5463908    
Number of Matsubara frequencies
 phonons :       14
 Coulomb :       14
Eliashberg equations converged in      1 iterations
 
Temperature (kelvin) :    341.1212910    
Number of Matsubara frequencies
 phonons :       14
 Coulomb :       14
Eliashberg equations converged in      2 iterations
 
Temperature (kelvin) :    347.6961911    
Number of Matsubara frequencies
 phonons :       14
 Coulomb :       14
Eliashberg equations converged in      1 iterations
 
Temperature (kelvin) :    354.2710913    
Number of Matsubara frequencies
 phonons :       14
 Coulomb :       14
Eliashberg equations converged in      1 iterations
 
Temperature (kelvin) :    360.8459915    
Number of Matsubara frequencies
 phonons :       13
 Coulomb :       13
Eliashberg equations converged in      1 iterations
 
Temperature (kelvin) :    367.4208916    
Number of Matsubara frequencies
 phonons :       13
 Coulomb :       13
Eliashberg equations converged in      1 iterations
 
Temperature (kelvin) :    373.9957918    
Number of Matsubara frequencies
 phonons :       13
 Coulomb :       13
Eliashberg equations converged in      1 iterations
 
Temperature (kelvin) :    380.5706920    
Number of Matsubara frequencies
 phonons :       13
 Coulomb :       13
Eliashberg equations converged in      1 iterations
 
Temperature (kelvin) :    387.1455921    
Number of Matsubara frequencies
 phonons :       12
 Coulomb :       12
Eliashberg equations converged in      1 iterations
 
Temperature (kelvin) :    393.7204923    
Number of Matsubara frequencies
 phonons :       12
 Coulomb :       12
Eliashberg equations converged in      1 iterations
 
Temperature (kelvin) :    400.2953925    
Number of Matsubara frequencies
 phonons :       12
 Coulomb :       12
Eliashberg equations converged in      1 iterations
 
Temperature (kelvin) :    406.8702926    
Number of Matsubara frequencies
 phonons :       12
 Coulomb :       12
Eliashberg equations converged in      1 iterations
 
Temperature (kelvin) :    413.4451928    
Number of Matsubara frequencies
 phonons :       12
 Coulomb :       12
Eliashberg equations converged in      1 iterations
 
Temperature (kelvin) :    420.0200930    
Number of Matsubara frequencies
 phonons :       11
 Coulomb :       11
Eliashberg equations converged in      1 iterations
 
Temperature (kelvin) :    426.5949931    
Number of Matsubara frequencies
 phonons :       11
 Coulomb :       11
Eliashberg equations converged in      1 iterations
 
Temperature (kelvin) :    433.1698933    
Number of Matsubara frequencies
 phonons :       11
 Coulomb :       11
Eliashberg equations converged in      1 iterations
 
Temperature (kelvin) :    439.7447935    
Number of Matsubara frequencies
 phonons :       11
 Coulomb :       11
Eliashberg equations converged in      1 iterations
 
Temperature (kelvin) :    446.3196936    
Number of Matsubara frequencies
 phonons :       11
 Coulomb :       11
Eliashberg equations converged in      1 iterations
 
Temperature (kelvin) :    452.8945938    
Number of Matsubara frequencies
 phonons :       11
 Coulomb :       11
Eliashberg equations converged in      1 iterations
 
Temperature (kelvin) :    459.4694940    
Number of Matsubara frequencies
 phonons :       10
 Coulomb :       10
Eliashberg equations converged in      1 iterations
 
Temperature (kelvin) :    466.0443941    
Number of Matsubara frequencies
 phonons :       10
 Coulomb :       10
Eliashberg equations converged in      1 iterations
 
Temperature (kelvin) :    472.6192943    
Number of Matsubara frequencies
 phonons :       10
 Coulomb :       10
Eliashberg equations converged in      1 iterations
 
Temperature (kelvin) :    479.1941945    
Number of Matsubara frequencies
 phonons :       10
 Coulomb :       10
Eliashberg equations converged in      1 iterations
 
Temperature (kelvin) :    485.7690946    
Number of Matsubara frequencies
 phonons :       10
 Coulomb :       10
Eliashberg equations converged in      1 iterations
 
Temperature (kelvin) :    492.3439948    
Number of Matsubara frequencies
 phonons :       10
 Coulomb :       10
Eliashberg equations converged in      1 iterations
 
Temperature (kelvin) :    498.9188950    
Number of Matsubara frequencies
 phonons :       10
 Coulomb :       10
Eliashberg equations converged in      1 iterations
 
Temperature (kelvin) :    505.4937951    
Number of Matsubara frequencies
 phonons :       10
 Coulomb :       10
Eliashberg equations converged in      1 iterations
 
Temperature (kelvin) :    512.0686953    
Number of Matsubara frequencies
 phonons :        9
 Coulomb :        9
Eliashberg equations converged in      1 iterations
 
Temperature (kelvin) :    518.6435955    
Number of Matsubara frequencies
 phonons :        9
 Coulomb :        9
Eliashberg equations converged in      1 iterations
 
Temperature (kelvin) :    525.2184956    
Number of Matsubara frequencies
 phonons :        9
 Coulomb :        9
Eliashberg equations converged in      1 iterations
 
Temperature (kelvin) :    531.7933958    
Number of Matsubara frequencies
 phonons :        9
 Coulomb :        9
Eliashberg equations converged in      1 iterations
 
Temperature (kelvin) :    538.3682960    
Number of Matsubara frequencies
 phonons :        9
 Coulomb :        9
Eliashberg equations converged in      1 iterations
 
Temperature (kelvin) :    544.9431961    
Number of Matsubara frequencies
 phonons :        9
 Coulomb :        9
Eliashberg equations converged in      1 iterations
 
Temperature (kelvin) :    551.5180963    
Number of Matsubara frequencies
 phonons :        9
 Coulomb :        9
Eliashberg equations converged in      1 iterations
 
Temperature (kelvin) :    558.0929965    
Number of Matsubara frequencies
 phonons :        9
 Coulomb :        9
Eliashberg equations converged in      1 iterations
 
Temperature (kelvin) :    564.6678966    
Number of Matsubara frequencies
 phonons :        9
 Coulomb :        9
Eliashberg equations converged in      1 iterations
 
Temperature (kelvin) :    571.2427968    
Number of Matsubara frequencies
 phonons :        8
 Coulomb :        8
Eliashberg equations converged in      1 iterations
 
Temperature (kelvin) :    577.8176970    
Number of Matsubara frequencies
 phonons :        8
 Coulomb :        8
Eliashberg equations converged in      1 iterations
 
Temperature (kelvin) :    584.3925971    
Number of Matsubara frequencies
 phonons :        8
 Coulomb :        8
Eliashberg equations converged in      1 iterations
 
Temperature (kelvin) :    590.9674973    
Number of Matsubara frequencies
 phonons :        8
 Coulomb :        8
Eliashberg equations converged in      1 iterations
 
Temperature (kelvin) :    597.5423975    
Number of Matsubara frequencies
 phonons :        8
 Coulomb :        8
Eliashberg equations converged in      1 iterations
 
Temperature (kelvin) :    604.1172976    
Number of Matsubara frequencies
 phonons :        8
 Coulomb :        8
Eliashberg equations converged in      1 iterations
 
Temperature (kelvin) :    610.6921978    
Number of Matsubara frequencies
 phonons :        8
 Coulomb :        8
Eliashberg equations converged in      1 iterations
 
Temperature (kelvin) :    617.2670980    
Number of Matsubara frequencies
 phonons :        8
 Coulomb :        8
Eliashberg equations converged in      1 iterations
 
Temperature (kelvin) :    623.8419981    
Number of Matsubara frequencies
 phonons :        8
 Coulomb :        8
Eliashberg equations converged in      1 iterations
 
Temperature (kelvin) :    630.4168983    
Number of Matsubara frequencies
 phonons :        8
 Coulomb :        8
Eliashberg equations converged in      1 iterations
 
Temperature (kelvin) :    636.9917985    
Number of Matsubara frequencies
 phonons :        8
 Coulomb :        8
Eliashberg equations converged in      1 iterations
 
Temperature (kelvin) :    643.5666986    
Number of Matsubara frequencies
 phonons :        7
 Coulomb :        7
Eliashberg equations converged in      1 iterations
 
Temperature (kelvin) :    650.1415988    
Number of Matsubara frequencies
 phonons :        7
 Coulomb :        7
Eliashberg equations converged in      1 iterations
 
Temperature (kelvin) :    656.7164990    
Number of Matsubara frequencies
 phonons :        7
 Coulomb :        7
Eliashberg equations converged in      1 iterations
 
Temperature (kelvin) :    663.2913991    
Number of Matsubara frequencies
 phonons :        7
 Coulomb :        7
Eliashberg equations converged in      1 iterations
 
Temperature (kelvin) :    669.8662993    
Number of Matsubara frequencies
 phonons :        7
 Coulomb :        7
Eliashberg equations converged in      1 iterations
 
Temperature (kelvin) :    676.4411995    
Number of Matsubara frequencies
 phonons :        7
 Coulomb :        7
Eliashberg equations converged in      1 iterations
 
Temperature (kelvin) :    683.0160996    
Number of Matsubara frequencies
 phonons :        7
 Coulomb :        7
Eliashberg equations converged in      1 iterations
 
Temperature (kelvin) :    689.5909998    
Number of Matsubara frequencies
 phonons :        7
 Coulomb :        7
Eliashberg equations converged in      1 iterations
 
Temperature (kelvin) :    696.1659000    
Number of Matsubara frequencies
 phonons :        7
 Coulomb :        7
Eliashberg equations converged in      1 iterations
