   45.25078350      0.1992505215E-02   2.842523106    
   51.82568366      0.1991008308E-02   2.842241484    
   58.40058383      0.1989050237E-02   2.842179526    
   64.97548400      0.1986894211E-02   2.842556945    
   71.55038416      0.1984198971E-02   2.843261495    
   78.12528433      0.1981134930E-02   2.844497289    
   84.70018449      0.1977142810E-02   2.846092987    
   91.27508466      0.1972305956E-02   2.848262711    
   97.84998483      0.1966166583E-02   2.850946960    
   104.4248850      0.1958811039E-02   2.854398424    
   110.9997852      0.1949719379E-02   2.858541238    
   117.5746853      0.1939010104E-02   2.863652122    
   124.1495855      0.1926118892E-02   2.869625528    
   130.7244857      0.1910795819E-02   2.876532841    
   137.2993858      0.1892791218E-02   2.884435600    
   143.8742860      0.1871853353E-02   2.893385066    
   150.4491862      0.1848228296E-02   2.903673256    
   157.0240863      0.1821204254E-02   2.915109343    
   163.5989865      0.1789884281E-02   2.927496245    
   170.1738867      0.1755104269E-02   2.941344941    
   176.7487868      0.1715954031E-02   2.956440812    
   183.3236870      0.1672025084E-02   2.972807798    
   189.8985872      0.1622839047E-02   2.990466034    
   196.4734873      0.1568717736E-02   3.009678164    
   203.0483875      0.1507229424E-02   3.029980384    
   209.6232877      0.1438307053E-02   3.051622283    
   216.1981878      0.1360770921E-02   3.074614250    
   222.7730880      0.1274349344E-02   3.099199731    
   229.3479882      0.1174168885E-02   3.124947716    
   235.9228883      0.1057883673E-02   3.152075841    
   242.4977885      0.9214990621E-03   3.180819959    
   249.0726887      0.7490378297E-03   3.210772705    
   255.6475888      0.5128073171E-03   3.242325762    
   262.2224890      0.8602357742E-04   3.268762423    
   268.7973892      0.1191761040E-06   3.269817817    
   275.3722893      0.5880959930E-09   3.269436290    
   281.9471895      0.4094910648E-09   3.269711686    
   288.5220896      0.3135961332E-09   3.269968569    
   295.0969898      0.2523263562E-09   3.269537637    
   301.6718900      0.2152382865E-09   3.269790888    
   308.2467901      0.1861630580E-09   3.270028191    
   314.8216903      0.1715932754E-09   3.269539561    
   321.3965905      0.1433770674E-09   3.269777350    
   327.9714906      0.1365267843E-09   3.270001057    
   334.5463908      0.1294796412E-09   3.269442207    
   341.1212910      0.1156174728E-09   3.269670065    
   347.6961911      0.1088509029E-09   3.269885188    
   354.2710913      0.1021245600E-09   3.270088505    
   360.8459915      0.9546114276E-10   3.269460889    
   367.4208916      0.8895257400E-10   3.269671925    
   373.9957918      0.8262260437E-10   3.269871987    
   380.5706920      0.7650496097E-10   3.270061824    
   387.1455921      0.7060396290E-10   3.269344446    
   393.7204923      0.6497927495E-10   3.269545326    
   400.2953925      0.5963375573E-10   3.269736444    
   406.8702926      0.5457830180E-10   3.269918419    
   413.4451928      0.4981917224E-10   3.270091826    
   420.0200930      0.4534189738E-10   3.269277255    
   426.5949931      0.4117223216E-10   3.269464811    
   433.1698933      0.3729610241E-10   3.269643938    
   439.7447935      0.3370621718E-10   3.269815134    
   446.3196936      0.3039319413E-10   3.269978860    
   452.8945938      0.2734598898E-10   3.270135542    
   459.4694940      0.2454228781E-10   3.269208947    
   466.0443941      0.2198544140E-10   3.269382635    
   472.6192943      0.1965586401E-10   3.269549166    
   479.1941945      0.1753931871E-10   3.269708926    
   485.7690946      0.1562150813E-10   3.269862277    
   492.3439948      0.1388826688E-10   3.270009558    
   498.9188950      0.1232572178E-10   3.270151083    
   505.4937951      0.1092042162E-10   3.270287150    
   512.0686953      0.9655022986E-11   3.269246345    
   518.6435955      0.8524564605E-11   3.269401595    
   525.2184956      0.7514819044E-11   3.269551084    
   531.7933958      0.6614734393E-11   3.269695092    
   538.3682960      0.5813978295E-11   3.269833885    
   544.9431961      0.5102940055E-11   3.269967710    
   551.5180963      0.4472722349E-11   3.270096802    
   558.0929965      0.3915124443E-11   3.270221382    
   564.6678966      0.3422618654E-11   3.270341655    
   571.2427968      0.2986781072E-11   3.269141619    
   577.8176970      0.2603939660E-11   3.269283409    
   584.3925971      0.2267487718E-11   3.269420467    
   590.9674973      0.1972242010E-11   3.269553001    
   597.5423975      0.1713527126E-11   3.269681208    
   604.1172976      0.1487137518E-11   3.269805275    
   610.6921978      0.1289300268E-11   3.269925377    
   617.2670980      0.1116639078E-11   3.270041682    
   623.8419981      0.9661398053E-12   3.270154347    
   630.4168983      0.8351177664E-12   3.270263522    
   636.9917985      0.7211869479E-12   3.270369351    
   643.5666986      0.6218661879E-12   3.268959607    
   650.1415988      0.5359069302E-12   3.269089332    
   656.7164990      0.4614306856E-12   3.269215203    
   663.2913991      0.3969707920E-12   3.269337372    
   669.8662993      0.3412365259E-12   3.269455981    
   676.4411995      0.2930939868E-12   3.269571168    
   683.0160996      0.2515486630E-12   3.269683062    
   689.5909998      0.2157296414E-12   3.269791789    
   696.1659000      0.1848753723E-12   3.269897466    
