   41.54899142      0.1880951634E-02   2.865641358    
   47.58602436      0.1879541495E-02   2.865168371    
   53.62305731      0.1878112551E-02   2.864980600    
   59.66009025      0.1876299459E-02   2.865084277    
   65.69712319      0.1873834351E-02   2.865487989    
   71.73415613      0.1871243844E-02   2.866304581    
   77.77118907      0.1868115755E-02   2.867532801    
   83.80822202      0.1863842242E-02   2.869159077    
   89.84525496      0.1859496246E-02   2.871394904    
   95.88228790      0.1853139182E-02   2.874082735    
   101.9193208      0.1845865833E-02   2.877443365    
   107.9563538      0.1837609825E-02   2.881550858    
   113.9933867      0.1826668739E-02   2.886307461    
   120.0304197      0.1814420739E-02   2.891942096    
   126.0674526      0.1799881858E-02   2.898429130    
   132.1044855      0.1782833213E-02   2.905821885    
   138.1415185      0.1764114176E-02   2.914252341    
   144.1785514      0.1741427997E-02   2.923601519    
   150.2155844      0.1716739462E-02   2.934062213    
   156.2526173      0.1688729902E-02   2.945585347    
   162.2896503      0.1657121035E-02   2.958203246    
   168.3266832      0.1621601465E-02   2.971944491    
   174.3637161      0.1581815228E-02   2.986834483    
   180.4007491      0.1537346409E-02   3.002895953    
   186.4377820      0.1487697857E-02   3.020149406    
   192.4748150      0.1432260712E-02   3.038613493    
   198.5118479      0.1370268967E-02   3.058305306    
   204.5488809      0.1303215263E-02   3.079145917    
   210.5859138      0.1225060840E-02   3.101331590    
   216.6229467      0.1136197016E-02   3.124793103    
   222.6599797      0.1037395373E-02   3.149353644    
   228.6970126      0.9175842857E-03   3.175403251    
   234.7340456      0.7767679784E-03   3.202487972    
   240.7710785      0.5870097823E-03   3.231188797    
   246.8081114      0.2904227772E-03   3.260602445    
   252.8451444      0.4499732093E-05   3.269735424    
   258.8821773      0.6801015634E-09   3.269999271    
   264.9192103      0.4258098153E-09   3.269652829    
   270.9562432      0.3113102506E-09   3.269906625    
   276.9932762      0.2434735481E-09   3.269506001    
   283.0303091      0.2043772437E-09   3.269755232    
   289.0673420      0.1727292932E-09   3.269989093    
   295.1043750      0.1662372455E-09   3.269537931    
   301.1414079      0.1345218303E-09   3.269771065    
   307.1784409      0.1284185266E-09   3.269990661    
   313.2154738      0.1220782369E-09   3.269479195    
   319.2525067      0.1037309296E-09   3.269701410    
   325.2895397      0.9788244299E-10   3.269911434    
   331.3265726      0.9204255838E-10   3.270110139    
   337.3636056      0.8621768862E-10   3.269541463    
   343.4006385      0.8050782668E-10   3.269746036    
   349.4376715      0.7493382545E-10   3.269940153    
   355.4747044      0.6952707490E-10   3.270124514    
   361.5117373      0.6428161505E-10   3.269482780    
   367.5487703      0.5926731269E-10   3.269675918    
   373.5858032      0.5448747850E-10   3.269859818    
   379.6228362      0.4995369094E-10   3.270035061    
   385.6598691      0.4564824244E-10   3.269297633    
   391.6969020      0.4161332769E-10   3.269484571    
   397.7339350      0.3783883128E-10   3.269663108    
   403.7709679      0.3432196393E-10   3.269833740    
   409.8080009      0.3105758369E-10   3.269996925    
   415.8450338      0.2803855608E-10   3.270153091    
   421.8820668      0.2524067579E-10   3.269331255    
   427.9190997      0.2267767496E-10   3.269501546    
   433.9561326      0.2033196345E-10   3.269664818    
   439.9931656      0.1819154030E-10   3.269821452    
   446.0301985      0.1624407334E-10   3.269971802    
   452.0672315      0.1447708840E-10   3.270116199    
   458.1042644      0.1287814183E-10   3.270254953    
   464.1412973      0.1142720077E-10   3.269333115    
   470.1783303      0.1012442566E-10   3.269488151    
   476.2153632      0.8954881231E-11   3.269637360    
   482.2523962      0.7907301138E-11   3.269781031    
   488.2894291      0.6971013469E-11   3.269919434    
   494.3264621      0.6135962659E-11   3.270052823    
   500.3634950      0.5392723863E-11   3.270181437    
   506.4005279      0.4732508408E-11   3.270305502    
   512.4375609      0.4144014004E-11   3.269255213    
   518.4745938      0.3624682905E-11   3.269397678    
   524.5116268      0.3166169726E-11   3.269535280    
   530.5486597      0.2762031434E-11   3.269668237    
   536.5856926      0.2406403195E-11   3.269796756    
   542.6227256      0.2093960961E-11   3.269921032    
   548.6597585      0.1819885281E-11   3.270041249    
   554.6967915      0.1579825867E-11   3.270157582    
   560.7338244      0.1369866882E-11   3.270270196    
   566.7708574      0.1186493098E-11   3.270379248    
   572.8078903      0.1025681246E-11   3.269175812    
   578.8449232      0.8860253255E-12   3.269305128    
   584.8819562      0.7646119753E-12   3.269430484    
   590.9189891      0.6591852731E-12   3.269552039    
   596.9560221      0.5677482703E-12   3.269669945    
   602.9930550      0.4885360688E-12   3.269784347    
   609.0300879      0.4199914516E-12   3.269895381    
   615.0671209      0.3607427745E-12   3.270003179    
   621.1041538      0.3095839004E-12   3.270107864    
   627.1411868      0.2654560040E-12   3.270209556    
   633.1782197      0.2274311025E-12   3.270308368    
   639.2152527      0.1946971834E-12   3.270404406    
