+------------------------------+
|     Eliashberg equations     |
+------------------------------+
 
Temperature range :    35.51195848       639.2152527    
Number of temperature steps :    100
Number of output frequencies :     2000
Fermionic Matsubara frequency cut-off
 phonons :   0.9586099383E-01
 Coulomb :   0.4793049691E-02
 
Temperature (kelvin) :    41.54899142    
Number of Matsubara frequencies
 phonons :      116
 Coulomb :      116
Eliashberg equations converged in     94 iterations
 
Temperature (kelvin) :    47.58602436    
Number of Matsubara frequencies
 phonons :      101
 Coulomb :      101
Eliashberg equations converged in     75 iterations
 
Temperature (kelvin) :    53.62305731    
Number of Matsubara frequencies
 phonons :       90
 Coulomb :       90
Eliashberg equations converged in     74 iterations
 
Temperature (kelvin) :    59.66009025    
Number of Matsubara frequencies
 phonons :       81
 Coulomb :       81
Eliashberg equations converged in     74 iterations
 
Temperature (kelvin) :    65.69712319    
Number of Matsubara frequencies
 phonons :       73
 Coulomb :       73
Eliashberg equations converged in     74 iterations
 
Temperature (kelvin) :    71.73415613    
Number of Matsubara frequencies
 phonons :       67
 Coulomb :       67
Eliashberg equations converged in     73 iterations
 
Temperature (kelvin) :    77.77118907    
Number of Matsubara frequencies
 phonons :       62
 Coulomb :       62
Eliashberg equations converged in     73 iterations
 
Temperature (kelvin) :    83.80822202    
Number of Matsubara frequencies
 phonons :       57
 Coulomb :       57
Eliashberg equations converged in     73 iterations
 
Temperature (kelvin) :    89.84525496    
Number of Matsubara frequencies
 phonons :       54
 Coulomb :       54
Eliashberg equations converged in     73 iterations
 
Temperature (kelvin) :    95.88228790    
Number of Matsubara frequencies
 phonons :       50
 Coulomb :       50
Eliashberg equations converged in     74 iterations
 
Temperature (kelvin) :    101.9193208    
Number of Matsubara frequencies
 phonons :       47
 Coulomb :       47
Eliashberg equations converged in     74 iterations
 
Temperature (kelvin) :    107.9563538    
Number of Matsubara frequencies
 phonons :       45
 Coulomb :       45
Eliashberg equations converged in     75 iterations
 
Temperature (kelvin) :    113.9933867    
Number of Matsubara frequencies
 phonons :       42
 Coulomb :       42
Eliashberg equations converged in     76 iterations
 
Temperature (kelvin) :    120.0304197    
Number of Matsubara frequencies
 phonons :       40
 Coulomb :       40
Eliashberg equations converged in     77 iterations
 
Temperature (kelvin) :    126.0674526    
Number of Matsubara frequencies
 phonons :       38
 Coulomb :       38
Eliashberg equations converged in     79 iterations
 
Temperature (kelvin) :    132.1044855    
Number of Matsubara frequencies
 phonons :       36
 Coulomb :       36
Eliashberg equations converged in     81 iterations
 
Temperature (kelvin) :    138.1415185    
Number of Matsubara frequencies
 phonons :       35
 Coulomb :       35
Eliashberg equations converged in     83 iterations
 
Temperature (kelvin) :    144.1785514    
Number of Matsubara frequencies
 phonons :       33
 Coulomb :       33
Eliashberg equations converged in     86 iterations
 
Temperature (kelvin) :    150.2155844    
Number of Matsubara frequencies
 phonons :       32
 Coulomb :       32
Eliashberg equations converged in     89 iterations
 
Temperature (kelvin) :    156.2526173    
Number of Matsubara frequencies
 phonons :       31
 Coulomb :       31
Eliashberg equations converged in     93 iterations
 
Temperature (kelvin) :    162.2896503    
Number of Matsubara frequencies
 phonons :       30
 Coulomb :       30
Eliashberg equations converged in     98 iterations
 
Temperature (kelvin) :    168.3266832    
Number of Matsubara frequencies
 phonons :       29
 Coulomb :       29
Eliashberg equations converged in    104 iterations
 
Temperature (kelvin) :    174.3637161    
Number of Matsubara frequencies
 phonons :       28
 Coulomb :       28
Eliashberg equations converged in    111 iterations
 
Temperature (kelvin) :    180.4007491    
Number of Matsubara frequencies
 phonons :       27
 Coulomb :       27
Eliashberg equations converged in    119 iterations
 
Temperature (kelvin) :    186.4377820    
Number of Matsubara frequencies
 phonons :       26
 Coulomb :       26
Eliashberg equations converged in    129 iterations
 
Temperature (kelvin) :    192.4748150    
Number of Matsubara frequencies
 phonons :       25
 Coulomb :       25
Eliashberg equations converged in    141 iterations
 
Temperature (kelvin) :    198.5118479    
Number of Matsubara frequencies
 phonons :       24
 Coulomb :       24
Eliashberg equations converged in    157 iterations
 
Temperature (kelvin) :    204.5488809    
Number of Matsubara frequencies
 phonons :       24
 Coulomb :       24
Eliashberg equations converged in    175 iterations
 
Temperature (kelvin) :    210.5859138    
Number of Matsubara frequencies
 phonons :       23
 Coulomb :       23
Eliashberg equations converged in    201 iterations
 
Temperature (kelvin) :    216.6229467    
Number of Matsubara frequencies
 phonons :       22
 Coulomb :       22
Eliashberg equations converged in    237 iterations
 
Temperature (kelvin) :    222.6599797    
Number of Matsubara frequencies
 phonons :       22
 Coulomb :       22
Eliashberg equations converged in    286 iterations
 
Temperature (kelvin) :    228.6970126    
Number of Matsubara frequencies
 phonons :       21
 Coulomb :       21
Eliashberg equations converged in    368 iterations
 
Temperature (kelvin) :    234.7340456    
Number of Matsubara frequencies
 phonons :       21
 Coulomb :       21
Eliashberg equations converged in    512 iterations
 
Temperature (kelvin) :    240.7710785    
Number of Matsubara frequencies
 phonons :       20
 Coulomb :       20
Eliashberg equations converged in    877 iterations
 
Temperature (kelvin) :    246.8081114    
Number of Matsubara frequencies
 phonons :       20
 Coulomb :       20
Failed to converge: possibly close to T_c
 
Temperature (kelvin) :    252.8451444    
Number of Matsubara frequencies
 phonons :       19
 Coulomb :       19
Failed to converge: possibly close to T_c
 
Temperature (kelvin) :    258.8821773    
Number of Matsubara frequencies
 phonons :       19
 Coulomb :       19
Eliashberg equations converged in    944 iterations
 
Temperature (kelvin) :    264.9192103    
Number of Matsubara frequencies
 phonons :       18
 Coulomb :       18
Eliashberg equations converged in     32 iterations
 
Temperature (kelvin) :    270.9562432    
Number of Matsubara frequencies
 phonons :       18
 Coulomb :       18
Eliashberg equations converged in     16 iterations
 
Temperature (kelvin) :    276.9932762    
Number of Matsubara frequencies
 phonons :       17
 Coulomb :       17
Eliashberg equations converged in     10 iterations
 
Temperature (kelvin) :    283.0303091    
Number of Matsubara frequencies
 phonons :       17
 Coulomb :       17
Eliashberg equations converged in      6 iterations
 
Temperature (kelvin) :    289.0673420    
Number of Matsubara frequencies
 phonons :       17
 Coulomb :       17
Eliashberg equations converged in      5 iterations
 
Temperature (kelvin) :    295.1043750    
Number of Matsubara frequencies
 phonons :       16
 Coulomb :       16
Eliashberg equations converged in      1 iterations
 
Temperature (kelvin) :    301.1414079    
Number of Matsubara frequencies
 phonons :       16
 Coulomb :       16
Eliashberg equations converged in      5 iterations
 
Temperature (kelvin) :    307.1784409    
Number of Matsubara frequencies
 phonons :       16
 Coulomb :       16
Eliashberg equations converged in      1 iterations
 
Temperature (kelvin) :    313.2154738    
Number of Matsubara frequencies
 phonons :       15
 Coulomb :       15
Eliashberg equations converged in      1 iterations
 
Temperature (kelvin) :    319.2525067    
Number of Matsubara frequencies
 phonons :       15
 Coulomb :       15
Eliashberg equations converged in      3 iterations
 
Temperature (kelvin) :    325.2895397    
Number of Matsubara frequencies
 phonons :       15
 Coulomb :       15
Eliashberg equations converged in      1 iterations
 
Temperature (kelvin) :    331.3265726    
Number of Matsubara frequencies
 phonons :       15
 Coulomb :       15
Eliashberg equations converged in      1 iterations
 
Temperature (kelvin) :    337.3636056    
Number of Matsubara frequencies
 phonons :       14
 Coulomb :       14
Eliashberg equations converged in      1 iterations
 
Temperature (kelvin) :    343.4006385    
Number of Matsubara frequencies
 phonons :       14
 Coulomb :       14
Eliashberg equations converged in      1 iterations
 
Temperature (kelvin) :    349.4376715    
Number of Matsubara frequencies
 phonons :       14
 Coulomb :       14
Eliashberg equations converged in      1 iterations
 
Temperature (kelvin) :    355.4747044    
Number of Matsubara frequencies
 phonons :       14
 Coulomb :       14
Eliashberg equations converged in      1 iterations
 
Temperature (kelvin) :    361.5117373    
Number of Matsubara frequencies
 phonons :       13
 Coulomb :       13
Eliashberg equations converged in      1 iterations
 
Temperature (kelvin) :    367.5487703    
Number of Matsubara frequencies
 phonons :       13
 Coulomb :       13
Eliashberg equations converged in      1 iterations
 
Temperature (kelvin) :    373.5858032    
Number of Matsubara frequencies
 phonons :       13
 Coulomb :       13
Eliashberg equations converged in      1 iterations
 
Temperature (kelvin) :    379.6228362    
Number of Matsubara frequencies
 phonons :       13
 Coulomb :       13
Eliashberg equations converged in      1 iterations
 
Temperature (kelvin) :    385.6598691    
Number of Matsubara frequencies
 phonons :       12
 Coulomb :       12
Eliashberg equations converged in      1 iterations
 
Temperature (kelvin) :    391.6969020    
Number of Matsubara frequencies
 phonons :       12
 Coulomb :       12
Eliashberg equations converged in      1 iterations
 
Temperature (kelvin) :    397.7339350    
Number of Matsubara frequencies
 phonons :       12
 Coulomb :       12
Eliashberg equations converged in      1 iterations
 
Temperature (kelvin) :    403.7709679    
Number of Matsubara frequencies
 phonons :       12
 Coulomb :       12
Eliashberg equations converged in      1 iterations
 
Temperature (kelvin) :    409.8080009    
Number of Matsubara frequencies
 phonons :       12
 Coulomb :       12
Eliashberg equations converged in      1 iterations
 
Temperature (kelvin) :    415.8450338    
Number of Matsubara frequencies
 phonons :       12
 Coulomb :       12
Eliashberg equations converged in      1 iterations
 
Temperature (kelvin) :    421.8820668    
Number of Matsubara frequencies
 phonons :       11
 Coulomb :       11
Eliashberg equations converged in      1 iterations
 
Temperature (kelvin) :    427.9190997    
Number of Matsubara frequencies
 phonons :       11
 Coulomb :       11
Eliashberg equations converged in      1 iterations
 
Temperature (kelvin) :    433.9561326    
Number of Matsubara frequencies
 phonons :       11
 Coulomb :       11
Eliashberg equations converged in      1 iterations
 
Temperature (kelvin) :    439.9931656    
Number of Matsubara frequencies
 phonons :       11
 Coulomb :       11
Eliashberg equations converged in      1 iterations
 
Temperature (kelvin) :    446.0301985    
Number of Matsubara frequencies
 phonons :       11
 Coulomb :       11
Eliashberg equations converged in      1 iterations
 
Temperature (kelvin) :    452.0672315    
Number of Matsubara frequencies
 phonons :       11
 Coulomb :       11
Eliashberg equations converged in      1 iterations
 
Temperature (kelvin) :    458.1042644    
Number of Matsubara frequencies
 phonons :       11
 Coulomb :       11
Eliashberg equations converged in      1 iterations
 
Temperature (kelvin) :    464.1412973    
Number of Matsubara frequencies
 phonons :       10
 Coulomb :       10
Eliashberg equations converged in      1 iterations
 
Temperature (kelvin) :    470.1783303    
Number of Matsubara frequencies
 phonons :       10
 Coulomb :       10
Eliashberg equations converged in      1 iterations
 
Temperature (kelvin) :    476.2153632    
Number of Matsubara frequencies
 phonons :       10
 Coulomb :       10
Eliashberg equations converged in      1 iterations
 
Temperature (kelvin) :    482.2523962    
Number of Matsubara frequencies
 phonons :       10
 Coulomb :       10
Eliashberg equations converged in      1 iterations
 
Temperature (kelvin) :    488.2894291    
Number of Matsubara frequencies
 phonons :       10
 Coulomb :       10
Eliashberg equations converged in      1 iterations
 
Temperature (kelvin) :    494.3264621    
Number of Matsubara frequencies
 phonons :       10
 Coulomb :       10
Eliashberg equations converged in      1 iterations
 
Temperature (kelvin) :    500.3634950    
Number of Matsubara frequencies
 phonons :       10
 Coulomb :       10
Eliashberg equations converged in      1 iterations
 
Temperature (kelvin) :    506.4005279    
Number of Matsubara frequencies
 phonons :       10
 Coulomb :       10
Eliashberg equations converged in      1 iterations
 
Temperature (kelvin) :    512.4375609    
Number of Matsubara frequencies
 phonons :        9
 Coulomb :        9
Eliashberg equations converged in      1 iterations
 
Temperature (kelvin) :    518.4745938    
Number of Matsubara frequencies
 phonons :        9
 Coulomb :        9
Eliashberg equations converged in      1 iterations
 
Temperature (kelvin) :    524.5116268    
Number of Matsubara frequencies
 phonons :        9
 Coulomb :        9
Eliashberg equations converged in      1 iterations
 
Temperature (kelvin) :    530.5486597    
Number of Matsubara frequencies
 phonons :        9
 Coulomb :        9
Eliashberg equations converged in      1 iterations
 
Temperature (kelvin) :    536.5856926    
Number of Matsubara frequencies
 phonons :        9
 Coulomb :        9
Eliashberg equations converged in      1 iterations
 
Temperature (kelvin) :    542.6227256    
Number of Matsubara frequencies
 phonons :        9
 Coulomb :        9
Eliashberg equations converged in      1 iterations
 
Temperature (kelvin) :    548.6597585    
Number of Matsubara frequencies
 phonons :        9
 Coulomb :        9
Eliashberg equations converged in      1 iterations
 
Temperature (kelvin) :    554.6967915    
Number of Matsubara frequencies
 phonons :        9
 Coulomb :        9
Eliashberg equations converged in      1 iterations
 
Temperature (kelvin) :    560.7338244    
Number of Matsubara frequencies
 phonons :        9
 Coulomb :        9
Eliashberg equations converged in      1 iterations
 
Temperature (kelvin) :    566.7708574    
Number of Matsubara frequencies
 phonons :        9
 Coulomb :        9
Eliashberg equations converged in      1 iterations
 
Temperature (kelvin) :    572.8078903    
Number of Matsubara frequencies
 phonons :        8
 Coulomb :        8
Eliashberg equations converged in      1 iterations
 
Temperature (kelvin) :    578.8449232    
Number of Matsubara frequencies
 phonons :        8
 Coulomb :        8
Eliashberg equations converged in      1 iterations
 
Temperature (kelvin) :    584.8819562    
Number of Matsubara frequencies
 phonons :        8
 Coulomb :        8
Eliashberg equations converged in      1 iterations
 
Temperature (kelvin) :    590.9189891    
Number of Matsubara frequencies
 phonons :        8
 Coulomb :        8
Eliashberg equations converged in      1 iterations
 
Temperature (kelvin) :    596.9560221    
Number of Matsubara frequencies
 phonons :        8
 Coulomb :        8
Eliashberg equations converged in      1 iterations
 
Temperature (kelvin) :    602.9930550    
Number of Matsubara frequencies
 phonons :        8
 Coulomb :        8
Eliashberg equations converged in      1 iterations
 
Temperature (kelvin) :    609.0300879    
Number of Matsubara frequencies
 phonons :        8
 Coulomb :        8
Eliashberg equations converged in      1 iterations
 
Temperature (kelvin) :    615.0671209    
Number of Matsubara frequencies
 phonons :        8
 Coulomb :        8
Eliashberg equations converged in      1 iterations
 
Temperature (kelvin) :    621.1041538    
Number of Matsubara frequencies
 phonons :        8
 Coulomb :        8
Eliashberg equations converged in      1 iterations
 
Temperature (kelvin) :    627.1411868    
Number of Matsubara frequencies
 phonons :        8
 Coulomb :        8
Eliashberg equations converged in      1 iterations
 
Temperature (kelvin) :    633.1782197    
Number of Matsubara frequencies
 phonons :        8
 Coulomb :        8
Eliashberg equations converged in      1 iterations
 
Temperature (kelvin) :    639.2152527    
Number of Matsubara frequencies
 phonons :        8
 Coulomb :        8
Eliashberg equations converged in      1 iterations
