+------------------------------+
|     Eliashberg equations     |
+------------------------------+
 
Temperature range :    32.57821140       586.4078052    
Number of temperature steps :    100
Number of output frequencies :     2000
Fermionic Matsubara frequency cut-off
 phonons :   0.9586099383E-01
 Coulomb :   0.4793049691E-02
 
Temperature (kelvin) :    38.11650734    
Number of Matsubara frequencies
 phonons :      126
 Coulomb :      126
Eliashberg equations converged in     94 iterations
 
Temperature (kelvin) :    43.65480328    
Number of Matsubara frequencies
 phonons :      110
 Coulomb :      110
Eliashberg equations converged in     75 iterations
 
Temperature (kelvin) :    49.19309922    
Number of Matsubara frequencies
 phonons :       98
 Coulomb :       98
Eliashberg equations converged in     74 iterations
 
Temperature (kelvin) :    54.73139515    
Number of Matsubara frequencies
 phonons :       88
 Coulomb :       88
Eliashberg equations converged in     74 iterations
 
Temperature (kelvin) :    60.26969109    
Number of Matsubara frequencies
 phonons :       80
 Coulomb :       80
Eliashberg equations converged in     73 iterations
 
Temperature (kelvin) :    65.80798703    
Number of Matsubara frequencies
 phonons :       73
 Coulomb :       73
Eliashberg equations converged in     73 iterations
 
Temperature (kelvin) :    71.34628297    
Number of Matsubara frequencies
 phonons :       68
 Coulomb :       68
Eliashberg equations converged in     73 iterations
 
Temperature (kelvin) :    76.88457891    
Number of Matsubara frequencies
 phonons :       63
 Coulomb :       63
Eliashberg equations converged in     73 iterations
 
Temperature (kelvin) :    82.42287484    
Number of Matsubara frequencies
 phonons :       58
 Coulomb :       58
Eliashberg equations converged in     73 iterations
 
Temperature (kelvin) :    87.96117078    
Number of Matsubara frequencies
 phonons :       55
 Coulomb :       55
Eliashberg equations converged in     73 iterations
 
Temperature (kelvin) :    93.49946672    
Number of Matsubara frequencies
 phonons :       52
 Coulomb :       52
Eliashberg equations converged in     73 iterations
 
Temperature (kelvin) :    99.03776266    
Number of Matsubara frequencies
 phonons :       49
 Coulomb :       49
Eliashberg equations converged in     74 iterations
 
Temperature (kelvin) :    104.5760586    
Number of Matsubara frequencies
 phonons :       46
 Coulomb :       46
Eliashberg equations converged in     75 iterations
 
Temperature (kelvin) :    110.1143545    
Number of Matsubara frequencies
 phonons :       44
 Coulomb :       44
Eliashberg equations converged in     76 iterations
 
Temperature (kelvin) :    115.6526505    
Number of Matsubara frequencies
 phonons :       42
 Coulomb :       42
Eliashberg equations converged in     77 iterations
 
Temperature (kelvin) :    121.1909464    
Number of Matsubara frequencies
 phonons :       40
 Coulomb :       40
Eliashberg equations converged in     79 iterations
 
Temperature (kelvin) :    126.7292424    
Number of Matsubara frequencies
 phonons :       38
 Coulomb :       38
Eliashberg equations converged in     81 iterations
 
Temperature (kelvin) :    132.2675383    
Number of Matsubara frequencies
 phonons :       36
 Coulomb :       36
Eliashberg equations converged in     83 iterations
 
Temperature (kelvin) :    137.8058342    
Number of Matsubara frequencies
 phonons :       35
 Coulomb :       35
Eliashberg equations converged in     86 iterations
 
Temperature (kelvin) :    143.3441302    
Number of Matsubara frequencies
 phonons :       34
 Coulomb :       34
Eliashberg equations converged in     89 iterations
 
Temperature (kelvin) :    148.8824261    
Number of Matsubara frequencies
 phonons :       32
 Coulomb :       32
Eliashberg equations converged in     93 iterations
 
Temperature (kelvin) :    154.4207220    
Number of Matsubara frequencies
 phonons :       31
 Coulomb :       31
Eliashberg equations converged in     97 iterations
 
Temperature (kelvin) :    159.9590180    
Number of Matsubara frequencies
 phonons :       30
 Coulomb :       30
Eliashberg equations converged in    103 iterations
 
Temperature (kelvin) :    165.4973139    
Number of Matsubara frequencies
 phonons :       29
 Coulomb :       29
Eliashberg equations converged in    109 iterations
 
Temperature (kelvin) :    171.0356099    
Number of Matsubara frequencies
 phonons :       28
 Coulomb :       28
Eliashberg equations converged in    117 iterations
 
Temperature (kelvin) :    176.5739058    
Number of Matsubara frequencies
 phonons :       27
 Coulomb :       27
Eliashberg equations converged in    126 iterations
 
Temperature (kelvin) :    182.1122017    
Number of Matsubara frequencies
 phonons :       26
 Coulomb :       26
Eliashberg equations converged in    137 iterations
 
Temperature (kelvin) :    187.6504977    
Number of Matsubara frequencies
 phonons :       26
 Coulomb :       26
Eliashberg equations converged in    149 iterations
 
Temperature (kelvin) :    193.1887936    
Number of Matsubara frequencies
 phonons :       25
 Coulomb :       25
Eliashberg equations converged in    167 iterations
 
Temperature (kelvin) :    198.7270895    
Number of Matsubara frequencies
 phonons :       24
 Coulomb :       24
Eliashberg equations converged in    189 iterations
 
Temperature (kelvin) :    204.2653855    
Number of Matsubara frequencies
 phonons :       24
 Coulomb :       24
Eliashberg equations converged in    216 iterations
 
Temperature (kelvin) :    209.8036814    
Number of Matsubara frequencies
 phonons :       23
 Coulomb :       23
Eliashberg equations converged in    257 iterations
 
Temperature (kelvin) :    215.3419774    
Number of Matsubara frequencies
 phonons :       22
 Coulomb :       22
Eliashberg equations converged in    317 iterations
 
Temperature (kelvin) :    220.8802733    
Number of Matsubara frequencies
 phonons :       22
 Coulomb :       22
Eliashberg equations converged in    409 iterations
 
Temperature (kelvin) :    226.4185692    
Number of Matsubara frequencies
 phonons :       21
 Coulomb :       21
Eliashberg equations converged in    601 iterations
 
Temperature (kelvin) :    231.9568652    
Number of Matsubara frequencies
 phonons :       21
 Coulomb :       21
Failed to converge: possibly close to T_c
 
Temperature (kelvin) :    237.4951611    
Number of Matsubara frequencies
 phonons :       20
 Coulomb :       20
Failed to converge: possibly close to T_c
 
Temperature (kelvin) :    243.0334571    
Number of Matsubara frequencies
 phonons :       20
 Coulomb :       20
Failed to converge: possibly close to T_c
 
Temperature (kelvin) :    248.5717530    
Number of Matsubara frequencies
 phonons :       19
 Coulomb :       19
Eliashberg equations converged in    696 iterations
 
Temperature (kelvin) :    254.1100489    
Number of Matsubara frequencies
 phonons :       19
 Coulomb :       19
Eliashberg equations converged in     25 iterations
 
Temperature (kelvin) :    259.6483449    
Number of Matsubara frequencies
 phonons :       19
 Coulomb :       19
Eliashberg equations converged in     14 iterations
 
Temperature (kelvin) :    265.1866408    
Number of Matsubara frequencies
 phonons :       18
 Coulomb :       18
Eliashberg equations converged in      1 iterations
 
Temperature (kelvin) :    270.7249367    
Number of Matsubara frequencies
 phonons :       18
 Coulomb :       18
Eliashberg equations converged in     13 iterations
 
Temperature (kelvin) :    276.2632327    
Number of Matsubara frequencies
 phonons :       17
 Coulomb :       17
Eliashberg equations converged in      1 iterations
 
Temperature (kelvin) :    281.8015286    
Number of Matsubara frequencies
 phonons :       17
 Coulomb :       17
Eliashberg equations converged in      7 iterations
 
Temperature (kelvin) :    287.3398246    
Number of Matsubara frequencies
 phonons :       17
 Coulomb :       17
Eliashberg equations converged in      1 iterations
 
Temperature (kelvin) :    292.8781205    
Number of Matsubara frequencies
 phonons :       16
 Coulomb :       16
Eliashberg equations converged in      1 iterations
 
Temperature (kelvin) :    298.4164164    
Number of Matsubara frequencies
 phonons :       16
 Coulomb :       16
Eliashberg equations converged in      4 iterations
 
Temperature (kelvin) :    303.9547124    
Number of Matsubara frequencies
 phonons :       16
 Coulomb :       16
Eliashberg equations converged in      1 iterations
 
Temperature (kelvin) :    309.4930083    
Number of Matsubara frequencies
 phonons :       16
 Coulomb :       16
Eliashberg equations converged in      1 iterations
 
Temperature (kelvin) :    315.0313042    
Number of Matsubara frequencies
 phonons :       15
 Coulomb :       15
Eliashberg equations converged in      1 iterations
 
Temperature (kelvin) :    320.5696002    
Number of Matsubara frequencies
 phonons :       15
 Coulomb :       15
Eliashberg equations converged in      1 iterations
 
Temperature (kelvin) :    326.1078961    
Number of Matsubara frequencies
 phonons :       15
 Coulomb :       15
Eliashberg equations converged in      1 iterations
 
Temperature (kelvin) :    331.6461921    
Number of Matsubara frequencies
 phonons :       15
 Coulomb :       15
Eliashberg equations converged in      1 iterations
 
Temperature (kelvin) :    337.1844880    
Number of Matsubara frequencies
 phonons :       14
 Coulomb :       14
Eliashberg equations converged in      1 iterations
 
Temperature (kelvin) :    342.7227839    
Number of Matsubara frequencies
 phonons :       14
 Coulomb :       14
Eliashberg equations converged in      1 iterations
 
Temperature (kelvin) :    348.2610799    
Number of Matsubara frequencies
 phonons :       14
 Coulomb :       14
Eliashberg equations converged in      1 iterations
 
Temperature (kelvin) :    353.7993758    
Number of Matsubara frequencies
 phonons :       14
 Coulomb :       14
Eliashberg equations converged in      1 iterations
 
Temperature (kelvin) :    359.3376718    
Number of Matsubara frequencies
 phonons :       13
 Coulomb :       13
Eliashberg equations converged in      1 iterations
 
Temperature (kelvin) :    364.8759677    
Number of Matsubara frequencies
 phonons :       13
 Coulomb :       13
Eliashberg equations converged in      1 iterations
 
Temperature (kelvin) :    370.4142636    
Number of Matsubara frequencies
 phonons :       13
 Coulomb :       13
Eliashberg equations converged in      1 iterations
 
Temperature (kelvin) :    375.9525596    
Number of Matsubara frequencies
 phonons :       13
 Coulomb :       13
Eliashberg equations converged in      1 iterations
 
Temperature (kelvin) :    381.4908555    
Number of Matsubara frequencies
 phonons :       13
 Coulomb :       13
Eliashberg equations converged in      1 iterations
 
Temperature (kelvin) :    387.0291514    
Number of Matsubara frequencies
 phonons :       12
 Coulomb :       12
Eliashberg equations converged in      1 iterations
 
Temperature (kelvin) :    392.5674474    
Number of Matsubara frequencies
 phonons :       12
 Coulomb :       12
Eliashberg equations converged in      1 iterations
 
Temperature (kelvin) :    398.1057433    
Number of Matsubara frequencies
 phonons :       12
 Coulomb :       12
Eliashberg equations converged in      1 iterations
 
Temperature (kelvin) :    403.6440393    
Number of Matsubara frequencies
 phonons :       12
 Coulomb :       12
Eliashberg equations converged in      1 iterations
 
Temperature (kelvin) :    409.1823352    
Number of Matsubara frequencies
 phonons :       12
 Coulomb :       12
Eliashberg equations converged in      1 iterations
 
Temperature (kelvin) :    414.7206311    
Number of Matsubara frequencies
 phonons :       12
 Coulomb :       12
Eliashberg equations converged in      1 iterations
 
Temperature (kelvin) :    420.2589271    
Number of Matsubara frequencies
 phonons :       11
 Coulomb :       11
Eliashberg equations converged in      1 iterations
 
Temperature (kelvin) :    425.7972230    
Number of Matsubara frequencies
 phonons :       11
 Coulomb :       11
Eliashberg equations converged in      1 iterations
 
Temperature (kelvin) :    431.3355190    
Number of Matsubara frequencies
 phonons :       11
 Coulomb :       11
Eliashberg equations converged in      1 iterations
 
Temperature (kelvin) :    436.8738149    
Number of Matsubara frequencies
 phonons :       11
 Coulomb :       11
Eliashberg equations converged in      1 iterations
 
Temperature (kelvin) :    442.4121108    
Number of Matsubara frequencies
 phonons :       11
 Coulomb :       11
Eliashberg equations converged in      1 iterations
 
Temperature (kelvin) :    447.9504068    
Number of Matsubara frequencies
 phonons :       11
 Coulomb :       11
Eliashberg equations converged in      1 iterations
 
Temperature (kelvin) :    453.4887027    
Number of Matsubara frequencies
 phonons :       11
 Coulomb :       11
Eliashberg equations converged in      1 iterations
 
Temperature (kelvin) :    459.0269986    
Number of Matsubara frequencies
 phonons :       10
 Coulomb :       10
Eliashberg equations converged in      1 iterations
 
Temperature (kelvin) :    464.5652946    
Number of Matsubara frequencies
 phonons :       10
 Coulomb :       10
Eliashberg equations converged in      1 iterations
 
Temperature (kelvin) :    470.1035905    
Number of Matsubara frequencies
 phonons :       10
 Coulomb :       10
Eliashberg equations converged in      1 iterations
 
Temperature (kelvin) :    475.6418865    
Number of Matsubara frequencies
 phonons :       10
 Coulomb :       10
Eliashberg equations converged in      1 iterations
 
Temperature (kelvin) :    481.1801824    
Number of Matsubara frequencies
 phonons :       10
 Coulomb :       10
Eliashberg equations converged in      1 iterations
 
Temperature (kelvin) :    486.7184783    
Number of Matsubara frequencies
 phonons :       10
 Coulomb :       10
Eliashberg equations converged in      1 iterations
 
Temperature (kelvin) :    492.2567743    
Number of Matsubara frequencies
 phonons :       10
 Coulomb :       10
Eliashberg equations converged in      1 iterations
 
Temperature (kelvin) :    497.7950702    
Number of Matsubara frequencies
 phonons :       10
 Coulomb :       10
Eliashberg equations converged in      1 iterations
 
Temperature (kelvin) :    503.3333661    
Number of Matsubara frequencies
 phonons :       10
 Coulomb :       10
Eliashberg equations converged in      1 iterations
 
Temperature (kelvin) :    508.8716621    
Number of Matsubara frequencies
 phonons :        9
 Coulomb :        9
Eliashberg equations converged in      1 iterations
 
Temperature (kelvin) :    514.4099580    
Number of Matsubara frequencies
 phonons :        9
 Coulomb :        9
Eliashberg equations converged in      1 iterations
 
Temperature (kelvin) :    519.9482540    
Number of Matsubara frequencies
 phonons :        9
 Coulomb :        9
Eliashberg equations converged in      1 iterations
 
Temperature (kelvin) :    525.4865499    
Number of Matsubara frequencies
 phonons :        9
 Coulomb :        9
Eliashberg equations converged in      1 iterations
 
Temperature (kelvin) :    531.0248458    
Number of Matsubara frequencies
 phonons :        9
 Coulomb :        9
Eliashberg equations converged in      1 iterations
 
Temperature (kelvin) :    536.5631418    
Number of Matsubara frequencies
 phonons :        9
 Coulomb :        9
Eliashberg equations converged in      1 iterations
 
Temperature (kelvin) :    542.1014377    
Number of Matsubara frequencies
 phonons :        9
 Coulomb :        9
Eliashberg equations converged in      1 iterations
 
Temperature (kelvin) :    547.6397337    
Number of Matsubara frequencies
 phonons :        9
 Coulomb :        9
Eliashberg equations converged in      1 iterations
 
Temperature (kelvin) :    553.1780296    
Number of Matsubara frequencies
 phonons :        9
 Coulomb :        9
Eliashberg equations converged in      1 iterations
 
Temperature (kelvin) :    558.7163255    
Number of Matsubara frequencies
 phonons :        9
 Coulomb :        9
Eliashberg equations converged in      1 iterations
 
Temperature (kelvin) :    564.2546215    
Number of Matsubara frequencies
 phonons :        9
 Coulomb :        9
Eliashberg equations converged in      1 iterations
 
Temperature (kelvin) :    569.7929174    
Number of Matsubara frequencies
 phonons :        8
 Coulomb :        8
Eliashberg equations converged in      1 iterations
 
Temperature (kelvin) :    575.3312133    
Number of Matsubara frequencies
 phonons :        8
 Coulomb :        8
Eliashberg equations converged in      1 iterations
 
Temperature (kelvin) :    580.8695093    
Number of Matsubara frequencies
 phonons :        8
 Coulomb :        8
Eliashberg equations converged in      1 iterations
 
Temperature (kelvin) :    586.4078052    
Number of Matsubara frequencies
 phonons :        8
 Coulomb :        8
Eliashberg equations converged in      1 iterations
