1.0425e-05 0.561925E-07
3.12754e-05 0.151720E-05
5.2126e-05 0.702407E-05
7.2976e-05 0.192740E-04
9.38265e-05 0.409644E-04
0.000114677 0.747923E-04
0.000135528 0.123455E-03
0.000156378 0.189650E-03
0.000177228 0.276074E-03
0.000198079 0.385425E-03
0.000218929 0.520399E-03
0.00023978 0.683695E-03
0.00026063 0.878009E-03
0.00028148 0.110604E-02
0.000302331 0.137048E-02
0.000323181 0.167403E-02
0.000344031 0.201939E-02
0.000364882 0.240926E-02
0.000385732 0.284632E-02
0.000406583 0.333329E-02
0.000427433 0.387285E-02
0.000448283 0.446770E-02
0.000469134 0.139825E-01
0.000489984 0.250580E-01
0.000510835 0.275664E-01
0.000531685 0.257065E-01
0.000552535 0.304298E-01
0.000573385 0.366929E-01
0.000594235 0.436826E-01
0.000615085 0.511646E-01
0.000635935 0.583996E-01
0.000656785 0.653329E-01
0.000677635 0.724364E-01
0.00069849 0.795845E-01
0.00071934 0.866514E-01
0.00074019 0.935115E-01
0.00076104 0.100306E+00
0.00078189 0.117605E+00
0.00080274 0.137989E+00
0.00082359 0.192633E+00
0.00084444 0.185401E+00
0.00086529 0.205037E+00
0.00088614 0.227423E+00
0.00090699 0.251996E+00
0.00092784 0.273277E+00
0.00094869 0.416281E+00
0.000969545 0.308978E+00
0.000990395 0.273107E+00
0.00101125 0.232827E+00
0.0010321 0.187689E+00
0.00105295 0.140524E+00
0.0010738 0.105848E+00
0.00109464 0.914797E-01
0.00111549 0.605837E-01
0.00113634 0.171288E-01
0.00115719 0.188871E-01
0.00117804 0.207626E-01
0.00119889 0.230332E-01
0.00121974 0.122091E+00
0.0012406 0.171901E+00
0.00126145 0.205930E+00
0.0012823 0.269363E+00
0.00130315 0.841487E-01
0.001324 0.285825E-01
0.00134485 0.704270E-02
0.0013657 0.571097E-03
0.00138655 0.000000E+00
0.0014074 0.000000E+00
0.00142825 0.000000E+00
0.0014491 0.000000E+00
0.00146995 0.000000E+00
0.0014908 0.000000E+00
0.00151165 0.000000E+00
0.0015325 0.000000E+00
0.00155335 0.000000E+00
0.0015742 0.000000E+00
0.00159505 0.000000E+00
0.0016159 0.000000E+00
0.00163675 0.000000E+00
0.0016576 0.000000E+00
0.00167845 0.000000E+00
0.0016993 0.000000E+00
0.00172015 0.000000E+00
0.001741 0.000000E+00
0.00176186 0.000000E+00
0.00178271 0.000000E+00
0.00180356 0.000000E+00
0.00182441 0.000000E+00
0.00184526 0.000000E+00
0.00186611 0.000000E+00
0.00188696 0.000000E+00
0.00190781 0.000000E+00
0.00192866 0.000000E+00
0.00194951 0.000000E+00
0.00197036 0.000000E+00
0.00199121 0.000000E+00
0.00201206 0.000000E+00
0.00203291 0.000000E+00
0.00205376 0.000000E+00
0.00207462 0.000000E+00
0.00209546 0.000000E+00
0.00211632 0.000000E+00
0.00213716 0.000000E+00
0.00215802 0.000000E+00
0.00217886 0.000000E+00
0.00219972 0.000000E+00
0.00222056 0.000000E+00
0.00224142 0.000000E+00
0.00226226 0.000000E+00
0.00228312 0.000000E+00
0.00230396 0.000000E+00
0.00232482 0.000000E+00
0.00234567 0.000000E+00
0.00236652 0.000000E+00
0.00238737 0.000000E+00
0.00240822 0.000000E+00
0.00242907 0.000000E+00
0.00244992 0.000000E+00
0.00247077 0.000000E+00
0.00249162 0.000000E+00
0.00251247 0.000000E+00
0.00253332 0.000000E+00
0.00255417 0.122248E+00
0.00257502 0.220840E+00
0.00259588 0.276386E+00
0.00261672 0.333514E+00
0.00263758 0.392831E+00
0.00265842 0.454176E+00
0.00267928 0.517389E+00
0.00270012 0.582309E+00
0.00272098 0.648777E+00
0.00274182 0.716632E+00
0.00276268 0.785713E+00
0.00278352 0.855861E+00
0.00280438 0.107780E+01
0.00282522 0.104221E+01
0.00284607 0.101946E+01
0.00286693 0.106332E+01
0.00288778 0.110713E+01
0.00290863 0.115084E+01
0.00292948 0.119443E+01
0.00295033 0.123783E+01
0.00297118 0.128103E+01
0.00299203 0.134061E+01
0.00301288 0.140289E+01
0.00303373 0.145878E+01
0.00305458 0.150905E+01
0.00307543 0.155447E+01
0.00309628 0.159580E+01
0.00311713 0.163381E+01
0.00313798 0.171709E+01
0.00315884 0.137238E+01
0.00317968 0.114874E+01
0.00320054 0.112855E+01
0.00322138 0.123216E+01
0.00324223 0.135439E+01
0.00326309 0.150923E+01
0.00328393 0.167265E+01
0.00330479 0.179207E+01
0.00332563 0.185842E+01
0.00334649 0.187328E+01
0.00336733 0.184022E+01
0.00338819 0.176447E+01
0.00340904 0.166297E+01
0.00342989 0.155868E+01
0.00345074 0.146620E+01
0.00347159 0.137987E+01
0.00349244 0.129565E+01
0.00351329 0.121320E+01
0.00353414 0.114018E+01
0.00355499 0.108043E+01
0.00357584 0.102424E+01
0.00359669 0.956312E+00
0.00361754 0.903070E+00
0.00363839 0.855346E+00
0.00365924 0.808491E+00
0.00368009 0.761297E+00
0.00370095 0.708169E+00
0.00372179 0.648766E+00
0.00374265 0.594716E+00
0.00376349 0.558897E+00
0.00378435 0.522373E+00
0.00380519 0.485246E+00
0.00382605 0.424767E+00
0.00384689 0.364948E+00
0.00386775 0.304209E+00
0.00388859 0.253472E+00
0.00390945 0.212794E+00
0.0039303 0.182237E+00
0.00395114 0.161859E+00
0.003972 0.551004E+00
0.00399285 0.527790E+00
0.0040137 0.501536E+00
0.00403455 0.458471E+00
0.0040554 0.371690E+00
0.00407625 0.264762E+00
0.0040971 0.206449E+00
0.00411795 0.186747E+00
0.0041388 0.146370E+00
0.00415965 0.100952E+00
0.0041805 0.666150E-01
0.00420135 0.219783E+00
0.0042222 0.381133E+00
0.00424305 0.544841E+00
0.00426391 0.770771E+00
0.00428476 0.821050E+00
0.0043056 0.886528E+00
0.00432645 0.965586E+00
0.00434731 0.113883E+01
0.00436816 0.103684E+01
0.004389 0.869427E+00
0.00440985 0.722604E+00
0.00443071 0.469282E+00
0.00445156 0.289715E+00
0.0044724 0.249043E+00
0.00449325 0.259268E+00
0.00451411 0.292896E+00
0.00453496 0.358467E+00
0.00455581 0.494724E+00
0.00457666 0.803785E+00
0.00459751 0.106457E+01
0.00461836 0.119732E+01
0.00463921 0.119506E+01
0.00466006 0.136384E+01
0.00468091 0.128401E+01
0.00470176 0.140558E+01
0.00472261 0.121952E+01
0.00474346 0.116980E+01
0.00476431 0.113144E+01
0.00478517 0.103734E+01
0.00480602 0.981433E+00
0.00482686 0.913739E+00
0.00484771 0.832886E+00
0.00486857 0.716643E+00
0.00488942 0.671535E+00
0.00491026 0.649870E+00
0.00493111 0.638882E+00
0.00495197 0.627613E+00
0.00497282 0.609671E+00
0.00499367 0.587645E+00
0.0050145 0.554476E+00
0.00503535 0.509935E+00
0.0050562 0.454294E+00
0.00507705 0.387824E+00
0.0050979 0.318763E+00
0.00511875 0.282342E+00
0.0051396 0.287707E+00
0.00516045 0.309372E+00
0.0051813 0.376745E+00
0.00520215 0.470524E+00
0.005223 0.520772E+00
0.00524385 0.532119E+00
0.0052647 0.534424E+00
0.00528555 0.619335E+00
0.0053064 0.720802E+00
0.00532725 0.770867E+00
0.0053481 0.843470E+00
0.00536895 0.905554E+00
0.0053898 0.930827E+00
0.00541065 0.104322E+01
0.0054315 0.923427E+00
0.0054524 0.921983E+00
0.00547325 0.908042E+00
0.0054941 0.905454E+00
0.00551495 0.976704E+00
0.0055358 0.995027E+00
0.00555665 0.152357E+01
0.0055775 0.158792E+01
0.00559835 0.137237E+01
0.0056192 0.940386E+00
0.00564005 0.449988E+00
0.0056609 0.223591E+00
0.00568175 0.254733E+00
0.0057026 0.267616E+00
0.00572345 0.278661E+00
0.0057443 0.298697E+00
0.00576515 0.326826E+00
0.005786 0.367152E+00
0.00580685 0.423176E+00
0.0058277 0.549989E+00
0.00584855 0.609157E+00
0.0058694 0.724182E+00
0.00589025 0.707715E+00
0.0059111 0.743338E+00
0.00593195 0.854365E+00
0.0059528 0.814219E+00
0.00597365 0.821387E+00
0.0059945 0.822973E+00
0.00601535 0.840235E+00
0.0060362 0.919368E+00
0.00605705 0.100825E+01
0.0060779 0.108203E+01
0.00609875 0.122126E+01
0.0061196 0.138382E+01
0.00614045 0.104646E+01
0.0061613 0.977092E+00
0.00618215 0.109175E+01
0.006203 0.120122E+01
0.00622385 0.149644E+01
0.0062447 0.151765E+01
0.00626555 0.156570E+01
0.0062864 0.153953E+01
0.00630725 0.169704E+01
0.0063281 0.179541E+01
0.00634895 0.170283E+01
0.0063698 0.156011E+01
0.00639065 0.244445E+01
0.0064115 0.237813E+01
0.00643235 0.140664E+01
0.0064532 0.159567E+01
0.00647405 0.115107E+01
0.0064949 0.106111E+01
0.00651575 0.108701E+01
0.0065366 0.109846E+01
0.00655745 0.178415E+01
0.0065783 0.130424E+01
0.00659915 0.970566E+00
0.00662 0.822831E+00
0.00664085 0.879180E+00
0.0066617 0.914431E+00
0.00668255 0.601999E+00
0.0067034 0.589296E+00
0.00672425 0.601528E+00
0.0067451 0.604835E+00
0.00676595 0.600140E+00
0.0067868 0.609058E+00
0.00680765 0.686584E+00
0.0068285 0.750658E+00
0.00684935 0.788500E+00
0.0068702 0.792929E+00
0.00689105 0.848339E+00
0.0069119 0.938366E+00
0.00693275 0.103462E+01
0.0069536 0.965305E+00
0.00697445 0.111212E+01
0.0069953 0.119422E+01
0.00701615 0.133987E+01
0.007037 0.172759E+01
0.00705785 0.945286E+00
0.0070787 0.768099E+00
0.00709955 0.640180E+00
0.0071204 0.464143E+00
0.00714125 0.515730E+00
0.0071621 0.621429E+00
0.00718295 0.717331E+00
0.0072038 0.799343E+00
0.00722465 0.867659E+00
0.0072455 0.925129E+00
0.00726635 0.973253E+00
0.0072872 0.100890E+01
0.00730805 0.104046E+01
0.0073289 0.121875E+01
0.00734975 0.112013E+01
0.0073706 0.891267E+00
0.00739145 0.475819E+00
0.0074123 0.345282E+00
0.00743315 0.310067E+00
0.007454 0.292914E+00
0.00747485 0.301081E+00
0.0074957 0.328979E+00
0.00751655 0.397722E+00
0.0075374 0.546396E+00
0.00755825 0.591487E+00
0.0075791 0.535917E+00
0.00759995 0.517222E+00
0.0076208 0.421475E+00
0.00764165 0.356725E+00
0.0076625 0.329631E+00
0.00768335 0.421148E+00
0.0077042 0.507514E+00
0.00772505 0.649675E+00
0.0077459 0.727039E+00
0.00776675 0.647087E+00
0.0077876 0.672746E+00
0.00780845 0.776222E+00
0.0078293 0.844039E+00
0.00785015 0.977859E+00
0.007871 0.778868E+00
0.00789185 0.691362E+00
0.0079127 0.838717E+00
0.00793355 0.503407E+00
0.0079544 0.352615E+00
0.00797525 0.988787E+00
0.0079961 0.810607E+00
0.00801695 0.626531E+00
0.0080378 0.326320E+00
0.00805865 0.284403E+00
0.0080795 0.226890E+00
0.00810035 0.194269E+00
0.0081212 0.205908E+00
0.00814205 0.234933E+00
0.0081629 0.338341E+00
0.0081838 0.323864E+00
0.00820465 0.308083E+00
0.0082255 0.288509E+00
0.00824635 0.260207E+00
0.0082672 0.198299E+00
0.00828805 0.125852E+00
0.0083089 0.722006E-01
0.00832975 0.321292E-01
0.0083506 0.395723E-02
0.00837145 0.000000E+00
0.0083923 0.000000E+00
0.00841315 0.000000E+00
0.008434 0.000000E+00
0.00845485 0.000000E+00
0.0084757 0.000000E+00
0.00849655 0.000000E+00
0.0085174 0.703956E-02
0.00853825 0.442076E-01
0.0085591 0.187384E+00
0.00857995 0.569708E+00
0.0086008 0.588756E+00
0.00862165 0.238446E+00
0.0086425 0.206325E+00
0.00866335 0.177150E+00
0.0086842 0.150782E+00
0.00870505 0.127081E+00
0.0087259 0.105910E+00
0.00874675 0.871286E-01
0.0087676 0.705986E-01
0.00878845 0.146633E+00
0.0088093 0.207194E-01
0.00883015 0.148360E-01
0.008851 0.101885E-01
0.00887185 0.656660E-02
0.0088927 0.386067E-02
0.00891355 0.196117E-02
0.0089344 0.758541E-03
0.00895525 0.143205E-03
0.0089761 0.000000E+00
0.00899695 0.184633E-01
0.0090178 0.107808E+00
0.00903865 0.108906E+00
0.0090595 0.121374E+00
0.00908035 0.131163E+00
0.0091012 0.138340E+00
0.00912205 0.142973E+00
0.0091429 0.145129E+00
0.00916375 0.144877E+00
0.0091846 0.153984E+00
0.00920545 0.149750E+00
0.0092263 0.141703E+00
0.00924715 0.131079E+00
0.009268 0.118871E+00
0.00928885 0.104529E+00
0.0093097 0.776576E-01
0.00933055 0.740305E-01
0.0093514 0.705499E-01
0.00937225 0.672160E-01
0.0093931 0.640286E-01
0.00941395 0.609877E-01
0.0094348 0.580933E-01
0.00945565 0.553459E-01
0.0094765 0.527694E-01
0.00949735 0.503789E-01
0.0095182 0.481745E-01
0.00953905 0.461567E-01
0.0095599 0.443259E-01
0.00958075 0.426823E-01
0.0096016 0.419357E-01
0.00962245 0.408667E-01
0.0096433 0.394381E-01
0.00966415 0.379940E-01
0.009685 0.365412E-01
0.00970585 0.350862E-01
0.0097267 0.336357E-01
0.00974755 0.321962E-01
0.0097684 0.307744E-01
0.00978925 0.295619E-01
0.0098101 0.288172E-01
0.00983095 0.280685E-01
0.0098518 0.273175E-01
0.00987265 0.265662E-01
0.0098935 0.258164E-01
0.00991435 0.250700E-01
0.0099352 0.243288E-01
0.00995605 0.235947E-01
0.0099769 0.228696E-01
0.00999775 0.221553E-01
0.0100186 0.242272E-01
0.0100395 0.326478E-01
0.0100603 0.286909E-01
0.0100812 0.129423E-01
0.010102 0.126066E-01
0.0101228 0.120375E-01
0.0101437 0.112718E-01
0.0101645 0.103458E-01
0.0101854 0.929612E-02
0.0102063 0.815934E-02
0.0102271 0.697197E-02
0.010248 0.577055E-02
0.0102688 0.459161E-02
0.0102896 0.347170E-02
0.0103105 0.244735E-02
0.0103313 0.155509E-02
0.0103522 0.831474E-03
0.010373 0.313032E-03
0.0103939 0.363038E-04
0.0104148 0.000000E+00
