   38.11650734      0.1784838547E-02   2.885892004    
   43.65480328      0.1783737337E-02   2.885333069    
   49.19309922      0.1782638330E-02   2.884971896    
   54.73139515      0.1781047479E-02   2.884858912    
   60.26969109      0.1779276189E-02   2.885035744    
   65.80798703      0.1776904906E-02   2.885531203    
   71.34628297      0.1774787455E-02   2.886380968    
   76.88457891      0.1771511391E-02   2.887612190    
   82.42287484      0.1766936590E-02   2.889265114    
   87.96117078      0.1762819387E-02   2.891389234    
   93.49946672      0.1757335907E-02   2.894025550    
   99.03776266      0.1750316176E-02   2.897230817    
   104.5760586      0.1741580242E-02   2.901059754    
   110.1143545      0.1732182642E-02   2.905546374    
   115.6526505      0.1720852303E-02   2.910751912    
   121.1909464      0.1707406423E-02   2.916727272    
   126.7292424      0.1691655248E-02   2.923519296    
   132.2675383      0.1673399810E-02   2.931170495    
   137.8058342      0.1654133203E-02   2.939649191    
   143.3441302      0.1632154266E-02   2.949032923    
   148.8824261      0.1605323137E-02   2.959477318    
   154.4207220      0.1577131673E-02   2.970795376    
   159.9590180      0.1545506348E-02   2.983110506    
   165.4973139      0.1510147834E-02   2.996448151    
   171.0356099      0.1470708718E-02   3.010831845    
   176.5739058      0.1426777524E-02   3.026283560    
   182.1122017      0.1377856159E-02   3.042824025    
   187.6504977      0.1326562842E-02   3.060142203    
   193.1887936      0.1265956581E-02   3.078885963    
   198.7270895      0.1197984542E-02   3.098775683    
   204.2653855      0.1125585459E-02   3.119349685    
   209.8036814      0.1038686820E-02   3.141548267    
   215.3419774      0.9381602407E-03   3.164948775    
   220.8802733      0.8256618366E-03   3.188915272    
   226.4185692      0.6796959619E-03   3.214732607    
   231.9568652      0.4933004308E-03   3.241004076    
   237.4951611      0.1468688046E-03   3.267048567    
   243.0334571      0.8029057185E-06   3.269869002    
   248.5717530      0.5300743761E-09   3.269540898    
   254.1100489      0.3608036042E-09   3.269794010    
   259.6483449      0.2722731605E-09   3.270031182    
   265.1866408      0.2655201134E-09   3.269664438    
   270.7249367      0.1810909015E-09   3.269897211    
   276.2632327      0.1749905262E-09   3.269474756    
   281.8015286      0.1339100448E-09   3.269705792    
   287.3398246      0.1283621963E-09   3.269923668    
   292.8781205      0.1225105001E-09   3.269448319    
   298.4164164      0.1001935848E-09   3.269667575    
   303.9547124      0.9492198539E-10   3.269875018    
   309.4930083      0.8961464150E-10   3.270071481    
   315.0313042      0.8426345413E-10   3.269547371    
   320.5696002      0.7898420869E-10   3.269748239    
   326.1078961      0.7379616929E-10   3.269939014    
   331.6461921      0.6873116630E-10   3.270120360    
   337.1844880      0.6377330471E-10   3.269535226    
   342.7227839      0.5900899845E-10   3.269723600    
   348.2610799      0.5444235229E-10   3.269903107    
   353.7993758      0.5008728317E-10   3.270074293    
   359.3376718      0.4591971797E-10   3.269410845    
   364.8759677      0.4199679482E-10   3.269591585    
   370.4142636      0.3830993492E-10   3.269764322    
   375.9525596      0.3485891866E-10   3.269929522    
   381.4908555      0.3164123746E-10   3.270087615    
   387.0291514      0.2862884470E-10   3.269340796    
   392.5674474      0.2585042944E-10   3.269510822    
   398.1057433      0.2328970659E-10   3.269673840    
   403.6440393      0.2093710300E-10   3.269830230    
   409.1823352      0.1878237712E-10   3.269980346    
   414.7206311      0.1681478033E-10   3.270124518    
   420.2589271      0.1500966418E-10   3.269284221    
   425.7972230      0.1337634282E-10   3.269442513    
   431.3355190      0.1189851014E-10   3.269594781    
   436.8738149      0.1056465548E-10   3.269741326    
   442.4121108      0.9363662306E-11   3.269882430    
   447.9504068      0.8284843681E-11   3.270018361    
   453.4887027      0.7317985322E-11   3.270149367    
   459.0269986      0.6446926489E-11   3.269196990    
   464.5652946      0.5672427245E-11   3.269344200    
   470.1035905      0.4983370066E-11   3.269486267    
   475.6418865      0.4371486445E-11   3.269623428    
   481.1801824      0.3829148862E-11   3.269755906    
   486.7184783      0.3349334018E-11   3.269883911    
   492.2567743      0.2925592937E-11   3.270007642    
   497.7950702      0.2552022907E-11   3.270127288    
   503.3333661      0.2223239169E-11   3.270243025    
   508.8716621      0.1932189422E-11   3.269168685    
   514.4099580      0.1677799613E-11   3.269302307    
   519.9482540      0.1455185933E-11   3.269431707    
   525.4865499      0.1260647850E-11   3.269557060    
   531.0248458      0.1090878955E-11   3.269678533    
   536.5631418      0.9429273735E-12   3.269796284    
   542.1014377      0.8141615992E-12   3.269910463    
   547.6397337      0.7022399400E-12   3.270021214    
   553.1780296      0.6050826770E-12   3.270128672    
   558.7163255      0.5208464708E-12   3.270232966    
   564.2546215      0.4479007733E-12   3.270334219    
   569.7929174      0.3843249346E-12   3.269109694    
   575.3312133      0.3296125387E-12   3.269230355    
   580.8695093      0.2824438973E-12   3.269347601    
   586.4078052      0.2418180051E-12   3.269461560    
