   ******************************************
   *  Fit TB-model against ab initio data   *
   *        Least squares method            *
   ****************************************
 Problem : 

                    Test of fit input TB bandstructure (spd)                    

   Protocol                 : genalg.prt                                                  
   ab initio data           : energ.li                                                    
   TB paramters start       : fcc_s1.parm                                                 
   TB parameters final      : fcc_f.parm                                                  
   TB parameters fit cont.  : fcc_c.parm                                                  



   Dimension  Hamiltonian :   1
   FORM of input data     : STANDARD

   Fit method             : genetic algorithm

   Initial deviation      :   0.1124E+03
   Final deviation        :   0.6097E-10


  final fitness :    1.64006779E+10
         status :            0

                  In     |    Out 
   --------------------------------------
    GEN_INDIV  200         |     200
    GEN_GENER  500         |     500
     GEN_NUMB    6         |       6
    GEN_CROSS  0.8500E+00  |     0.8500E+00
   GEN_MUTMOD    2         |       2
   GEN_MUTINI  0.5000E-02  |     0.5000E-02
   GEN_MUTMIN  0.5000E-03  |     0.5000E-03
   GEN_MUTMAX  0.5000E+00  |     0.5000E+00
   GEN_RELFIT  0.1000E+01  |     0.1000E+01
   GEN_REPROD    1         |       1
   GEN_ELITIS    1         |       1
    GEN_PRINT    0         |       0

    GEN_XMIN  -0.2000E+00
    GEN_XMAX   0.1100E+01
    GEN_SEED   123456

   Initial parameter set
   ----------------------
   spd Papa (-0.25, +0.25)                                     

    1       (ss0)     0.05360
    2     (sss)_1     1.13150
    3     (sss)_2     0.19430
    4     (sss)_3     0.15650

   ********************************************
   *         Result of the fit                *
   *     parameter    initial      final      *
   ********************************************

    1         (ss0)     0.05360    0.109226E-05
    2       (sss)_1     1.13150    0.100000E+01
    3       (sss)_2     0.19430   -0.205636E-06
    4       (sss)_3     0.15650   -0.205636E-06
