9.6622e-06 0.152784E-07
2.8987e-05 0.412520E-06
4.83118e-05 0.190982E-05
6.76365e-05 0.524054E-05
8.69615e-05 0.111381E-04
0.000106286 0.203358E-04
0.000125611 0.335670E-04
0.000144936 0.515652E-04
0.000164261 0.750636E-04
0.000183586 0.104796E-03
0.000202911 0.141495E-03
0.000222235 0.185894E-03
0.00024156 0.238728E-03
0.000260885 0.300728E-03
0.00028021 0.372629E-03
0.000299535 0.455164E-03
0.000318859 0.549066E-03
0.000338184 0.655069E-03
0.000357509 0.773906E-03
0.000376833 0.906310E-03
0.000396158 0.105301E-02
0.000415483 0.121475E-02
0.000434808 0.139226E-02
0.000454133 0.158627E-02
0.000473457 0.179751E-02
0.000492783 0.202672E-02
0.000512105 0.227463E-02
0.00053143 0.254197E-02
0.000550755 0.282949E-02
0.00057008 0.551019E-02
0.000589405 0.629326E-02
0.00060873 0.712350E-02
0.000628055 0.800172E-02
0.00064738 0.892872E-02
0.000666705 0.990533E-02
0.00068603 0.109323E-01
0.000705355 0.153274E-01
0.00072468 0.160231E-01
0.000744005 0.171200E-01
0.00076333 0.189827E-01
0.000782655 0.210732E-01
0.00080198 0.233830E-01
0.000821305 0.259035E-01
0.00084063 0.286263E-01
0.000859955 0.315427E-01
0.00087928 0.346442E-01
0.000898605 0.379223E-01
0.00091793 0.484591E-01
0.000937255 0.543709E-01
0.00095658 0.581363E-01
0.000975905 0.651601E-01
0.00099523 0.677461E-01
0.00101456 0.751033E-01
0.00103388 0.843513E-01
0.0010532 0.964391E-01
0.00107252 0.110171E+00
0.00109185 0.125239E+00
0.00111118 0.133865E+00
0.0011305 0.146203E+00
0.00114982 0.173656E+00
0.00116915 0.192735E+00
0.00118848 0.212064E+00
0.0012078 0.225634E+00
0.00122712 0.242763E+00
0.00124645 0.274712E+00
0.00126578 0.330568E+00
0.0012851 0.348875E+00
0.00130442 0.401359E+00
0.00132375 0.444052E+00
0.00134307 0.293393E+00
0.0013624 0.271981E+00
0.00138173 0.275001E+00
0.00140105 0.281066E+00
0.00142037 0.309310E+00
0.0014397 0.328814E+00
0.00145903 0.343678E+00
0.00147835 0.365864E+00
0.00149767 0.528134E+00
0.001517 0.595669E+00
0.00153633 0.414491E+00
0.00155565 0.117291E+00
0.00157497 0.468658E-01
0.00159429 0.183876E-01
0.00161362 0.149330E-01
0.00163295 0.170373E-01
0.00165227 0.201930E-01
0.00167159 0.243582E-01
0.00169092 0.293177E-01
0.00171024 0.348509E-01
0.00172957 0.416438E-01
0.0017489 0.506511E-01
0.00176822 0.519920E-01
0.00178754 0.555497E-01
0.00180687 0.729178E-01
0.0018262 0.765685E-01
0.00184552 0.805560E-01
0.00186484 0.852268E-01
0.00188417 0.910432E-01
0.0019035 0.977509E-01
0.00192282 0.105209E+00
0.00194214 0.114804E+00
0.00196147 0.124241E+00
0.0019808 0.136264E+00
0.00200012 0.191111E+00
0.00201944 0.255475E+00
0.00203877 0.179838E+00
0.00205809 0.640617E-01
0.00207741 0.253396E-01
0.00209674 0.138412E-01
0.00211606 0.467340E-02
0.00213539 0.145556E-03
0.00215472 0.000000E+00
0.00217404 0.000000E+00
0.00219337 0.000000E+00
0.00221269 0.000000E+00
0.00223201 0.000000E+00
0.00225134 0.000000E+00
0.00227066 0.000000E+00
0.00228999 0.000000E+00
0.00230932 0.000000E+00
0.00232864 0.000000E+00
0.00234797 0.000000E+00
0.00236729 0.000000E+00
0.00238661 0.000000E+00
0.00240594 0.000000E+00
0.00242526 0.000000E+00
0.00244459 0.000000E+00
0.00246392 0.000000E+00
0.00248324 0.000000E+00
0.00250256 0.000000E+00
0.00252189 0.000000E+00
0.00254121 0.000000E+00
0.00256054 0.000000E+00
0.00257986 0.000000E+00
0.00259918 0.000000E+00
0.00261851 0.000000E+00
0.00263783 0.000000E+00
0.00265716 0.000000E+00
0.00267649 0.000000E+00
0.00269581 0.000000E+00
0.00271514 0.000000E+00
0.00273446 0.000000E+00
0.00275378 0.000000E+00
0.00277311 0.000000E+00
0.00279243 0.000000E+00
0.00281176 0.000000E+00
0.00283109 0.000000E+00
0.00285041 0.000000E+00
0.00286973 0.000000E+00
0.00288906 0.000000E+00
0.00290838 0.000000E+00
0.00292771 0.000000E+00
0.00294704 0.000000E+00
0.00296636 0.000000E+00
0.00298569 0.000000E+00
0.00300501 0.000000E+00
0.00302433 0.743673E-04
0.00304366 0.112759E-02
0.00306298 0.334184E-02
0.00308231 0.660877E-02
0.00310163 0.108201E-01
0.00312095 0.158674E-01
0.00314028 0.216423E-01
0.0031596 0.280367E-01
0.00317893 0.349420E-01
0.00319826 0.422501E-01
0.00321758 0.498524E-01
0.0032369 0.576408E-01
0.00325623 0.664463E-01
0.00327555 0.776688E-01
0.00329488 0.903649E-01
0.00331421 0.103519E+00
0.00333353 0.116117E+00
0.00335286 0.127142E+00
0.00337218 0.129628E+00
0.0033915 0.135082E+00
0.00341083 0.140337E+00
0.00343015 0.145401E+00
0.00344948 0.150281E+00
0.00346881 0.154983E+00
0.00348813 0.159517E+00
0.00350746 0.163888E+00
0.00352678 0.168105E+00
0.0035461 0.172175E+00
0.00356543 0.176104E+00
0.00358475 0.179902E+00
0.00360408 0.183574E+00
0.0036234 0.187129E+00
0.00364272 0.190573E+00
0.00366205 0.193915E+00
0.00368138 0.197161E+00
0.0037007 0.200319E+00
0.00372003 0.203396E+00
0.00373935 0.206400E+00
0.00375867 0.209338E+00
0.003778 0.212217E+00
0.00379732 0.215045E+00
0.00381665 0.217830E+00
0.00383598 0.220578E+00
0.0038553 0.223297E+00
0.00387463 0.225994E+00
0.00389395 0.228677E+00
0.00391327 0.231354E+00
0.0039326 0.240057E+00
0.00395193 0.332478E+00
0.00397125 0.558003E+00
0.00399057 0.686176E+00
0.0040099 0.713341E+00
0.00402922 0.788658E+00
0.00404855 0.863875E+00
0.00406788 0.938819E+00
0.0040872 0.101357E+01
0.00410652 0.108721E+01
0.00412585 0.115814E+01
0.00414517 0.122591E+01
0.00416449 0.129166E+01
0.00418382 0.138241E+01
0.00420315 0.149636E+01
0.00422247 0.161217E+01
0.00424179 0.177802E+01
0.00426112 0.219555E+01
0.00428044 0.246900E+01
0.00429977 0.270146E+01
0.0043191 0.279164E+01
0.00433842 0.282881E+01
0.00435774 0.276595E+01
0.00437707 0.276118E+01
0.00439639 0.274715E+01
0.00441572 0.288637E+01
0.00443505 0.308628E+01
0.00445437 0.311514E+01
0.00447369 0.301986E+01
0.00449302 0.297632E+01
0.00451235 0.297260E+01
0.00453167 0.294208E+01
0.004551 0.283669E+01
0.00457032 0.262473E+01
0.00458964 0.225560E+01
0.00460897 0.207630E+01
0.0046283 0.199441E+01
0.00464762 0.179131E+01
0.00466694 0.173396E+01
0.00468627 0.165420E+01
0.00470559 0.203799E+01
0.00472491 0.229997E+01
0.00474424 0.238643E+01
0.00476356 0.233890E+01
0.00478289 0.217240E+01
0.00480222 0.209234E+01
0.00482154 0.196992E+01
0.00484086 0.191057E+01
0.00486019 0.182674E+01
0.00487952 0.220947E+01
0.00489884 0.181271E+01
0.00491817 0.177584E+01
0.00493749 0.151555E+01
0.00495681 0.130654E+01
0.00497614 0.114063E+01
0.00499547 0.103267E+01
0.0050148 0.979702E+00
0.0050341 0.118716E+01
0.00505345 0.100450E+01
0.00507275 0.912852E+00
0.0050921 0.895780E+00
0.0051114 0.940772E+00
0.00513075 0.988521E+00
0.00515005 0.104276E+01
0.0051694 0.109596E+01
0.0051887 0.115115E+01
0.00520805 0.139209E+01
0.00522735 0.256189E+01
0.0052467 0.210602E+01
0.005266 0.239056E+01
0.00528535 0.223642E+01
0.00530465 0.214839E+01
0.005324 0.194604E+01
0.0053433 0.156616E+01
0.00536265 0.135923E+01
0.00538195 0.143798E+01
0.0054013 0.128627E+01
0.0054206 0.117069E+01
0.00543995 0.107746E+01
0.00545925 0.102151E+01
0.0054786 0.101370E+01
0.0054979 0.124165E+01
0.00551725 0.109074E+01
0.00553655 0.121191E+01
0.0055559 0.133037E+01
0.0055752 0.128387E+01
0.00559455 0.115195E+01
0.00561385 0.106805E+01
0.0056332 0.981841E+00
0.0056525 0.869472E+00
0.00567185 0.867287E+00
0.00569115 0.862633E+00
0.0057105 0.822921E+00
0.0057298 0.821658E+00
0.00574915 0.815727E+00
0.00576845 0.828747E+00
0.0057878 0.926445E+00
0.0058071 0.905779E+00
0.00582645 0.897790E+00
0.00584575 0.826052E+00
0.0058651 0.752158E+00
0.0058844 0.676022E+00
0.00590375 0.609107E+00
0.00592305 0.497203E+00
0.0059424 0.260857E+00
0.0059617 0.240826E+00
0.00598105 0.259131E+00
0.00600035 0.367690E+00
0.0060197 0.452920E+00
0.006039 0.527517E+00
0.00605835 0.575437E+00
0.00607765 0.513418E+00
0.006097 0.384486E+00
0.0061163 0.302648E+00
0.00613565 0.213968E+00
0.00615495 0.569156E+00
0.0061743 0.571119E+00
0.0061936 0.343913E+00
0.00621295 0.279261E+00
0.00623225 0.221827E+00
0.0062516 0.244062E+00
0.0062709 0.348205E+00
0.00629025 0.611106E+00
0.00630955 0.753584E+00
0.0063289 0.695542E+00
0.0063482 0.637019E+00
0.00636755 0.571534E+00
0.00638685 0.627918E+00
0.0064062 0.490469E+00
0.0064255 0.431877E+00
0.00644485 0.332777E+00
0.00646415 0.261314E+00
0.00648345 0.291945E+00
0.0065028 0.332546E+00
0.0065221 0.389643E+00
0.00654145 0.470454E+00
0.00656075 0.537022E+00
0.0065801 0.653753E+00
0.0065994 0.518545E+00
0.00661875 0.396893E+00
0.00663805 0.323803E+00
0.0066574 0.211657E+00
0.0066767 0.207637E+00
0.00669605 0.456161E+00
0.00671535 0.652207E+00
0.0067347 0.456943E+00
0.006754 0.398007E+00
0.00677335 0.401289E+00
0.00679265 0.410450E+00
0.006812 0.346909E+00
0.0068313 0.327678E+00
0.00685065 0.304874E+00
0.00686995 0.294225E+00
0.0068893 0.308163E+00
0.0069086 0.142916E+00
0.00692795 0.148805E+00
0.00694725 0.167996E+00
0.0069666 0.258539E+00
0.0069859 0.312840E+00
0.00700525 0.147940E+00
0.00702455 0.151051E+00
0.0070439 0.162791E+00
0.0070632 0.252242E+00
0.00708255 0.385855E+00
0.00710185 0.352907E+00
0.0071212 0.188162E+00
0.0071405 0.117934E+00
0.00715985 0.104565E+00
0.00717915 0.996685E-01
0.0071985 0.104595E+00
0.0072178 0.120053E+00
0.00723715 0.165211E+00
0.00725645 0.171779E+00
0.0072758 0.175097E+00
0.0072951 0.181707E+00
0.00731445 0.202984E+00
0.00733375 0.235719E+00
0.0073531 0.139966E+00
0.0073724 0.108804E+00
0.00739175 0.858136E-01
0.00741105 0.776128E-01
0.0074304 0.865225E-01
0.0074497 0.139763E+00
0.00746905 0.174585E+00
0.00748835 0.177840E+00
0.0075077 0.180340E+00
0.007527 0.181964E+00
0.00754635 0.186410E+00
0.00756565 0.191122E+00
0.007585 0.192359E+00
0.0076043 0.191810E+00
0.00762365 0.164116E+00
0.00764295 0.149511E+00
0.0076623 0.136629E+00
0.0076816 0.137497E+00
0.00770095 0.128836E+00
0.00772025 0.116630E+00
0.0077396 0.104298E+00
0.0077589 0.916036E-01
0.00777825 0.699134E-01
0.00779755 0.700181E-01
0.0078169 0.718003E-01
0.0078362 0.748743E-01
0.00785555 0.783233E-01
0.00787485 0.819802E-01
0.0078942 0.886534E-01
0.0079135 0.908284E-01
0.00793285 0.927273E-01
0.00795215 0.948783E-01
0.0079715 0.957777E-01
0.0079908 0.986802E-01
0.00801015 0.102979E+00
0.00802945 0.974917E-01
0.0080488 0.962007E-01
0.0080681 0.948502E-01
0.00808745 0.934733E-01
0.00810675 0.921028E-01
0.0081261 0.907719E-01
0.0081454 0.895135E-01
0.00816475 0.883607E-01
0.00818405 0.868780E-01
0.0082034 0.860691E-01
0.0082227 0.866850E-01
0.00824205 0.891652E-01
0.00826135 0.935795E-01
0.0082807 0.964471E-01
0.0083 0.916247E-01
0.00831935 0.864386E-01
0.00833865 0.822352E-01
0.008358 0.105556E+00
0.0083773 0.963432E-01
0.00839665 0.975110E-01
0.00841595 0.981716E-01
0.0084353 0.984877E-01
0.0084546 0.986858E-01
0.00847395 0.990830E-01
0.00849325 0.994569E-01
0.0085126 0.999843E-01
0.0085319 0.117870E+00
0.00855125 0.108593E+00
0.00857055 0.100219E+00
0.0085899 0.100799E+00
0.0086092 0.102244E+00
0.00862855 0.102575E+00
0.00864785 0.102617E+00
0.0086672 0.102823E+00
0.0086865 0.857085E-01
0.00870585 0.833990E-01
0.00872515 0.812424E-01
0.0087445 0.983450E-01
0.0087638 0.869410E-01
0.00878315 0.883452E-01
0.00880245 0.903465E-01
0.0088218 0.188535E+00
0.0088411 0.386875E+00
0.00886045 0.195756E+00
0.00887975 0.155221E+00
0.0088991 0.140624E+00
0.0089184 0.132517E+00
0.00893775 0.125260E+00
0.00895705 0.118726E+00
0.0089764 0.112896E+00
0.0089957 0.107754E+00
0.00901505 0.103284E+00
0.00903435 0.994904E-01
0.0090537 0.963897E-01
0.009073 0.940136E-01
0.0090923 0.922429E-01
0.00911165 0.912531E-01
0.00913095 0.882049E-01
0.0091503 0.874243E-01
0.0091696 0.950420E-01
0.00918895 0.833838E-01
0.00920825 0.762824E-01
0.0092276 0.733713E-01
0.0092469 0.703042E-01
0.00926625 0.671236E-01
0.00928555 0.639387E-01
0.0093049 0.608424E-01
0.0093242 0.579156E-01
0.00934355 0.552394E-01
0.00936285 0.528949E-01
0.0093822 0.528004E-01
0.0094015 0.750577E-01
0.00942085 0.452796E-01
0.00944015 0.445441E-01
0.0094595 0.437391E-01
0.0094788 0.457207E-01
0.00949815 0.436745E-01
0.00951745 0.406342E-01
0.0095368 0.370021E-01
0.0095561 0.331801E-01
0.00957545 0.478404E-01
0.00959475 0.461097E-01
0.0096141 0.270658E-01
0.0096334 0.417183E-02
0.00965275 0.000000E+00
